<?xml version="1.0" encoding="UTF-8"?>
<coverage generated="1727819477882" clover="3.2.0">
  <project timestamp="1727819477883" name="All files">
    <metrics statements="728" coveredstatements="560" conditionals="133" coveredconditionals="87" methods="86" coveredmethods="58" elements="947" coveredelements="705" complexity="0" loc="728" ncloc="728" packages="6" files="43" classes="43"/>
    <package name="app">
      <metrics statements="78" coveredstatements="69" conditionals="16" coveredconditionals="10" methods="8" coveredmethods="6"/>
      <file name="auth.js" path="/app/auth.js">
        <metrics statements="11" coveredstatements="9" conditionals="6" coveredconditionals="3" methods="2" coveredmethods="2"/>
        <line num="6" count="35" type="stmt"/>
        <line num="7" count="66" type="stmt"/>
        <line num="8" count="66" type="stmt"/>
        <line num="10" count="66" type="cond" truecount="1" falsecount="1"/>
        <line num="12" count="66" type="stmt"/>
        <line num="13" count="66" type="cond" truecount="1" falsecount="1"/>
        <line num="14" count="0" type="stmt"/>
        <line num="16" count="66" type="cond" truecount="1" falsecount="1"/>
        <line num="17" count="0" type="stmt"/>
        <line num="19" count="66" type="stmt"/>
        <line num="20" count="66" type="stmt"/>
      </file>
      <file name="config.js" path="/app/config.js">
        <metrics statements="2" coveredstatements="2" conditionals="2" coveredconditionals="1" methods="0" coveredmethods="0"/>
        <line num="2" count="35" type="stmt"/>
        <line num="4" count="35" type="stmt"/>
      </file>
      <file name="error.js" path="/app/error.js">
        <metrics statements="5" coveredstatements="1" conditionals="0" coveredconditionals="0" methods="1" coveredmethods="0"/>
        <line num="1" count="35" type="stmt"/>
        <line num="3" count="0" type="stmt"/>
        <line num="6" count="0" type="stmt"/>
        <line num="9" count="0" type="stmt"/>
        <line num="11" count="0" type="stmt"/>
      </file>
      <file name="logger.js" path="/app/logger.js">
        <metrics statements="5" coveredstatements="5" conditionals="2" coveredconditionals="1" methods="1" coveredmethods="1"/>
        <line num="4" count="35" type="stmt"/>
        <line num="7" count="35" type="stmt"/>
        <line num="8" count="119" type="stmt"/>
        <line num="12" count="35" type="stmt"/>
        <line num="41" count="35" type="stmt"/>
      </file>
      <file name="server.js" path="/app/server.js">
        <metrics statements="22" coveredstatements="20" conditionals="2" coveredconditionals="1" methods="1" coveredmethods="0"/>
        <line num="30" count="35" type="stmt"/>
        <line num="33" count="35" type="stmt"/>
        <line num="37" count="35" type="stmt"/>
        <line num="39" count="35" type="stmt"/>
        <line num="40" count="35" type="stmt"/>
        <line num="42" count="35" type="stmt"/>
        <line num="48" count="35" type="stmt"/>
        <line num="49" count="35" type="stmt"/>
        <line num="50" count="35" type="stmt"/>
        <line num="51" count="35" type="stmt"/>
        <line num="52" count="35" type="stmt"/>
        <line num="53" count="35" type="stmt"/>
        <line num="54" count="35" type="stmt"/>
        <line num="55" count="35" type="stmt"/>
        <line num="56" count="35" type="stmt"/>
        <line num="57" count="35" type="stmt"/>
        <line num="58" count="35" type="stmt"/>
        <line num="59" count="35" type="stmt"/>
        <line num="62" count="35" type="stmt"/>
        <line num="72" count="35" type="cond" truecount="1" falsecount="1"/>
        <line num="73" count="0" type="stmt"/>
        <line num="74" count="0" type="stmt"/>
      </file>
      <file name="serverTest.js" path="/app/serverTest.js">
        <metrics statements="30" coveredstatements="29" conditionals="4" coveredconditionals="4" methods="3" coveredmethods="3"/>
        <line num="7" count="28" type="stmt"/>
        <line num="8" count="29" type="stmt"/>
        <line num="9" count="29" type="stmt"/>
        <line num="11" count="29" type="stmt"/>
        <line num="21" count="29" type="stmt"/>
        <line num="29" count="29" type="stmt"/>
        <line num="38" count="29" type="stmt"/>
        <line num="44" count="29" type="stmt"/>
        <line num="53" count="29" type="stmt"/>
        <line num="64" count="29" type="stmt"/>
        <line num="74" count="29" type="stmt"/>
        <line num="80" count="29" type="stmt"/>
        <line num="86" count="29" type="stmt"/>
        <line num="93" count="29" type="stmt"/>
        <line num="101" count="0" type="stmt"/>
        <line num="108" count="28" type="stmt"/>
        <line num="109" count="29" type="stmt"/>
        <line num="111" count="29" type="stmt"/>
        <line num="112" count="29" type="stmt"/>
        <line num="113" count="28" type="stmt"/>
        <line num="116" count="28" type="stmt"/>
        <line num="117" count="28" type="stmt"/>
        <line num="118" count="28" type="stmt"/>
        <line num="119" count="28" type="stmt"/>
        <line num="121" count="2" type="stmt"/>
        <line num="125" count="28" type="stmt"/>
        <line num="126" count="46" type="stmt"/>
        <line num="127" count="46" type="cond" truecount="2" falsecount="0"/>
        <line num="128" count="45" type="cond" truecount="2" falsecount="0"/>
        <line num="129" count="32" type="stmt"/>
      </file>
      <file name="swagger.js" path="/app/swagger.js">
        <metrics statements="3" coveredstatements="3" conditionals="0" coveredconditionals="0" methods="0" coveredmethods="0"/>
        <line num="3" count="35" type="stmt"/>
        <line num="6" count="35" type="stmt"/>
        <line num="29" count="35" type="stmt"/>
      </file>
    </package>
    <package name="app.controllers">
      <metrics statements="433" coveredstatements="340" conditionals="80" coveredconditionals="63" methods="49" coveredmethods="36"/>
      <file name="article.controller.js" path="/app/controllers/article.controller.js">
        <metrics statements="54" coveredstatements="46" conditionals="2" coveredconditionals="2" methods="7" coveredmethods="5"/>
        <line num="6" count="35" type="stmt"/>
        <line num="7" count="4" type="stmt"/>
        <line num="9" count="4" type="stmt"/>
        <line num="11" count="4" type="stmt"/>
        <line num="13" count="4" type="stmt"/>
        <line num="14" count="4" type="stmt"/>
        <line num="16" count="1" type="stmt"/>
        <line num="20" count="3" type="stmt"/>
        <line num="21" count="3" type="stmt"/>
        <line num="23" count="1" type="stmt"/>
        <line num="26" count="2" type="stmt"/>
        <line num="29" count="2" type="stmt"/>
        <line num="41" count="1" type="stmt"/>
        <line num="43" count="1" type="stmt"/>
        <line num="44" count="1" type="stmt"/>
        <line num="47" count="35" type="stmt"/>
        <line num="49" count="2" type="stmt"/>
        <line num="50" count="2" type="stmt"/>
        <line num="51" count="1" type="stmt"/>
        <line num="53" count="1" type="stmt"/>
        <line num="58" count="35" type="stmt"/>
        <line num="60" count="5" type="stmt"/>
        <line num="62" count="5" type="stmt"/>
        <line num="63" count="5" type="stmt"/>
        <line num="64" count="1" type="stmt"/>
        <line num="66" count="4" type="stmt"/>
        <line num="71" count="35" type="stmt"/>
        <line num="72" count="4" type="stmt"/>
        <line num="75" count="4" type="stmt"/>
        <line num="76" count="4" type="stmt"/>
        <line num="78" count="1" type="stmt"/>
        <line num="81" count="3" type="cond" truecount="2" falsecount="0"/>
        <line num="83" count="2" type="stmt"/>
        <line num="84" count="2" type="stmt"/>
        <line num="86" count="1" type="stmt"/>
        <line num="89" count="1" type="stmt"/>
        <line num="93" count="35" type="stmt"/>
        <line num="94" count="4" type="stmt"/>
        <line num="95" count="4" type="stmt"/>
        <line num="97" count="4" type="stmt"/>
        <line num="98" count="4" type="stmt"/>
        <line num="99" count="3" type="stmt"/>
        <line num="101" count="1" type="stmt"/>
        <line num="103" count="3" type="stmt"/>
        <line num="129" count="35" type="stmt"/>
        <line num="132" count="0" type="stmt"/>
        <line num="133" count="0" type="stmt"/>
        <line num="135" count="0" type="stmt"/>
        <line num="138" count="0" type="stmt"/>
        <line num="143" count="35" type="stmt"/>
        <line num="146" count="0" type="stmt"/>
        <line num="147" count="0" type="stmt"/>
        <line num="149" count="0" type="stmt"/>
        <line num="151" count="0" type="stmt"/>
      </file>
      <file name="cart.controller.js" path="/app/controllers/cart.controller.js">
        <metrics statements="42" coveredstatements="42" conditionals="12" coveredconditionals="12" methods="4" coveredmethods="4"/>
        <line num="5" count="35" type="stmt"/>
        <line num="7" count="3" type="stmt"/>
        <line num="9" count="3" type="stmt"/>
        <line num="10" count="3" type="stmt"/>
        <line num="27" count="1" type="stmt"/>
        <line num="28" count="1" type="stmt"/>
        <line num="31" count="2" type="cond" truecount="2" falsecount="0"/>
        <line num="32" count="1" type="stmt"/>
        <line num="35" count="1" type="stmt"/>
        <line num="39" count="35" type="stmt"/>
        <line num="42" count="3" type="stmt"/>
        <line num="44" count="3" type="stmt"/>
        <line num="45" count="3" type="cond" truecount="2" falsecount="0"/>
        <line num="46" count="1" type="stmt"/>
        <line num="49" count="2" type="stmt"/>
        <line num="51" count="2" type="stmt"/>
        <line num="54" count="1" type="stmt"/>
        <line num="55" count="1" type="stmt"/>
        <line num="58" count="1" type="stmt"/>
        <line num="63" count="35" type="stmt"/>
        <line num="64" count="4" type="stmt"/>
        <line num="65" count="4" type="stmt"/>
        <line num="66" count="4" type="stmt"/>
        <line num="69" count="4" type="cond" truecount="4" falsecount="0"/>
        <line num="70" count="1" type="stmt"/>
        <line num="73" count="3" type="stmt"/>
        <line num="74" count="3" type="cond" truecount="2" falsecount="0"/>
        <line num="75" count="1" type="stmt"/>
        <line num="78" count="2" type="stmt"/>
        <line num="79" count="1" type="stmt"/>
        <line num="81" count="1" type="stmt"/>
        <line num="82" count="1" type="stmt"/>
        <line num="87" count="35" type="stmt"/>
        <line num="88" count="3" type="stmt"/>
        <line num="90" count="3" type="stmt"/>
        <line num="91" count="3" type="cond" truecount="2" falsecount="0"/>
        <line num="92" count="1" type="stmt"/>
        <line num="95" count="2" type="stmt"/>
        <line num="96" count="2" type="stmt"/>
        <line num="98" count="1" type="stmt"/>
        <line num="99" count="1" type="stmt"/>
        <line num="102" count="1" type="stmt"/>
      </file>
      <file name="cartItem.controller.js" path="/app/controllers/cartItem.controller.js">
        <metrics statements="49" coveredstatements="49" conditionals="6" coveredconditionals="6" methods="5" coveredmethods="5"/>
        <line num="7" count="35" type="stmt"/>
        <line num="8" count="2" type="stmt"/>
        <line num="9" count="2" type="stmt"/>
        <line num="10" count="1" type="stmt"/>
        <line num="12" count="1" type="stmt"/>
        <line num="17" count="35" type="stmt"/>
        <line num="19" count="3" type="stmt"/>
        <line num="20" count="3" type="stmt"/>
        <line num="21" count="1" type="stmt"/>
        <line num="23" count="2" type="stmt"/>
        <line num="30" count="35" type="stmt"/>
        <line num="32" count="4" type="stmt"/>
        <line num="33" count="4" type="stmt"/>
        <line num="36" count="4" type="stmt"/>
        <line num="37" count="4" type="cond" truecount="2" falsecount="0"/>
        <line num="39" count="1" type="stmt"/>
        <line num="44" count="4" type="stmt"/>
        <line num="46" count="4" type="stmt"/>
        <line num="53" count="4" type="cond" truecount="2" falsecount="0"/>
        <line num="55" count="1" type="stmt"/>
        <line num="56" count="1" type="stmt"/>
        <line num="59" count="1" type="stmt"/>
        <line num="61" count="1" type="stmt"/>
        <line num="65" count="3" type="stmt"/>
        <line num="68" count="2" type="stmt"/>
        <line num="71" count="1" type="stmt"/>
        <line num="74" count="3" type="stmt"/>
        <line num="79" count="35" type="stmt"/>
        <line num="81" count="3" type="stmt"/>
        <line num="84" count="3" type="stmt"/>
        <line num="86" count="3" type="cond" truecount="2" falsecount="0"/>
        <line num="87" count="1" type="stmt"/>
        <line num="90" count="2" type="stmt"/>
        <line num="92" count="2" type="stmt"/>
        <line num="95" count="2" type="stmt"/>
        <line num="98" count="1" type="stmt"/>
        <line num="101" count="1" type="stmt"/>
        <line num="102" count="1" type="stmt"/>
        <line num="104" count="1" type="stmt"/>
        <line num="109" count="35" type="stmt"/>
        <line num="114" count="3" type="stmt"/>
        <line num="115" count="3" type="stmt"/>
        <line num="117" count="1" type="stmt"/>
        <line num="120" count="2" type="stmt"/>
        <line num="122" count="2" type="stmt"/>
        <line num="124" count="1" type="stmt"/>
        <line num="127" count="1" type="stmt"/>
        <line num="128" count="1" type="stmt"/>
        <line num="130" count="1" type="stmt"/>
      </file>
      <file name="categorie.controller.js" path="/app/controllers/categorie.controller.js">
        <metrics statements="40" coveredstatements="38" conditionals="4" coveredconditionals="4" methods="5" coveredmethods="5"/>
        <line num="5" count="35" type="stmt"/>
        <line num="6" count="2" type="stmt"/>
        <line num="7" count="2" type="stmt"/>
        <line num="8" count="1" type="stmt"/>
        <line num="10" count="1" type="stmt"/>
        <line num="11" count="1" type="stmt"/>
        <line num="16" count="35" type="stmt"/>
        <line num="17" count="3" type="stmt"/>
        <line num="19" count="3" type="stmt"/>
        <line num="20" count="3" type="stmt"/>
        <line num="21" count="1" type="stmt"/>
        <line num="23" count="2" type="stmt"/>
        <line num="28" count="35" type="stmt"/>
        <line num="29" count="3" type="stmt"/>
        <line num="31" count="3" type="stmt"/>
        <line num="32" count="3" type="cond" truecount="2" falsecount="0"/>
        <line num="33" count="1" type="stmt"/>
        <line num="35" count="2" type="stmt"/>
        <line num="36" count="1" type="stmt"/>
        <line num="38" count="1" type="stmt"/>
        <line num="39" count="1" type="stmt"/>
        <line num="44" count="35" type="stmt"/>
        <line num="46" count="3" type="stmt"/>
        <line num="47" count="3" type="stmt"/>
        <line num="48" count="3" type="stmt"/>
        <line num="50" count="2" type="stmt"/>
        <line num="53" count="1" type="stmt"/>
        <line num="54" count="1" type="stmt"/>
        <line num="55" count="1" type="stmt"/>
        <line num="57" count="0" type="stmt"/>
        <line num="58" count="0" type="stmt"/>
        <line num="63" count="35" type="stmt"/>
        <line num="65" count="3" type="stmt"/>
        <line num="66" count="3" type="stmt"/>
        <line num="67" count="2" type="cond" truecount="2" falsecount="0"/>
        <line num="68" count="1" type="stmt"/>
        <line num="70" count="1" type="stmt"/>
        <line num="71" count="1" type="stmt"/>
        <line num="73" count="1" type="stmt"/>
        <line num="74" count="1" type="stmt"/>
      </file>
      <file name="orderDetails.controller.js" path="/app/controllers/orderDetails.controller.js">
        <metrics statements="46" coveredstatements="46" conditionals="13" coveredconditionals="13" methods="5" coveredmethods="5"/>
        <line num="5" count="35" type="stmt"/>
        <line num="6" count="3" type="stmt"/>
        <line num="7" count="3" type="stmt"/>
        <line num="8" count="3" type="stmt"/>
        <line num="9" count="2" type="cond" truecount="2" falsecount="0"/>
        <line num="10" count="1" type="stmt"/>
        <line num="12" count="1" type="stmt"/>
        <line num="14" count="1" type="stmt"/>
        <line num="19" count="35" type="stmt"/>
        <line num="20" count="3" type="stmt"/>
        <line num="21" count="3" type="stmt"/>
        <line num="22" count="3" type="stmt"/>
        <line num="23" count="2" type="cond" truecount="2" falsecount="0"/>
        <line num="24" count="1" type="stmt"/>
        <line num="26" count="1" type="stmt"/>
        <line num="28" count="1" type="stmt"/>
        <line num="29" count="1" type="stmt"/>
        <line num="34" count="35" type="stmt"/>
        <line num="35" count="3" type="stmt"/>
        <line num="36" count="3" type="stmt"/>
        <line num="37" count="3" type="stmt"/>
        <line num="40" count="3" type="cond" truecount="5" falsecount="0"/>
        <line num="41" count="1" type="stmt"/>
        <line num="44" count="2" type="stmt"/>
        <line num="51" count="1" type="stmt"/>
        <line num="53" count="1" type="stmt"/>
        <line num="58" count="35" type="stmt"/>
        <line num="59" count="3" type="stmt"/>
        <line num="60" count="3" type="stmt"/>
        <line num="61" count="3" type="stmt"/>
        <line num="63" count="3" type="stmt"/>
        <line num="64" count="3" type="cond" truecount="2" falsecount="0"/>
        <line num="65" count="1" type="stmt"/>
        <line num="68" count="2" type="stmt"/>
        <line num="69" count="1" type="stmt"/>
        <line num="71" count="1" type="stmt"/>
        <line num="76" count="35" type="stmt"/>
        <line num="77" count="3" type="stmt"/>
        <line num="78" count="3" type="stmt"/>
        <line num="79" count="3" type="stmt"/>
        <line num="81" count="2" type="cond" truecount="2" falsecount="0"/>
        <line num="82" count="1" type="stmt"/>
        <line num="85" count="1" type="stmt"/>
        <line num="86" count="1" type="stmt"/>
        <line num="88" count="1" type="stmt"/>
        <line num="89" count="1" type="stmt"/>
      </file>
      <file name="orderItem.controller.js" path="/app/controllers/orderItem.controller.js">
        <metrics statements="51" coveredstatements="50" conditionals="14" coveredconditionals="14" methods="5" coveredmethods="5"/>
        <line num="4" count="35" type="stmt"/>
        <line num="5" count="2" type="stmt"/>
        <line num="6" count="2" type="stmt"/>
        <line num="8" count="2" type="stmt"/>
        <line num="9" count="2" type="stmt"/>
        <line num="17" count="1" type="stmt"/>
        <line num="18" count="1" type="stmt"/>
        <line num="19" count="1" type="stmt"/>
        <line num="21" count="1" type="stmt"/>
        <line num="22" count="1" type="stmt"/>
        <line num="27" count="35" type="stmt"/>
        <line num="28" count="3" type="stmt"/>
        <line num="30" count="3" type="stmt"/>
        <line num="33" count="2" type="cond" truecount="2" falsecount="0"/>
        <line num="34" count="1" type="stmt"/>
        <line num="38" count="1" type="stmt"/>
        <line num="40" count="1" type="stmt"/>
        <line num="41" count="1" type="stmt"/>
        <line num="46" count="35" type="stmt"/>
        <line num="47" count="4" type="stmt"/>
        <line num="48" count="4" type="stmt"/>
        <line num="49" count="4" type="stmt"/>
        <line num="52" count="4" type="cond" truecount="6" falsecount="0"/>
        <line num="53" count="1" type="stmt"/>
        <line num="57" count="3" type="stmt"/>
        <line num="58" count="3" type="cond" truecount="2" falsecount="0"/>
        <line num="59" count="1" type="stmt"/>
        <line num="63" count="2" type="stmt"/>
        <line num="64" count="1" type="stmt"/>
        <line num="66" count="1" type="stmt"/>
        <line num="67" count="1" type="stmt"/>
        <line num="72" count="35" type="stmt"/>
        <line num="73" count="3" type="stmt"/>
        <line num="74" count="3" type="stmt"/>
        <line num="75" count="3" type="stmt"/>
        <line num="77" count="3" type="stmt"/>
        <line num="82" count="3" type="cond" truecount="2" falsecount="0"/>
        <line num="83" count="1" type="stmt"/>
        <line num="86" count="2" type="stmt"/>
        <line num="87" count="1" type="stmt"/>
        <line num="89" count="1" type="stmt"/>
        <line num="90" count="1" type="stmt"/>
        <line num="95" count="35" type="stmt"/>
        <line num="96" count="2" type="stmt"/>
        <line num="97" count="2" type="stmt"/>
        <line num="99" count="2" type="stmt"/>
        <line num="104" count="2" type="cond" truecount="2" falsecount="0"/>
        <line num="105" count="1" type="stmt"/>
        <line num="108" count="1" type="stmt"/>
        <line num="109" count="1" type="stmt"/>
        <line num="111" count="0" type="stmt"/>
      </file>
      <file name="paymentDetail.controller.js" path="/app/controllers/paymentDetail.controller.js">
        <metrics statements="41" coveredstatements="5" conditionals="11" coveredconditionals="0" methods="5" coveredmethods="0"/>
        <line num="4" count="35" type="stmt"/>
        <line num="5" count="0" type="stmt"/>
        <line num="6" count="0" type="stmt"/>
        <line num="7" count="0" type="stmt"/>
        <line num="9" count="0" type="stmt"/>
        <line num="10" count="0" type="stmt"/>
        <line num="15" count="35" type="stmt"/>
        <line num="16" count="0" type="stmt"/>
        <line num="17" count="0" type="stmt"/>
        <line num="18" count="0" type="cond" truecount="0" falsecount="2"/>
        <line num="19" count="0" type="stmt"/>
        <line num="21" count="0" type="stmt"/>
        <line num="23" count="0" type="stmt"/>
        <line num="24" count="0" type="stmt"/>
        <line num="29" count="35" type="stmt"/>
        <line num="30" count="0" type="stmt"/>
        <line num="31" count="0" type="stmt"/>
        <line num="33" count="0" type="cond" truecount="0" falsecount="5"/>
        <line num="34" count="0" type="stmt"/>
        <line num="37" count="0" type="stmt"/>
        <line num="38" count="0" type="stmt"/>
        <line num="40" count="0" type="stmt"/>
        <line num="41" count="0" type="stmt"/>
        <line num="46" count="35" type="stmt"/>
        <line num="47" count="0" type="stmt"/>
        <line num="48" count="0" type="stmt"/>
        <line num="49" count="0" type="cond" truecount="0" falsecount="2"/>
        <line num="50" count="0" type="stmt"/>
        <line num="52" count="0" type="stmt"/>
        <line num="53" count="0" type="stmt"/>
        <line num="55" count="0" type="stmt"/>
        <line num="56" count="0" type="stmt"/>
        <line num="61" count="35" type="stmt"/>
        <line num="62" count="0" type="stmt"/>
        <line num="63" count="0" type="stmt"/>
        <line num="64" count="0" type="cond" truecount="0" falsecount="2"/>
        <line num="65" count="0" type="stmt"/>
        <line num="67" count="0" type="stmt"/>
        <line num="68" count="0" type="stmt"/>
        <line num="70" count="0" type="stmt"/>
        <line num="71" count="0" type="stmt"/>
      </file>
      <file name="review.controller.js" path="/app/controllers/review.controller.js">
        <metrics statements="50" coveredstatements="6" conditionals="6" coveredconditionals="0" methods="6" coveredmethods="0"/>
        <line num="6" count="35" type="stmt"/>
        <line num="7" count="0" type="stmt"/>
        <line num="8" count="0" type="stmt"/>
        <line num="9" count="0" type="stmt"/>
        <line num="11" count="0" type="stmt"/>
        <line num="12" count="0" type="stmt"/>
        <line num="17" count="35" type="stmt"/>
        <line num="18" count="0" type="stmt"/>
        <line num="19" count="0" type="stmt"/>
        <line num="20" count="0" type="cond" truecount="0" falsecount="2"/>
        <line num="21" count="0" type="stmt"/>
        <line num="23" count="0" type="stmt"/>
        <line num="25" count="0" type="stmt"/>
        <line num="26" count="0" type="stmt"/>
        <line num="31" count="35" type="stmt"/>
        <line num="32" count="0" type="stmt"/>
        <line num="33" count="0" type="stmt"/>
        <line num="34" count="0" type="stmt"/>
        <line num="36" count="0" type="stmt"/>
        <line num="37" count="0" type="stmt"/>
        <line num="39" count="0" type="stmt"/>
        <line num="40" count="0" type="stmt"/>
        <line num="45" count="35" type="stmt"/>
        <line num="46" count="0" type="stmt"/>
        <line num="47" count="0" type="stmt"/>
        <line num="48" count="0" type="stmt"/>
        <line num="50" count="0" type="stmt"/>
        <line num="51" count="0" type="cond" truecount="0" falsecount="2"/>
        <line num="52" count="0" type="stmt"/>
        <line num="54" count="0" type="stmt"/>
        <line num="55" count="0" type="stmt"/>
        <line num="57" count="0" type="stmt"/>
        <line num="58" count="0" type="stmt"/>
        <line num="63" count="35" type="stmt"/>
        <line num="64" count="0" type="stmt"/>
        <line num="65" count="0" type="stmt"/>
        <line num="66" count="0" type="cond" truecount="0" falsecount="2"/>
        <line num="67" count="0" type="stmt"/>
        <line num="69" count="0" type="stmt"/>
        <line num="70" count="0" type="stmt"/>
        <line num="72" count="0" type="stmt"/>
        <line num="73" count="0" type="stmt"/>
        <line num="78" count="35" type="stmt"/>
        <line num="79" count="0" type="stmt"/>
        <line num="80" count="0" type="stmt"/>
        <line num="82" count="0" type="stmt"/>
        <line num="90" count="0" type="stmt"/>
        <line num="92" count="0" type="stmt"/>
        <line num="94" count="0" type="stmt"/>
        <line num="95" count="0" type="stmt"/>
      </file>
      <file name="user.controller.js" path="/app/controllers/user.controller.js">
        <metrics statements="60" coveredstatements="58" conditionals="12" coveredconditionals="12" methods="7" coveredmethods="7"/>
        <line num="9" count="35" type="stmt"/>
        <line num="11" count="4" type="stmt"/>
        <line num="14" count="4" type="stmt"/>
        <line num="15" count="4" type="stmt"/>
        <line num="18" count="1" type="stmt"/>
        <line num="20" count="3" type="cond" truecount="2" falsecount="0"/>
        <line num="23" count="2" type="stmt"/>
        <line num="24" count="2" type="cond" truecount="2" falsecount="0"/>
        <line num="26" count="1" type="stmt"/>
        <line num="27" count="1" type="stmt"/>
        <line num="29" count="1" type="stmt"/>
        <line num="33" count="35" type="stmt"/>
        <line num="34" count="2" type="stmt"/>
        <line num="36" count="2" type="stmt"/>
        <line num="39" count="2" type="stmt"/>
        <line num="45" count="1" type="stmt"/>
        <line num="50" count="1" type="stmt"/>
        <line num="56" count="1" type="stmt"/>
        <line num="57" count="1" type="stmt"/>
        <line num="61" count="35" type="stmt"/>
        <line num="63" count="2" type="stmt"/>
        <line num="64" count="2" type="stmt"/>
        <line num="65" count="1" type="stmt"/>
        <line num="67" count="1" type="stmt"/>
        <line num="71" count="35" type="stmt"/>
        <line num="73" count="3" type="stmt"/>
        <line num="74" count="3" type="stmt"/>
        <line num="75" count="3" type="stmt"/>
        <line num="76" count="2" type="cond" truecount="2" falsecount="0"/>
        <line num="77" count="1" type="stmt"/>
        <line num="79" count="1" type="stmt"/>
        <line num="80" count="1" type="stmt"/>
        <line num="87" count="35" type="stmt"/>
        <line num="90" count="3" type="stmt"/>
        <line num="91" count="3" type="stmt"/>
        <line num="92" count="3" type="stmt"/>
        <line num="94" count="2" type="stmt"/>
        <line num="97" count="1" type="stmt"/>
        <line num="99" count="1" type="stmt"/>
        <line num="101" count="1" type="stmt"/>
        <line num="106" count="0" type="stmt"/>
        <line num="107" count="0" type="stmt"/>
        <line num="111" count="35" type="stmt"/>
        <line num="114" count="3" type="stmt"/>
        <line num="116" count="3" type="stmt"/>
        <line num="119" count="1" type="stmt"/>
        <line num="125" count="2" type="cond" truecount="2" falsecount="0"/>
        <line num="127" count="1" type="stmt"/>
        <line num="130" count="35" type="stmt"/>
        <line num="131" count="5" type="stmt"/>
        <line num="132" count="5" type="stmt"/>
        <line num="133" count="5" type="stmt"/>
        <line num="134" count="5" type="cond" truecount="2" falsecount="0"/>
        <line num="136" count="4" type="stmt"/>
        <line num="137" count="3" type="stmt"/>
        <line num="139" count="2" type="cond" truecount="2" falsecount="0"/>
        <line num="141" count="1" type="stmt"/>
        <line num="143" count="1" type="stmt"/>
        <line num="145" count="2" type="stmt"/>
        <line num="146" count="2" type="stmt"/>
      </file>
    </package>
    <package name="app.models">
      <metrics statements="55" coveredstatements="54" conditionals="2" coveredconditionals="1" methods="11" coveredmethods="11"/>
      <file name="article.model.js" path="/app/models/article.model.js">
        <metrics statements="1" coveredstatements="1" conditionals="0" coveredconditionals="0" methods="1" coveredmethods="1"/>
        <line num="2" count="35" type="stmt"/>
      </file>
      <file name="cart.model.js" path="/app/models/cart.model.js">
        <metrics statements="4" coveredstatements="4" conditionals="0" coveredconditionals="0" methods="2" coveredmethods="2"/>
        <line num="2" count="35" type="stmt"/>
        <line num="19" count="8" type="stmt"/>
        <line num="20" count="8" type="stmt"/>
        <line num="27" count="35" type="stmt"/>
      </file>
      <file name="cartItem.model.js" path="/app/models/cartItem.model.js">
        <metrics statements="2" coveredstatements="2" conditionals="0" coveredconditionals="0" methods="1" coveredmethods="1"/>
        <line num="2" count="35" type="stmt"/>
        <line num="33" count="35" type="stmt"/>
      </file>
      <file name="catégories.model.js" path="/app/models/catégories.model.js">
        <metrics statements="1" coveredstatements="1" conditionals="0" coveredconditionals="0" methods="1" coveredmethods="1"/>
        <line num="2" count="35" type="stmt"/>
      </file>
      <file name="index.js" path="/app/models/index.js">
        <metrics statements="41" coveredstatements="40" conditionals="2" coveredconditionals="1" methods="1" coveredmethods="1"/>
        <line num="13" count="35" type="stmt"/>
        <line num="15" count="35" type="cond" truecount="1" falsecount="1"/>
        <line num="27" count="35" type="stmt"/>
        <line num="28" count="35" type="stmt"/>
        <line num="29" count="35" type="stmt"/>
        <line num="30" count="35" type="stmt"/>
        <line num="31" count="35" type="stmt"/>
        <line num="32" count="35" type="stmt"/>
        <line num="33" count="35" type="stmt"/>
        <line num="34" count="35" type="stmt"/>
        <line num="35" count="35" type="stmt"/>
        <line num="47" count="35" type="stmt"/>
        <line num="50" count="35" type="stmt"/>
        <line num="51" count="35" type="stmt"/>
        <line num="53" count="35" type="stmt"/>
        <line num="54" count="35" type="stmt"/>
        <line num="56" count="35" type="stmt"/>
        <line num="57" count="35" type="stmt"/>
        <line num="59" count="35" type="stmt"/>
        <line num="60" count="35" type="stmt"/>
        <line num="62" count="35" type="stmt"/>
        <line num="63" count="35" type="stmt"/>
        <line num="65" count="35" type="stmt"/>
        <line num="66" count="35" type="stmt"/>
        <line num="68" count="35" type="stmt"/>
        <line num="69" count="35" type="stmt"/>
        <line num="71" count="35" type="stmt"/>
        <line num="72" count="35" type="stmt"/>
        <line num="74" count="35" type="stmt"/>
        <line num="75" count="35" type="stmt"/>
        <line num="77" count="35" type="stmt"/>
        <line num="78" count="35" type="stmt"/>
        <line num="80" count="35" type="stmt"/>
        <line num="81" count="35" type="stmt"/>
        <line num="83" count="35" type="stmt"/>
        <line num="84" count="29" type="stmt"/>
        <line num="85" count="29" type="stmt"/>
        <line num="86" count="29" type="stmt"/>
        <line num="88" count="29" type="stmt"/>
        <line num="89" count="29" type="stmt"/>
        <line num="91" count="0" type="stmt"/>
      </file>
      <file name="orderDetails.model.js" path="/app/models/orderDetails.model.js">
        <metrics statements="1" coveredstatements="1" conditionals="0" coveredconditionals="0" methods="1" coveredmethods="1"/>
        <line num="2" count="35" type="stmt"/>
      </file>
      <file name="orderItem.model.js" path="/app/models/orderItem.model.js">
        <metrics statements="1" coveredstatements="1" conditionals="0" coveredconditionals="0" methods="1" coveredmethods="1"/>
        <line num="2" count="35" type="stmt"/>
      </file>
      <file name="paymentDetail.model.js" path="/app/models/paymentDetail.model.js">
        <metrics statements="1" coveredstatements="1" conditionals="0" coveredconditionals="0" methods="1" coveredmethods="1"/>
        <line num="2" count="35" type="stmt"/>
      </file>
      <file name="review.model.js" path="/app/models/review.model.js">
        <metrics statements="2" coveredstatements="2" conditionals="0" coveredconditionals="0" methods="1" coveredmethods="1"/>
        <line num="2" count="35" type="stmt"/>
        <line num="37" count="35" type="stmt"/>
      </file>
      <file name="user.model.js" path="/app/models/user.model.js">
        <metrics statements="1" coveredstatements="1" conditionals="0" coveredconditionals="0" methods="1" coveredmethods="1"/>
        <line num="2" count="35" type="stmt"/>
      </file>
    </package>
    <package name="app.routes">
      <metrics statements="107" coveredstatements="67" conditionals="10" coveredconditionals="0" methods="9" coveredmethods="0"/>
      <file name="article.js" path="/app/routes/article.js">
        <metrics statements="8" coveredstatements="8" conditionals="0" coveredconditionals="0" methods="0" coveredmethods="0"/>
        <line num="103" count="35" type="stmt"/>
        <line num="111" count="35" type="stmt"/>
        <line num="119" count="35" type="stmt"/>
        <line num="127" count="35" type="stmt"/>
        <line num="135" count="35" type="stmt"/>
        <line num="143" count="35" type="stmt"/>
        <line num="153" count="35" type="stmt"/>
        <line num="161" count="35" type="stmt"/>
      </file>
      <file name="cart.js" path="/app/routes/cart.js">
        <metrics statements="5" coveredstatements="5" conditionals="0" coveredconditionals="0" methods="0" coveredmethods="0"/>
        <line num="5" count="35" type="stmt"/>
        <line num="8" count="35" type="stmt"/>
        <line num="9" count="35" type="stmt"/>
        <line num="10" count="35" type="stmt"/>
        <line num="11" count="35" type="stmt"/>
      </file>
      <file name="cartItem.js" path="/app/routes/cartItem.js">
        <metrics statements="6" coveredstatements="6" conditionals="0" coveredconditionals="0" methods="0" coveredmethods="0"/>
        <line num="5" count="35" type="stmt"/>
        <line num="8" count="35" type="stmt"/>
        <line num="11" count="35" type="stmt"/>
        <line num="14" count="35" type="stmt"/>
        <line num="17" count="35" type="stmt"/>
        <line num="20" count="35" type="stmt"/>
      </file>
      <file name="categorie.js" path="/app/routes/categorie.js">
        <metrics statements="6" coveredstatements="6" conditionals="0" coveredconditionals="0" methods="0" coveredmethods="0"/>
        <line num="4" count="35" type="stmt"/>
        <line num="7" count="35" type="stmt"/>
        <line num="10" count="35" type="stmt"/>
        <line num="13" count="35" type="stmt"/>
        <line num="16" count="35" type="stmt"/>
        <line num="19" count="35" type="stmt"/>
      </file>
      <file name="logout.js" path="/app/routes/logout.js">
        <metrics statements="4" coveredstatements="2" conditionals="0" coveredconditionals="0" methods="1" coveredmethods="0"/>
        <line num="3" count="35" type="stmt"/>
        <line num="6" count="35" type="stmt"/>
        <line num="8" count="0" type="stmt"/>
        <line num="11" count="0" type="stmt"/>
      </file>
      <file name="orderDetails.js" path="/app/routes/orderDetails.js">
        <metrics statements="6" coveredstatements="6" conditionals="0" coveredconditionals="0" methods="0" coveredmethods="0"/>
        <line num="11" count="35" type="stmt"/>
        <line num="14" count="35" type="stmt"/>
        <line num="17" count="35" type="stmt"/>
        <line num="20" count="35" type="stmt"/>
        <line num="23" count="35" type="stmt"/>
        <line num="26" count="35" type="stmt"/>
      </file>
      <file name="orderItem.js" path="/app/routes/orderItem.js">
        <metrics statements="6" coveredstatements="6" conditionals="0" coveredconditionals="0" methods="0" coveredmethods="0"/>
        <line num="11" count="35" type="stmt"/>
        <line num="14" count="35" type="stmt"/>
        <line num="17" count="35" type="stmt"/>
        <line num="20" count="35" type="stmt"/>
        <line num="23" count="35" type="stmt"/>
        <line num="26" count="35" type="stmt"/>
      </file>
      <file name="paymentDetail.js" path="/app/routes/paymentDetail.js">
        <metrics statements="6" coveredstatements="6" conditionals="0" coveredconditionals="0" methods="0" coveredmethods="0"/>
        <line num="11" count="35" type="stmt"/>
        <line num="14" count="35" type="stmt"/>
        <line num="17" count="35" type="stmt"/>
        <line num="20" count="35" type="stmt"/>
        <line num="23" count="35" type="stmt"/>
        <line num="26" count="35" type="stmt"/>
      </file>
      <file name="reset.js" path="/app/routes/reset.js">
        <metrics statements="15" coveredstatements="3" conditionals="2" coveredconditionals="0" methods="6" coveredmethods="0"/>
        <line num="5" count="35" type="stmt"/>
        <line num="8" count="35" type="stmt"/>
        <line num="9" count="0" type="stmt"/>
        <line num="10" count="0" type="stmt"/>
        <line num="18" count="0" type="stmt"/>
        <line num="52" count="0" type="stmt"/>
        <line num="53" count="0" type="cond" truecount="0" falsecount="2"/>
        <line num="54" count="0" type="stmt"/>
        <line num="55" count="0" type="stmt"/>
        <line num="57" count="0" type="stmt"/>
        <line num="63" count="35" type="stmt"/>
        <line num="64" count="0" type="stmt"/>
        <line num="65" count="0" type="stmt"/>
        <line num="66" count="0" type="stmt"/>
        <line num="67" count="0" type="stmt"/>
      </file>
      <file name="review.js" path="/app/routes/review.js">
        <metrics statements="7" coveredstatements="7" conditionals="0" coveredconditionals="0" methods="0" coveredmethods="0"/>
        <line num="5" count="35" type="stmt"/>
        <line num="8" count="35" type="stmt"/>
        <line num="11" count="35" type="stmt"/>
        <line num="14" count="35" type="stmt"/>
        <line num="17" count="35" type="stmt"/>
        <line num="20" count="35" type="stmt"/>
        <line num="24" count="35" type="stmt"/>
      </file>
      <file name="stripe.js" path="/app/routes/stripe.js">
        <metrics statements="2" coveredstatements="2" conditionals="0" coveredconditionals="0" methods="0" coveredmethods="0"/>
        <line num="7" count="35" type="stmt"/>
        <line num="10" count="35" type="stmt"/>
      </file>
      <file name="stripewebhook.js" path="/app/routes/stripewebhook.js">
        <metrics statements="28" coveredstatements="2" conditionals="8" coveredconditionals="0" methods="2" coveredmethods="0"/>
        <line num="5" count="35" type="stmt"/>
        <line num="7" count="35" type="stmt"/>
        <line num="8" count="0" type="stmt"/>
        <line num="10" count="0" type="stmt"/>
        <line num="14" count="0" type="stmt"/>
        <line num="16" count="0" type="stmt"/>
        <line num="18" count="0" type="stmt"/>
        <line num="19" count="0" type="stmt"/>
        <line num="23" count="0" type="cond" truecount="0" falsecount="2"/>
        <line num="24" count="0" type="stmt"/>
        <line num="26" count="0" type="stmt"/>
        <line num="28" count="0" type="stmt"/>
        <line num="30" count="0" type="cond" truecount="0" falsecount="2"/>
        <line num="31" count="0" type="stmt"/>
        <line num="32" count="0" type="stmt"/>
        <line num="36" count="0" type="stmt"/>
        <line num="41" count="0" type="cond" truecount="0" falsecount="4"/>
        <line num="42" count="0" type="stmt"/>
        <line num="43" count="0" type="stmt"/>
        <line num="47" count="0" type="stmt"/>
        <line num="48" count="0" type="stmt"/>
        <line num="57" count="0" type="stmt"/>
        <line num="65" count="0" type="stmt"/>
        <line num="68" count="0" type="stmt"/>
        <line num="70" count="0" type="stmt"/>
        <line num="72" count="0" type="stmt"/>
        <line num="75" count="0" type="stmt"/>
        <line num="79" count="0" type="stmt"/>
      </file>
      <file name="user.js" path="/app/routes/user.js">
        <metrics statements="8" coveredstatements="8" conditionals="0" coveredconditionals="0" methods="0" coveredmethods="0"/>
        <line num="13" count="35" type="stmt"/>
        <line num="15" count="35" type="stmt"/>
        <line num="16" count="35" type="stmt"/>
        <line num="18" count="35" type="stmt"/>
        <line num="20" count="35" type="stmt"/>
        <line num="22" count="35" type="stmt"/>
        <line num="24" count="35" type="stmt"/>
        <line num="26" count="35" type="stmt"/>
      </file>
    </package>
    <package name="app.services">
      <metrics statements="47" coveredstatements="24" conditionals="25" coveredconditionals="13" methods="7" coveredmethods="3"/>
      <file name="checkout.js" path="/app/services/checkout.js">
        <metrics statements="24" coveredstatements="1" conditionals="12" coveredconditionals="0" methods="4" coveredmethods="0"/>
        <line num="6" count="35" type="stmt"/>
        <line num="7" count="0" type="stmt"/>
        <line num="9" count="0" type="stmt"/>
        <line num="10" count="0" type="stmt"/>
        <line num="11" count="0" type="cond" truecount="0" falsecount="2"/>
        <line num="12" count="0" type="stmt"/>
        <line num="15" count="0" type="stmt"/>
        <line num="16" count="0" type="stmt"/>
        <line num="19" count="0" type="stmt"/>
        <line num="20" count="0" type="cond" truecount="0" falsecount="4"/>
        <line num="21" count="0" type="stmt"/>
        <line num="24" count="0" type="stmt"/>
        <line num="33" count="0" type="cond" truecount="0" falsecount="4"/>
        <line num="34" count="0" type="stmt"/>
        <line num="38" count="0" type="stmt"/>
        <line num="40" count="0" type="stmt"/>
        <line num="61" count="0" type="stmt"/>
        <line num="63" count="0" type="stmt"/>
        <line num="68" count="0" type="stmt"/>
        <line num="69" count="0" type="stmt"/>
        <line num="77" count="0" type="stmt"/>
        <line num="84" count="0" type="stmt"/>
        <line num="87" count="0" type="stmt"/>
        <line num="88" count="0" type="stmt"/>
      </file>
      <file name="service.js" path="/app/services/service.js">
        <metrics statements="22" coveredstatements="22" conditionals="13" coveredconditionals="13" methods="3" coveredmethods="3"/>
        <line num="4" count="35" type="stmt"/>
        <line num="7" count="3" type="cond" truecount="4" falsecount="0"/>
        <line num="9" count="1" type="stmt"/>
        <line num="14" count="2" type="stmt"/>
        <line num="15" count="2" type="stmt"/>
        <line num="17" count="1" type="stmt"/>
        <line num="22" count="1" type="stmt"/>
        <line num="26" count="35" type="stmt"/>
        <line num="29" count="4" type="stmt"/>
        <line num="31" count="4" type="stmt"/>
        <line num="35" count="2" type="stmt"/>
        <line num="40" count="2" type="stmt"/>
        <line num="43" count="35" type="cond" truecount="1" falsecount="0"/>
        <line num="46" count="34" type="stmt"/>
        <line num="48" count="34" type="stmt"/>
        <line num="51" count="5" type="stmt"/>
        <line num="52" count="5" type="stmt"/>
        <line num="57" count="29" type="cond" truecount="2" falsecount="0"/>
        <line num="58" count="12" type="stmt"/>
        <line num="59" count="12" type="stmt"/>
        <line num="63" count="17" type="stmt"/>
        <line num="64" count="17" type="stmt"/>
      </file>
      <file name="stripe.js" path="/app/services/stripe.js">
        <metrics statements="1" coveredstatements="1" conditionals="0" coveredconditionals="0" methods="0" coveredmethods="0"/>
        <line num="4" count="35" type="stmt"/>
      </file>
    </package>
    <package name="app.utils">
      <metrics statements="8" coveredstatements="6" conditionals="0" coveredconditionals="0" methods="2" coveredmethods="2"/>
      <file name="cart.util.js" path="/app/utils/cart.util.js">
        <metrics statements="8" coveredstatements="6" conditionals="0" coveredconditionals="0" methods="2" coveredmethods="2"/>
        <line num="3" count="35" type="stmt"/>
        <line num="4" count="5" type="stmt"/>
        <line num="6" count="5" type="stmt"/>
        <line num="17" count="7" type="stmt"/>
        <line num="18" count="5" type="stmt"/>
        <line num="21" count="5" type="stmt"/>
        <line num="23" count="0" type="stmt"/>
        <line num="24" count="0" type="stmt"/>
      </file>
    </package>
  </project>
</coverage>
