{"C:\\Users\\morch\\Desktop\\projet_jury\\backend_ecommerce\\backend_ecommerce\\controllers\\article.controller.js": {"path":"C:\\Users\\morch\\Desktop\\projet_jury\\backend_ecommerce\\backend_ecommerce\\controllers\\article.controller.js","statementMap":{"0":{"start":{"line":3,"column":19},"end":{"line":7,"column":5}},"1":{"start":{"line":6,"column":8},"end":{"line":6,"column":19}},"2":{"start":{"line":9,"column":19},"end":{"line":44,"column":1}},"3":{"start":{"line":10,"column":4},"end":{"line":43,"column":5}},"4":{"start":{"line":11,"column":76},"end":{"line":11,"column":84}},"5":{"start":{"line":12,"column":24},"end":{"line":12,"column":35}},"6":{"start":{"line":15,"column":21},"end":{"line":15,"column":49}},"7":{"start":{"line":16,"column":8},"end":{"line":18,"column":9}},"8":{"start":{"line":17,"column":12},"end":{"line":17,"column":77}},"9":{"start":{"line":21,"column":26},"end":{"line":21,"column":64}},"10":{"start":{"line":22,"column":8},"end":{"line":24,"column":9}},"11":{"start":{"line":23,"column":12},"end":{"line":23,"column":76}},"12":{"start":{"line":27,"column":27},"end":{"line":36,"column":10}},"13":{"start":{"line":39,"column":8},"end":{"line":39,"column":41}},"14":{"start":{"line":41,"column":8},"end":{"line":41,"column":29}},"15":{"start":{"line":42,"column":8},"end":{"line":42,"column":99}},"16":{"start":{"line":45,"column":22},"end":{"line":52,"column":1}},"17":{"start":{"line":46,"column":4},"end":{"line":51,"column":5}},"18":{"start":{"line":47,"column":25},"end":{"line":47,"column":48}},"19":{"start":{"line":48,"column":8},"end":{"line":48,"column":39}},"20":{"start":{"line":50,"column":8},"end":{"line":50,"column":73}},"21":{"start":{"line":54,"column":23},"end":{"line":65,"column":1}},"22":{"start":{"line":55,"column":4},"end":{"line":64,"column":5}},"23":{"start":{"line":56,"column":19},"end":{"line":56,"column":32}},"24":{"start":{"line":57,"column":24},"end":{"line":57,"column":50}},"25":{"start":{"line":58,"column":8},"end":{"line":60,"column":9}},"26":{"start":{"line":59,"column":12},"end":{"line":59,"column":73}},"27":{"start":{"line":61,"column":8},"end":{"line":61,"column":38}},"28":{"start":{"line":63,"column":8},"end":{"line":63,"column":73}},"29":{"start":{"line":67,"column":26},"end":{"line":82,"column":1}},"30":{"start":{"line":68,"column":4},"end":{"line":81,"column":5}},"31":{"start":{"line":69,"column":24},"end":{"line":69,"column":61}},"32":{"start":{"line":70,"column":8},"end":{"line":72,"column":9}},"33":{"start":{"line":71,"column":12},"end":{"line":71,"column":73}},"34":{"start":{"line":73,"column":8},"end":{"line":78,"column":9}},"35":{"start":{"line":74,"column":12},"end":{"line":74,"column":43}},"36":{"start":{"line":75,"column":12},"end":{"line":75,"column":49}},"37":{"start":{"line":77,"column":12},"end":{"line":77,"column":87}},"38":{"start":{"line":80,"column":8},"end":{"line":80,"column":73}},"39":{"start":{"line":84,"column":26},"end":{"line":99,"column":1}},"40":{"start":{"line":85,"column":4},"end":{"line":98,"column":5}},"41":{"start":{"line":86,"column":24},"end":{"line":86,"column":61}},"42":{"start":{"line":87,"column":8},"end":{"line":89,"column":9}},"43":{"start":{"line":88,"column":12},"end":{"line":88,"column":73}},"44":{"start":{"line":90,"column":8},"end":{"line":95,"column":9}},"45":{"start":{"line":91,"column":12},"end":{"line":91,"column":36}},"46":{"start":{"line":92,"column":12},"end":{"line":92,"column":54}},"47":{"start":{"line":94,"column":12},"end":{"line":94,"column":88}},"48":{"start":{"line":97,"column":8},"end":{"line":97,"column":72}},"49":{"start":{"line":101,"column":24},"end":{"line":110,"column":1}},"50":{"start":{"line":102,"column":4},"end":{"line":109,"column":5}},"51":{"start":{"line":103,"column":25},"end":{"line":105,"column":10}},"52":{"start":{"line":106,"column":8},"end":{"line":106,"column":39}},"53":{"start":{"line":108,"column":8},"end":{"line":108,"column":84}},"54":{"start":{"line":112,"column":25},"end":{"line":121,"column":1}},"55":{"start":{"line":113,"column":4},"end":{"line":120,"column":5}},"56":{"start":{"line":114,"column":25},"end":{"line":116,"column":10}},"57":{"start":{"line":117,"column":8},"end":{"line":117,"column":39}},"58":{"start":{"line":119,"column":8},"end":{"line":119,"column":84}},"59":{"start":{"line":123,"column":25},"end":{"line":134,"column":1}},"60":{"start":{"line":124,"column":4},"end":{"line":133,"column":5}},"61":{"start":{"line":125,"column":21},"end":{"line":125,"column":75}},"62":{"start":{"line":126,"column":8},"end":{"line":128,"column":9}},"63":{"start":{"line":127,"column":12},"end":{"line":127,"column":77}},"64":{"start":{"line":129,"column":8},"end":{"line":129,"column":44}},"65":{"start":{"line":131,"column":8},"end":{"line":131,"column":25}},"66":{"start":{"line":132,"column":8},"end":{"line":132,"column":51}},"67":{"start":{"line":136,"column":25},"end":{"line":146,"column":1}},"68":{"start":{"line":137,"column":4},"end":{"line":145,"column":5}},"69":{"start":{"line":138,"column":24},"end":{"line":138,"column":85}},"70":{"start":{"line":139,"column":8},"end":{"line":141,"column":9}},"71":{"start":{"line":140,"column":12},"end":{"line":140,"column":73}},"72":{"start":{"line":142,"column":8},"end":{"line":142,"column":46}},"73":{"start":{"line":144,"column":8},"end":{"line":144,"column":55}}},"fnMap":{"0":{"name":"(anonymous_0)","decl":{"start":{"line":3,"column":19},"end":{"line":3,"column":20}},"loc":{"start":{"line":5,"column":4},"end":{"line":7,"column":5}},"line":5},"1":{"name":"(anonymous_1)","decl":{"start":{"line":9,"column":19},"end":{"line":9,"column":20}},"loc":{"start":{"line":9,"column":39},"end":{"line":44,"column":1}},"line":9},"2":{"name":"(anonymous_2)","decl":{"start":{"line":45,"column":22},"end":{"line":45,"column":23}},"loc":{"start":{"line":45,"column":42},"end":{"line":52,"column":1}},"line":45},"3":{"name":"(anonymous_3)","decl":{"start":{"line":54,"column":23},"end":{"line":54,"column":24}},"loc":{"start":{"line":54,"column":43},"end":{"line":65,"column":1}},"line":54},"4":{"name":"(anonymous_4)","decl":{"start":{"line":67,"column":26},"end":{"line":67,"column":27}},"loc":{"start":{"line":67,"column":46},"end":{"line":82,"column":1}},"line":67},"5":{"name":"(anonymous_5)","decl":{"start":{"line":84,"column":26},"end":{"line":84,"column":27}},"loc":{"start":{"line":84,"column":46},"end":{"line":99,"column":1}},"line":84},"6":{"name":"(anonymous_6)","decl":{"start":{"line":101,"column":24},"end":{"line":101,"column":25}},"loc":{"start":{"line":101,"column":44},"end":{"line":110,"column":1}},"line":101},"7":{"name":"(anonymous_7)","decl":{"start":{"line":112,"column":25},"end":{"line":112,"column":26}},"loc":{"start":{"line":112,"column":45},"end":{"line":121,"column":1}},"line":112},"8":{"name":"(anonymous_8)","decl":{"start":{"line":123,"column":25},"end":{"line":123,"column":26}},"loc":{"start":{"line":123,"column":45},"end":{"line":134,"column":1}},"line":123},"9":{"name":"(anonymous_9)","decl":{"start":{"line":136,"column":25},"end":{"line":136,"column":26}},"loc":{"start":{"line":136,"column":45},"end":{"line":146,"column":1}},"line":136}},"branchMap":{"0":{"loc":{"start":{"line":16,"column":8},"end":{"line":18,"column":9}},"type":"if","locations":[{"start":{"line":16,"column":8},"end":{"line":18,"column":9}},{"start":{},"end":{}}],"line":16},"1":{"loc":{"start":{"line":22,"column":8},"end":{"line":24,"column":9}},"type":"if","locations":[{"start":{"line":22,"column":8},"end":{"line":24,"column":9}},{"start":{},"end":{}}],"line":22},"2":{"loc":{"start":{"line":58,"column":8},"end":{"line":60,"column":9}},"type":"if","locations":[{"start":{"line":58,"column":8},"end":{"line":60,"column":9}},{"start":{},"end":{}}],"line":58},"3":{"loc":{"start":{"line":70,"column":8},"end":{"line":72,"column":9}},"type":"if","locations":[{"start":{"line":70,"column":8},"end":{"line":72,"column":9}},{"start":{},"end":{}}],"line":70},"4":{"loc":{"start":{"line":73,"column":8},"end":{"line":78,"column":9}},"type":"if","locations":[{"start":{"line":73,"column":8},"end":{"line":78,"column":9}},{"start":{"line":76,"column":15},"end":{"line":78,"column":9}}],"line":73},"5":{"loc":{"start":{"line":87,"column":8},"end":{"line":89,"column":9}},"type":"if","locations":[{"start":{"line":87,"column":8},"end":{"line":89,"column":9}},{"start":{},"end":{}}],"line":87},"6":{"loc":{"start":{"line":90,"column":8},"end":{"line":95,"column":9}},"type":"if","locations":[{"start":{"line":90,"column":8},"end":{"line":95,"column":9}},{"start":{"line":93,"column":15},"end":{"line":95,"column":9}}],"line":90},"7":{"loc":{"start":{"line":126,"column":8},"end":{"line":128,"column":9}},"type":"if","locations":[{"start":{"line":126,"column":8},"end":{"line":128,"column":9}},{"start":{},"end":{}}],"line":126},"8":{"loc":{"start":{"line":139,"column":8},"end":{"line":141,"column":9}},"type":"if","locations":[{"start":{"line":139,"column":8},"end":{"line":141,"column":9}},{"start":{},"end":{}}],"line":139}},"s":{"0":1,"1":1,"2":1,"3":0,"4":0,"5":0,"6":0,"7":0,"8":0,"9":0,"10":0,"11":0,"12":0,"13":0,"14":0,"15":0,"16":1,"17":0,"18":0,"19":0,"20":0,"21":1,"22":0,"23":0,"24":0,"25":0,"26":0,"27":0,"28":0,"29":1,"30":0,"31":0,"32":0,"33":0,"34":0,"35":0,"36":0,"37":0,"38":0,"39":1,"40":0,"41":0,"42":0,"43":0,"44":0,"45":0,"46":0,"47":0,"48":0,"49":1,"50":0,"51":0,"52":0,"53":0,"54":1,"55":0,"56":0,"57":0,"58":0,"59":1,"60":0,"61":0,"62":0,"63":0,"64":0,"65":0,"66":0,"67":1,"68":0,"69":0,"70":0,"71":0,"72":0,"73":0},"f":{"0":1,"1":0,"2":0,"3":0,"4":0,"5":0,"6":0,"7":0,"8":0,"9":0},"b":{"0":[0,0],"1":[0,0],"2":[0,0],"3":[0,0],"4":[0,0],"5":[0,0],"6":[0,0],"7":[0,0],"8":[0,0]},"_coverageSchema":"1a1c01bbd47fc00a2c39e90264f33305004495a9","hash":"f161fc0609ce6efb31b4b79a7e9e68575de0b04e"}
}
