{"/app/server.js": {"path":"/app/server.js","statementMap":{"0":{"start":{"line":30,"column":12},"end":{"line":30,"column":21}},"1":{"start":{"line":33,"column":13},"end":{"line":33,"column":21}},"2":{"start":{"line":37,"column":0},"end":{"line":37,"column":68}},"3":{"start":{"line":39,"column":0},"end":{"line":39,"column":23}},"4":{"start":{"line":40,"column":0},"end":{"line":40,"column":23}},"5":{"start":{"line":42,"column":0},"end":{"line":45,"column":4}},"6":{"start":{"line":48,"column":0},"end":{"line":48,"column":32}},"7":{"start":{"line":49,"column":0},"end":{"line":49,"column":38}},"8":{"start":{"line":50,"column":0},"end":{"line":50,"column":42}},"9":{"start":{"line":51,"column":0},"end":{"line":51,"column":34}},"10":{"start":{"line":52,"column":0},"end":{"line":52,"column":36}},"11":{"start":{"line":53,"column":0},"end":{"line":53,"column":32}},"12":{"start":{"line":54,"column":0},"end":{"line":54,"column":40}},"13":{"start":{"line":55,"column":0},"end":{"line":55,"column":42}},"14":{"start":{"line":56,"column":0},"end":{"line":56,"column":45}},"15":{"start":{"line":57,"column":0},"end":{"line":57,"column":36}},"16":{"start":{"line":58,"column":0},"end":{"line":58,"column":24}},"17":{"start":{"line":59,"column":0},"end":{"line":59,"column":31}},"18":{"start":{"line":62,"column":0},"end":{"line":62,"column":44}},"19":{"start":{"line":72,"column":0},"end":{"line":76,"column":1}},"20":{"start":{"line":73,"column":2},"end":{"line":75,"column":5}},"21":{"start":{"line":74,"column":6},"end":{"line":74,"column":59}}},"fnMap":{"0":{"name":"(anonymous_0)","decl":{"start":{"line":73,"column":19},"end":{"line":73,"column":20}},"loc":{"start":{"line":73,"column":25},"end":{"line":75,"column":3}},"line":73}},"branchMap":{"0":{"loc":{"start":{"line":72,"column":0},"end":{"line":76,"column":1}},"type":"if","locations":[{"start":{"line":72,"column":0},"end":{"line":76,"column":1}},{"start":{},"end":{}}],"line":72}},"s":{"0":45,"1":45,"2":45,"3":45,"4":45,"5":45,"6":45,"7":45,"8":45,"9":45,"10":45,"11":45,"12":45,"13":45,"14":45,"15":45,"16":45,"17":45,"18":45,"19":45,"20":0,"21":0},"f":{"0":0},"b":{"0":[0,45]},"_coverageSchema":"1a1c01bbd47fc00a2c39e90264f33305004495a9","hash":"342b52889e5b779314c91914264e15fc89f03b3e"}
,"/app/serverTest.js": {"path":"/app/serverTest.js","statementMap":{"0":{"start":{"line":7,"column":24},"end":{"line":118,"column":1}},"1":{"start":{"line":8,"column":4},"end":{"line":117,"column":5}},"2":{"start":{"line":9,"column":8},"end":{"line":9,"column":35}},"3":{"start":{"line":11,"column":21},"end":{"line":17,"column":10}},"4":{"start":{"line":21,"column":22},"end":{"line":27,"column":10}},"5":{"start":{"line":29,"column":22},"end":{"line":35,"column":10}},"6":{"start":{"line":38,"column":25},"end":{"line":41,"column":10}},"7":{"start":{"line":44,"column":21},"end":{"line":48,"column":10}},"8":{"start":{"line":53,"column":24},"end":{"line":61,"column":10}},"9":{"start":{"line":64,"column":25},"end":{"line":72,"column":10}},"10":{"start":{"line":74,"column":25},"end":{"line":78,"column":10}},"11":{"start":{"line":80,"column":25},"end":{"line":85,"column":10}},"12":{"start":{"line":86,"column":26},"end":{"line":91,"column":10}},"13":{"start":{"line":93,"column":26},"end":{"line":98,"column":10}},"14":{"start":{"line":100,"column":24},"end":{"line":106,"column":10}},"15":{"start":{"line":108,"column":23},"end":{"line":113,"column":10}},"16":{"start":{"line":116,"column":8},"end":{"line":116,"column":82}},"17":{"start":{"line":123,"column":25},"end":{"line":141,"column":1}},"18":{"start":{"line":124,"column":4},"end":{"line":140,"column":5}},"19":{"start":{"line":126,"column":8},"end":{"line":126,"column":62}},"20":{"start":{"line":127,"column":8},"end":{"line":127,"column":66}},"21":{"start":{"line":128,"column":8},"end":{"line":128,"column":64}},"22":{"start":{"line":129,"column":8},"end":{"line":129,"column":68}},"23":{"start":{"line":131,"column":8},"end":{"line":131,"column":60}},"24":{"start":{"line":134,"column":8},"end":{"line":134,"column":58}},"25":{"start":{"line":135,"column":8},"end":{"line":135,"column":61}},"26":{"start":{"line":136,"column":8},"end":{"line":136,"column":63}},"27":{"start":{"line":137,"column":8},"end":{"line":137,"column":58}},"28":{"start":{"line":139,"column":8},"end":{"line":139,"column":64}},"29":{"start":{"line":143,"column":21},"end":{"line":148,"column":1}},"30":{"start":{"line":144,"column":17},"end":{"line":144,"column":69}},"31":{"start":{"line":145,"column":4},"end":{"line":145,"column":116}},"32":{"start":{"line":145,"column":51},"end":{"line":145,"column":116}},"33":{"start":{"line":146,"column":4},"end":{"line":146,"column":73}},"34":{"start":{"line":146,"column":14},"end":{"line":146,"column":73}},"35":{"start":{"line":147,"column":4},"end":{"line":147,"column":67}}},"fnMap":{"0":{"name":"(anonymous_0)","decl":{"start":{"line":7,"column":24},"end":{"line":7,"column":25}},"loc":{"start":{"line":7,"column":36},"end":{"line":118,"column":1}},"line":7},"1":{"name":"(anonymous_1)","decl":{"start":{"line":123,"column":25},"end":{"line":123,"column":26}},"loc":{"start":{"line":123,"column":37},"end":{"line":141,"column":1}},"line":123},"2":{"name":"(anonymous_2)","decl":{"start":{"line":143,"column":21},"end":{"line":143,"column":22}},"loc":{"start":{"line":143,"column":43},"end":{"line":148,"column":1}},"line":143}},"branchMap":{"0":{"loc":{"start":{"line":145,"column":4},"end":{"line":145,"column":116}},"type":"if","locations":[{"start":{"line":145,"column":4},"end":{"line":145,"column":116}},{"start":{},"end":{}}],"line":145},"1":{"loc":{"start":{"line":146,"column":4},"end":{"line":146,"column":73}},"type":"if","locations":[{"start":{"line":146,"column":4},"end":{"line":146,"column":73}},{"start":{},"end":{}}],"line":146}},"s":{"0":38,"1":39,"2":39,"3":39,"4":39,"5":39,"6":39,"7":39,"8":39,"9":39,"10":39,"11":39,"12":39,"13":39,"14":39,"15":39,"16":0,"17":38,"18":39,"19":39,"20":39,"21":38,"22":38,"23":38,"24":38,"25":38,"26":38,"27":38,"28":2,"29":38,"30":54,"31":54,"32":1,"33":53,"34":13,"35":40},"f":{"0":39,"1":39,"2":54},"b":{"0":[1,53],"1":[13,40]},"_coverageSchema":"1a1c01bbd47fc00a2c39e90264f33305004495a9","hash":"45254d80add360c31173adbacf5de45cf110a5b4"}
,"/app/swagger.js": {"path":"/app/swagger.js","statementMap":{"0":{"start":{"line":3,"column":13},"end":{"line":3,"column":21}},"1":{"start":{"line":6,"column":23},"end":{"line":26,"column":1}},"2":{"start":{"line":29,"column":21},"end":{"line":29,"column":49}}},"fnMap":{},"branchMap":{},"s":{"0":45,"1":45,"2":45},"f":{},"b":{},"_coverageSchema":"1a1c01bbd47fc00a2c39e90264f33305004495a9","hash":"99531b738e73adeade5e7312d3072181c11a1c41"}
,"/app/src/auth.js": {"path":"/app/src/auth.js","statementMap":{"0":{"start":{"line":6,"column":28},"end":{"line":22,"column":1}},"1":{"start":{"line":7,"column":18},"end":{"line":7,"column":42}},"2":{"start":{"line":8,"column":4},"end":{"line":8,"column":41}},"3":{"start":{"line":10,"column":4},"end":{"line":10,"column":62}},"4":{"start":{"line":10,"column":16},"end":{"line":10,"column":62}},"5":{"start":{"line":12,"column":4},"end":{"line":21,"column":7}},"6":{"start":{"line":13,"column":8},"end":{"line":15,"column":9}},"7":{"start":{"line":14,"column":12},"end":{"line":14,"column":64}},"8":{"start":{"line":16,"column":8},"end":{"line":18,"column":9}},"9":{"start":{"line":17,"column":12},"end":{"line":17,"column":77}},"10":{"start":{"line":19,"column":8},"end":{"line":19,"column":24}},"11":{"start":{"line":20,"column":8},"end":{"line":20,"column":15}}},"fnMap":{"0":{"name":"(anonymous_0)","decl":{"start":{"line":6,"column":28},"end":{"line":6,"column":29}},"loc":{"start":{"line":6,"column":48},"end":{"line":22,"column":1}},"line":6},"1":{"name":"(anonymous_1)","decl":{"start":{"line":12,"column":33},"end":{"line":12,"column":34}},"loc":{"start":{"line":12,"column":48},"end":{"line":21,"column":5}},"line":12}},"branchMap":{"0":{"loc":{"start":{"line":10,"column":4},"end":{"line":10,"column":62}},"type":"if","locations":[{"start":{"line":10,"column":4},"end":{"line":10,"column":62}},{"start":{},"end":{}}],"line":10},"1":{"loc":{"start":{"line":13,"column":8},"end":{"line":15,"column":9}},"type":"if","locations":[{"start":{"line":13,"column":8},"end":{"line":15,"column":9}},{"start":{},"end":{}}],"line":13},"2":{"loc":{"start":{"line":16,"column":8},"end":{"line":18,"column":9}},"type":"if","locations":[{"start":{"line":16,"column":8},"end":{"line":18,"column":9}},{"start":{},"end":{}}],"line":16}},"s":{"0":45,"1":89,"2":89,"3":89,"4":0,"5":89,"6":89,"7":0,"8":89,"9":0,"10":89,"11":89},"f":{"0":89,"1":89},"b":{"0":[0,89],"1":[0,89],"2":[0,89]},"_coverageSchema":"1a1c01bbd47fc00a2c39e90264f33305004495a9","hash":"1d7cd6910c21a87bc5946d70954a4ff629a6bc7c"}
,"/app/src/config.js": {"path":"/app/src/config.js","statementMap":{"0":{"start":{"line":2,"column":0},"end":{"line":2,"column":16}},"1":{"start":{"line":4,"column":19},"end":{"line":9,"column":1}}},"fnMap":{},"branchMap":{"0":{"loc":{"start":{"line":8,"column":17},"end":{"line":8,"column":67}},"type":"binary-expr","locations":[{"start":{"line":8,"column":17},"end":{"line":8,"column":40}},{"start":{"line":8,"column":44},"end":{"line":8,"column":67}}],"line":8}},"s":{"0":45,"1":45},"f":{},"b":{"0":[45,0]},"_coverageSchema":"1a1c01bbd47fc00a2c39e90264f33305004495a9","hash":"4f1c986a83446be302c5eb308f68820911c352d5"}
,"/app/src/error.js": {"path":"/app/src/error.js","statementMap":{"0":{"start":{"line":1,"column":27},"end":{"line":12,"column":1}},"1":{"start":{"line":3,"column":16},"end":{"line":3,"column":27}},"2":{"start":{"line":6,"column":2},"end":{"line":6,"column":23}},"3":{"start":{"line":9,"column":2},"end":{"line":9,"column":25}},"4":{"start":{"line":11,"column":2},"end":{"line":11,"column":14}}},"fnMap":{"0":{"name":"(anonymous_0)","decl":{"start":{"line":1,"column":27},"end":{"line":1,"column":28}},"loc":{"start":{"line":1,"column":48},"end":{"line":12,"column":1}},"line":1}},"branchMap":{},"s":{"0":45,"1":0,"2":0,"3":0,"4":0},"f":{"0":0},"b":{},"_coverageSchema":"1a1c01bbd47fc00a2c39e90264f33305004495a9","hash":"8e6352e18427eda777b78c2dbbdfc8e4c6bdbce1"}
,"/app/src/controllers/article.controller.js": {"path":"/app/src/controllers/article.controller.js","statementMap":{"0":{"start":{"line":5,"column":19},"end":{"line":49,"column":1}},"1":{"start":{"line":8,"column":70},"end":{"line":8,"column":78}},"2":{"start":{"line":10,"column":18},"end":{"line":10,"column":29}},"3":{"start":{"line":12,"column":2},"end":{"line":16,"column":3}},"4":{"start":{"line":13,"column":4},"end":{"line":13,"column":44}},"5":{"start":{"line":15,"column":4},"end":{"line":15,"column":65}},"6":{"start":{"line":19,"column":2},"end":{"line":23,"column":3}},"7":{"start":{"line":20,"column":4},"end":{"line":20,"column":59}},"8":{"start":{"line":22,"column":4},"end":{"line":22,"column":65}},"9":{"start":{"line":25,"column":2},"end":{"line":48,"column":3}},"10":{"start":{"line":27,"column":23},"end":{"line":36,"column":6}},"11":{"start":{"line":39,"column":4},"end":{"line":39,"column":37}},"12":{"start":{"line":41,"column":4},"end":{"line":41,"column":25}},"13":{"start":{"line":42,"column":4},"end":{"line":47,"column":9}},"14":{"start":{"line":50,"column":22},"end":{"line":58,"column":1}},"15":{"start":{"line":52,"column":2},"end":{"line":57,"column":3}},"16":{"start":{"line":53,"column":4},"end":{"line":53,"column":46}},"17":{"start":{"line":54,"column":4},"end":{"line":54,"column":42}},"18":{"start":{"line":56,"column":4},"end":{"line":56,"column":65}},"19":{"start":{"line":60,"column":23},"end":{"line":69,"column":1}},"20":{"start":{"line":61,"column":13},"end":{"line":61,"column":26}},"21":{"start":{"line":63,"column":2},"end":{"line":68,"column":3}},"22":{"start":{"line":64,"column":4},"end":{"line":64,"column":45}},"23":{"start":{"line":65,"column":4},"end":{"line":65,"column":41}},"24":{"start":{"line":67,"column":4},"end":{"line":67,"column":65}},"25":{"start":{"line":71,"column":26},"end":{"line":91,"column":1}},"26":{"start":{"line":72,"column":13},"end":{"line":72,"column":26}},"27":{"start":{"line":75,"column":2},"end":{"line":79,"column":3}},"28":{"start":{"line":76,"column":4},"end":{"line":76,"column":45}},"29":{"start":{"line":78,"column":4},"end":{"line":78,"column":65}},"30":{"start":{"line":81,"column":2},"end":{"line":82,"column":79}},"31":{"start":{"line":82,"column":4},"end":{"line":82,"column":79}},"32":{"start":{"line":84,"column":2},"end":{"line":88,"column":3}},"33":{"start":{"line":85,"column":4},"end":{"line":85,"column":35}},"34":{"start":{"line":87,"column":4},"end":{"line":87,"column":76}},"35":{"start":{"line":90,"column":2},"end":{"line":90,"column":39}},"36":{"start":{"line":93,"column":26},"end":{"line":105,"column":1}},"37":{"start":{"line":94,"column":13},"end":{"line":94,"column":26}},"38":{"start":{"line":95,"column":17},"end":{"line":95,"column":28}},"39":{"start":{"line":97,"column":2},"end":{"line":104,"column":3}},"40":{"start":{"line":98,"column":4},"end":{"line":98,"column":45}},"41":{"start":{"line":99,"column":4},"end":{"line":99,"column":43}},"42":{"start":{"line":101,"column":4},"end":{"line":101,"column":53}},"43":{"start":{"line":103,"column":4},"end":{"line":103,"column":65}},"44":{"start":{"line":129,"column":25},"end":{"line":138,"column":1}},"45":{"start":{"line":131,"column":2},"end":{"line":137,"column":3}},"46":{"start":{"line":132,"column":4},"end":{"line":132,"column":61}},"47":{"start":{"line":134,"column":4},"end":{"line":134,"column":47}},"48":{"start":{"line":136,"column":4},"end":{"line":136,"column":65}},"49":{"start":{"line":140,"column":25},"end":{"line":149,"column":1}},"50":{"start":{"line":142,"column":2},"end":{"line":148,"column":3}},"51":{"start":{"line":143,"column":4},"end":{"line":143,"column":80}},"52":{"start":{"line":145,"column":4},"end":{"line":145,"column":49}},"53":{"start":{"line":147,"column":4},"end":{"line":147,"column":65}}},"fnMap":{"0":{"name":"(anonymous_0)","decl":{"start":{"line":5,"column":19},"end":{"line":5,"column":20}},"loc":{"start":{"line":5,"column":39},"end":{"line":49,"column":1}},"line":5},"1":{"name":"(anonymous_1)","decl":{"start":{"line":50,"column":22},"end":{"line":50,"column":23}},"loc":{"start":{"line":50,"column":42},"end":{"line":58,"column":1}},"line":50},"2":{"name":"(anonymous_2)","decl":{"start":{"line":60,"column":23},"end":{"line":60,"column":24}},"loc":{"start":{"line":60,"column":43},"end":{"line":69,"column":1}},"line":60},"3":{"name":"(anonymous_3)","decl":{"start":{"line":71,"column":26},"end":{"line":71,"column":27}},"loc":{"start":{"line":71,"column":46},"end":{"line":91,"column":1}},"line":71},"4":{"name":"(anonymous_4)","decl":{"start":{"line":93,"column":26},"end":{"line":93,"column":27}},"loc":{"start":{"line":93,"column":46},"end":{"line":105,"column":1}},"line":93},"5":{"name":"(anonymous_5)","decl":{"start":{"line":129,"column":25},"end":{"line":129,"column":26}},"loc":{"start":{"line":129,"column":45},"end":{"line":138,"column":1}},"line":129},"6":{"name":"(anonymous_6)","decl":{"start":{"line":140,"column":25},"end":{"line":140,"column":26}},"loc":{"start":{"line":140,"column":45},"end":{"line":149,"column":1}},"line":140}},"branchMap":{"0":{"loc":{"start":{"line":81,"column":2},"end":{"line":82,"column":79}},"type":"if","locations":[{"start":{"line":81,"column":2},"end":{"line":82,"column":79}},{"start":{},"end":{}}],"line":81}},"s":{"0":45,"1":4,"2":4,"3":4,"4":4,"5":1,"6":3,"7":3,"8":1,"9":2,"10":2,"11":1,"12":1,"13":1,"14":45,"15":2,"16":2,"17":1,"18":1,"19":45,"20":5,"21":5,"22":5,"23":1,"24":4,"25":45,"26":4,"27":4,"28":4,"29":1,"30":3,"31":1,"32":2,"33":2,"34":1,"35":1,"36":45,"37":4,"38":4,"39":4,"40":4,"41":3,"42":1,"43":3,"44":45,"45":0,"46":0,"47":0,"48":0,"49":45,"50":0,"51":0,"52":0,"53":0},"f":{"0":4,"1":2,"2":5,"3":4,"4":4,"5":0,"6":0},"b":{"0":[1,2]},"_coverageSchema":"1a1c01bbd47fc00a2c39e90264f33305004495a9","hash":"5c77417cc944c16d6bef69abe5d4b9f487f2f112"}
,"/app/src/controllers/cart.controller.js": {"path":"/app/src/controllers/cart.controller.js","statementMap":{"0":{"start":{"line":5,"column":31},"end":{"line":39,"column":1}},"1":{"start":{"line":6,"column":17},"end":{"line":6,"column":28}},"2":{"start":{"line":8,"column":2},"end":{"line":30,"column":3}},"3":{"start":{"line":9,"column":4},"end":{"line":24,"column":7}},"4":{"start":{"line":26,"column":4},"end":{"line":26,"column":71}},"5":{"start":{"line":27,"column":4},"end":{"line":29,"column":75}},"6":{"start":{"line":32,"column":2},"end":{"line":36,"column":3}},"7":{"start":{"line":33,"column":4},"end":{"line":35,"column":65}},"8":{"start":{"line":38,"column":2},"end":{"line":38,"column":36}},"9":{"start":{"line":42,"column":26},"end":{"line":67,"column":1}},"10":{"start":{"line":43,"column":17},"end":{"line":43,"column":28}},"11":{"start":{"line":46,"column":23},"end":{"line":46,"column":73}},"12":{"start":{"line":47,"column":2},"end":{"line":51,"column":3}},"13":{"start":{"line":48,"column":4},"end":{"line":50,"column":69}},"14":{"start":{"line":53,"column":2},"end":{"line":64,"column":3}},"15":{"start":{"line":55,"column":4},"end":{"line":55,"column":70}},"16":{"start":{"line":57,"column":4},"end":{"line":57,"column":67}},"17":{"start":{"line":58,"column":4},"end":{"line":63,"column":9}},"18":{"start":{"line":66,"column":2},"end":{"line":66,"column":39}},"19":{"start":{"line":70,"column":37},"end":{"line":101,"column":1}},"20":{"start":{"line":71,"column":2},"end":{"line":100,"column":3}},"21":{"start":{"line":72,"column":19},"end":{"line":72,"column":30}},"22":{"start":{"line":73,"column":28},"end":{"line":73,"column":36}},"23":{"start":{"line":76,"column":4},"end":{"line":78,"column":5}},"24":{"start":{"line":77,"column":6},"end":{"line":77,"column":71}},"25":{"start":{"line":80,"column":17},"end":{"line":80,"column":67}},"26":{"start":{"line":81,"column":4},"end":{"line":85,"column":5}},"27":{"start":{"line":82,"column":6},"end":{"line":84,"column":67}},"28":{"start":{"line":87,"column":4},"end":{"line":87,"column":53}},"29":{"start":{"line":88,"column":4},"end":{"line":88,"column":31}},"30":{"start":{"line":90,"column":4},"end":{"line":93,"column":6}},"31":{"start":{"line":94,"column":4},"end":{"line":99,"column":9}},"32":{"start":{"line":104,"column":26},"end":{"line":124,"column":1}},"33":{"start":{"line":105,"column":15},"end":{"line":105,"column":26}},"34":{"start":{"line":107,"column":13},"end":{"line":107,"column":63}},"35":{"start":{"line":108,"column":2},"end":{"line":112,"column":3}},"36":{"start":{"line":109,"column":4},"end":{"line":111,"column":65}},"37":{"start":{"line":114,"column":2},"end":{"line":121,"column":3}},"38":{"start":{"line":115,"column":4},"end":{"line":115,"column":25}},"39":{"start":{"line":117,"column":4},"end":{"line":117,"column":70}},"40":{"start":{"line":118,"column":4},"end":{"line":120,"column":74}},"41":{"start":{"line":123,"column":2},"end":{"line":123,"column":32}}},"fnMap":{"0":{"name":"(anonymous_0)","decl":{"start":{"line":5,"column":31},"end":{"line":5,"column":32}},"loc":{"start":{"line":5,"column":51},"end":{"line":39,"column":1}},"line":5},"1":{"name":"(anonymous_1)","decl":{"start":{"line":42,"column":26},"end":{"line":42,"column":27}},"loc":{"start":{"line":42,"column":46},"end":{"line":67,"column":1}},"line":42},"2":{"name":"(anonymous_2)","decl":{"start":{"line":70,"column":37},"end":{"line":70,"column":38}},"loc":{"start":{"line":70,"column":57},"end":{"line":101,"column":1}},"line":70},"3":{"name":"(anonymous_3)","decl":{"start":{"line":104,"column":26},"end":{"line":104,"column":27}},"loc":{"start":{"line":104,"column":46},"end":{"line":124,"column":1}},"line":104}},"branchMap":{"0":{"loc":{"start":{"line":32,"column":2},"end":{"line":36,"column":3}},"type":"if","locations":[{"start":{"line":32,"column":2},"end":{"line":36,"column":3}},{"start":{},"end":{}}],"line":32},"1":{"loc":{"start":{"line":47,"column":2},"end":{"line":51,"column":3}},"type":"if","locations":[{"start":{"line":47,"column":2},"end":{"line":51,"column":3}},{"start":{},"end":{}}],"line":47},"2":{"loc":{"start":{"line":76,"column":4},"end":{"line":78,"column":5}},"type":"if","locations":[{"start":{"line":76,"column":4},"end":{"line":78,"column":5}},{"start":{},"end":{}}],"line":76},"3":{"loc":{"start":{"line":76,"column":8},"end":{"line":76,"column":49}},"type":"binary-expr","locations":[{"start":{"line":76,"column":8},"end":{"line":76,"column":27}},{"start":{"line":76,"column":31},"end":{"line":76,"column":49}}],"line":76},"4":{"loc":{"start":{"line":81,"column":4},"end":{"line":85,"column":5}},"type":"if","locations":[{"start":{"line":81,"column":4},"end":{"line":85,"column":5}},{"start":{},"end":{}}],"line":81},"5":{"loc":{"start":{"line":108,"column":2},"end":{"line":112,"column":3}},"type":"if","locations":[{"start":{"line":108,"column":2},"end":{"line":112,"column":3}},{"start":{},"end":{}}],"line":108}},"s":{"0":45,"1":3,"2":3,"3":3,"4":1,"5":1,"6":2,"7":1,"8":1,"9":45,"10":3,"11":3,"12":3,"13":1,"14":2,"15":2,"16":1,"17":1,"18":1,"19":45,"20":4,"21":4,"22":4,"23":4,"24":1,"25":3,"26":3,"27":1,"28":2,"29":1,"30":1,"31":1,"32":45,"33":3,"34":3,"35":3,"36":1,"37":2,"38":2,"39":1,"40":1,"41":1},"f":{"0":3,"1":3,"2":4,"3":3},"b":{"0":[1,1],"1":[1,2],"2":[1,3],"3":[4,3],"4":[1,2],"5":[1,2]},"_coverageSchema":"1a1c01bbd47fc00a2c39e90264f33305004495a9","hash":"f1012bdfec449dd93a248788c99c12cd5261aac4"}
,"/app/src/controllers/cartItem.controller.js": {"path":"/app/src/controllers/cartItem.controller.js","statementMap":{"0":{"start":{"line":7,"column":31},"end":{"line":18,"column":1}},"1":{"start":{"line":8,"column":2},"end":{"line":17,"column":3}},"2":{"start":{"line":9,"column":22},"end":{"line":9,"column":46}},"3":{"start":{"line":10,"column":4},"end":{"line":10,"column":36}},"4":{"start":{"line":12,"column":4},"end":{"line":16,"column":9}},"5":{"start":{"line":21,"column":31},"end":{"line":28,"column":1}},"6":{"start":{"line":22,"column":2},"end":{"line":27,"column":3}},"7":{"start":{"line":23,"column":21},"end":{"line":23,"column":63}},"8":{"start":{"line":24,"column":4},"end":{"line":24,"column":42}},"9":{"start":{"line":26,"column":4},"end":{"line":26,"column":65}},"10":{"start":{"line":31,"column":27},"end":{"line":78,"column":1}},"11":{"start":{"line":33,"column":35},"end":{"line":33,"column":43}},"12":{"start":{"line":34,"column":15},"end":{"line":34,"column":26}},"13":{"start":{"line":37,"column":13},"end":{"line":37,"column":63}},"14":{"start":{"line":38,"column":2},"end":{"line":41,"column":3}},"15":{"start":{"line":40,"column":4},"end":{"line":40,"column":67}},"16":{"start":{"line":43,"column":2},"end":{"line":75,"column":3}},"17":{"start":{"line":44,"column":4},"end":{"line":49,"column":7}},"18":{"start":{"line":51,"column":4},"end":{"line":60,"column":5}},"19":{"start":{"line":53,"column":26},"end":{"line":53,"column":62}},"20":{"start":{"line":54,"column":6},"end":{"line":54,"column":63}},"21":{"start":{"line":57,"column":6},"end":{"line":57,"column":42}},"22":{"start":{"line":59,"column":6},"end":{"line":59,"column":52}},"23":{"start":{"line":63,"column":4},"end":{"line":67,"column":7}},"24":{"start":{"line":70,"column":4},"end":{"line":70,"column":40}},"25":{"start":{"line":72,"column":4},"end":{"line":74,"column":80}},"26":{"start":{"line":77,"column":2},"end":{"line":77,"column":36}},"27":{"start":{"line":81,"column":30},"end":{"line":106,"column":1}},"28":{"start":{"line":82,"column":17},"end":{"line":82,"column":27}},"29":{"start":{"line":85,"column":17},"end":{"line":85,"column":58}},"30":{"start":{"line":87,"column":2},"end":{"line":89,"column":3}},"31":{"start":{"line":88,"column":4},"end":{"line":88,"column":75}},"32":{"start":{"line":91,"column":15},"end":{"line":91,"column":31}},"33":{"start":{"line":93,"column":2},"end":{"line":104,"column":3}},"34":{"start":{"line":95,"column":4},"end":{"line":95,"column":46}},"35":{"start":{"line":98,"column":4},"end":{"line":98,"column":39}},"36":{"start":{"line":100,"column":4},"end":{"line":100,"column":73}},"37":{"start":{"line":101,"column":4},"end":{"line":103,"column":77}},"38":{"start":{"line":105,"column":2},"end":{"line":105,"column":32}},"39":{"start":{"line":109,"column":30},"end":{"line":135,"column":1}},"40":{"start":{"line":112,"column":2},"end":{"line":116,"column":3}},"41":{"start":{"line":113,"column":4},"end":{"line":113,"column":58}},"42":{"start":{"line":115,"column":4},"end":{"line":115,"column":65}},"43":{"start":{"line":118,"column":2},"end":{"line":133,"column":3}},"44":{"start":{"line":120,"column":4},"end":{"line":120,"column":36}},"45":{"start":{"line":122,"column":4},"end":{"line":122,"column":49}},"46":{"start":{"line":124,"column":4},"end":{"line":127,"column":6}},"47":{"start":{"line":128,"column":4},"end":{"line":132,"column":9}},"48":{"start":{"line":134,"column":2},"end":{"line":134,"column":40}}},"fnMap":{"0":{"name":"(anonymous_0)","decl":{"start":{"line":7,"column":31},"end":{"line":7,"column":32}},"loc":{"start":{"line":7,"column":51},"end":{"line":18,"column":1}},"line":7},"1":{"name":"(anonymous_1)","decl":{"start":{"line":21,"column":31},"end":{"line":21,"column":32}},"loc":{"start":{"line":21,"column":51},"end":{"line":28,"column":1}},"line":21},"2":{"name":"(anonymous_2)","decl":{"start":{"line":31,"column":27},"end":{"line":31,"column":28}},"loc":{"start":{"line":31,"column":47},"end":{"line":78,"column":1}},"line":31},"3":{"name":"(anonymous_3)","decl":{"start":{"line":81,"column":30},"end":{"line":81,"column":31}},"loc":{"start":{"line":81,"column":50},"end":{"line":106,"column":1}},"line":81},"4":{"name":"(anonymous_4)","decl":{"start":{"line":109,"column":30},"end":{"line":109,"column":31}},"loc":{"start":{"line":109,"column":50},"end":{"line":135,"column":1}},"line":109}},"branchMap":{"0":{"loc":{"start":{"line":38,"column":2},"end":{"line":41,"column":3}},"type":"if","locations":[{"start":{"line":38,"column":2},"end":{"line":41,"column":3}},{"start":{},"end":{}}],"line":38},"1":{"loc":{"start":{"line":51,"column":4},"end":{"line":60,"column":5}},"type":"if","locations":[{"start":{"line":51,"column":4},"end":{"line":60,"column":5}},{"start":{},"end":{}}],"line":51},"2":{"loc":{"start":{"line":87,"column":2},"end":{"line":89,"column":3}},"type":"if","locations":[{"start":{"line":87,"column":2},"end":{"line":89,"column":3}},{"start":{},"end":{}}],"line":87}},"s":{"0":45,"1":2,"2":2,"3":1,"4":1,"5":45,"6":3,"7":3,"8":1,"9":2,"10":45,"11":4,"12":4,"13":4,"14":4,"15":1,"16":4,"17":4,"18":4,"19":1,"20":1,"21":1,"22":1,"23":3,"24":2,"25":1,"26":3,"27":45,"28":3,"29":3,"30":3,"31":1,"32":2,"33":2,"34":2,"35":1,"36":1,"37":1,"38":1,"39":45,"40":3,"41":3,"42":1,"43":2,"44":2,"45":1,"46":1,"47":1,"48":1},"f":{"0":2,"1":3,"2":4,"3":3,"4":3},"b":{"0":[1,3],"1":[1,3],"2":[1,2]},"_coverageSchema":"1a1c01bbd47fc00a2c39e90264f33305004495a9","hash":"50ae8d7f19acc30fc09b159132d40fc4f54f0c1b"}
,"/app/src/controllers/categorie.controller.js": {"path":"/app/src/controllers/categorie.controller.js","statementMap":{"0":{"start":{"line":5,"column":32},"end":{"line":15,"column":1}},"1":{"start":{"line":6,"column":2},"end":{"line":14,"column":3}},"2":{"start":{"line":7,"column":23},"end":{"line":7,"column":48}},"3":{"start":{"line":8,"column":4},"end":{"line":8,"column":37}},"4":{"start":{"line":10,"column":4},"end":{"line":10,"column":75}},"5":{"start":{"line":11,"column":4},"end":{"line":13,"column":80}},"6":{"start":{"line":18,"column":31},"end":{"line":27,"column":1}},"7":{"start":{"line":19,"column":13},"end":{"line":19,"column":26}},"8":{"start":{"line":21,"column":2},"end":{"line":26,"column":3}},"9":{"start":{"line":22,"column":4},"end":{"line":22,"column":48}},"10":{"start":{"line":23,"column":4},"end":{"line":23,"column":42}},"11":{"start":{"line":25,"column":4},"end":{"line":25,"column":65}},"12":{"start":{"line":30,"column":30},"end":{"line":47,"column":1}},"13":{"start":{"line":31,"column":2},"end":{"line":46,"column":3}},"14":{"start":{"line":33,"column":34},"end":{"line":33,"column":42}},"15":{"start":{"line":34,"column":4},"end":{"line":38,"column":5}},"16":{"start":{"line":35,"column":6},"end":{"line":37,"column":62}},"17":{"start":{"line":39,"column":24},"end":{"line":39,"column":69}},"18":{"start":{"line":40,"column":4},"end":{"line":40,"column":38}},"19":{"start":{"line":42,"column":4},"end":{"line":42,"column":72}},"20":{"start":{"line":43,"column":4},"end":{"line":45,"column":77}},"21":{"start":{"line":50,"column":30},"end":{"line":68,"column":1}},"22":{"start":{"line":52,"column":32},"end":{"line":52,"column":40}},"23":{"start":{"line":53,"column":2},"end":{"line":57,"column":3}},"24":{"start":{"line":54,"column":4},"end":{"line":54,"column":59}},"25":{"start":{"line":56,"column":4},"end":{"line":56,"column":65}},"26":{"start":{"line":59,"column":2},"end":{"line":67,"column":3}},"27":{"start":{"line":60,"column":4},"end":{"line":60,"column":49}},"28":{"start":{"line":61,"column":4},"end":{"line":61,"column":35}},"29":{"start":{"line":63,"column":4},"end":{"line":63,"column":75}},"30":{"start":{"line":64,"column":4},"end":{"line":66,"column":80}},"31":{"start":{"line":71,"column":30},"end":{"line":85,"column":1}},"32":{"start":{"line":72,"column":2},"end":{"line":84,"column":3}},"33":{"start":{"line":73,"column":21},"end":{"line":73,"column":60}},"34":{"start":{"line":74,"column":4},"end":{"line":76,"column":5}},"35":{"start":{"line":75,"column":6},"end":{"line":75,"column":70}},"36":{"start":{"line":77,"column":4},"end":{"line":77,"column":29}},"37":{"start":{"line":78,"column":4},"end":{"line":78,"column":59}},"38":{"start":{"line":80,"column":4},"end":{"line":80,"column":75}},"39":{"start":{"line":81,"column":4},"end":{"line":83,"column":80}}},"fnMap":{"0":{"name":"(anonymous_0)","decl":{"start":{"line":5,"column":32},"end":{"line":5,"column":33}},"loc":{"start":{"line":5,"column":52},"end":{"line":15,"column":1}},"line":5},"1":{"name":"(anonymous_1)","decl":{"start":{"line":18,"column":31},"end":{"line":18,"column":32}},"loc":{"start":{"line":18,"column":51},"end":{"line":27,"column":1}},"line":18},"2":{"name":"(anonymous_2)","decl":{"start":{"line":30,"column":30},"end":{"line":30,"column":31}},"loc":{"start":{"line":30,"column":50},"end":{"line":47,"column":1}},"line":30},"3":{"name":"(anonymous_3)","decl":{"start":{"line":50,"column":30},"end":{"line":50,"column":31}},"loc":{"start":{"line":50,"column":50},"end":{"line":68,"column":1}},"line":50},"4":{"name":"(anonymous_4)","decl":{"start":{"line":71,"column":30},"end":{"line":71,"column":31}},"loc":{"start":{"line":71,"column":50},"end":{"line":85,"column":1}},"line":71}},"branchMap":{"0":{"loc":{"start":{"line":34,"column":4},"end":{"line":38,"column":5}},"type":"if","locations":[{"start":{"line":34,"column":4},"end":{"line":38,"column":5}},{"start":{},"end":{}}],"line":34},"1":{"loc":{"start":{"line":74,"column":4},"end":{"line":76,"column":5}},"type":"if","locations":[{"start":{"line":74,"column":4},"end":{"line":76,"column":5}},{"start":{},"end":{}}],"line":74}},"s":{"0":45,"1":2,"2":2,"3":1,"4":1,"5":1,"6":45,"7":3,"8":3,"9":3,"10":1,"11":2,"12":45,"13":3,"14":3,"15":3,"16":1,"17":2,"18":1,"19":1,"20":1,"21":45,"22":3,"23":3,"24":3,"25":2,"26":1,"27":1,"28":1,"29":0,"30":0,"31":45,"32":3,"33":3,"34":2,"35":1,"36":1,"37":1,"38":1,"39":1},"f":{"0":2,"1":3,"2":3,"3":3,"4":3},"b":{"0":[1,2],"1":[1,1]},"_coverageSchema":"1a1c01bbd47fc00a2c39e90264f33305004495a9","hash":"ac41f8fd779105cb763f484ef0d43fca0c9ff759"}
,"/app/src/controllers/orderDetails.controller.js": {"path":"/app/src/controllers/orderDetails.controller.js","statementMap":{"0":{"start":{"line":5,"column":28},"end":{"line":18,"column":1}},"1":{"start":{"line":6,"column":2},"end":{"line":17,"column":3}},"2":{"start":{"line":7,"column":19},"end":{"line":7,"column":30}},"3":{"start":{"line":8,"column":19},"end":{"line":8,"column":77}},"4":{"start":{"line":9,"column":4},"end":{"line":11,"column":5}},"5":{"start":{"line":10,"column":6},"end":{"line":10,"column":72}},"6":{"start":{"line":12,"column":4},"end":{"line":12,"column":33}},"7":{"start":{"line":14,"column":4},"end":{"line":16,"column":79}},"8":{"start":{"line":21,"column":28},"end":{"line":37,"column":1}},"9":{"start":{"line":22,"column":2},"end":{"line":36,"column":3}},"10":{"start":{"line":23,"column":19},"end":{"line":23,"column":30}},"11":{"start":{"line":24,"column":18},"end":{"line":26,"column":6}},"12":{"start":{"line":27,"column":4},"end":{"line":29,"column":5}},"13":{"start":{"line":28,"column":6},"end":{"line":28,"column":69}},"14":{"start":{"line":30,"column":4},"end":{"line":30,"column":32}},"15":{"start":{"line":32,"column":4},"end":{"line":32,"column":76}},"16":{"start":{"line":33,"column":4},"end":{"line":35,"column":80}},"17":{"start":{"line":40,"column":27},"end":{"line":67,"column":1}},"18":{"start":{"line":41,"column":2},"end":{"line":66,"column":3}},"19":{"start":{"line":42,"column":19},"end":{"line":42,"column":30}},"20":{"start":{"line":43,"column":46},"end":{"line":43,"column":54}},"21":{"start":{"line":46,"column":4},"end":{"line":52,"column":5}},"22":{"start":{"line":47,"column":6},"end":{"line":51,"column":11}},"23":{"start":{"line":54,"column":21},"end":{"line":59,"column":6}},"24":{"start":{"line":61,"column":4},"end":{"line":61,"column":51}},"25":{"start":{"line":63,"column":4},"end":{"line":65,"column":76}},"26":{"start":{"line":70,"column":27},"end":{"line":89,"column":1}},"27":{"start":{"line":71,"column":2},"end":{"line":88,"column":3}},"28":{"start":{"line":72,"column":19},"end":{"line":72,"column":30}},"29":{"start":{"line":73,"column":46},"end":{"line":73,"column":54}},"30":{"start":{"line":75,"column":18},"end":{"line":77,"column":6}},"31":{"start":{"line":78,"column":4},"end":{"line":80,"column":5}},"32":{"start":{"line":79,"column":6},"end":{"line":79,"column":69}},"33":{"start":{"line":82,"column":4},"end":{"line":82,"column":58}},"34":{"start":{"line":83,"column":4},"end":{"line":83,"column":32}},"35":{"start":{"line":85,"column":4},"end":{"line":87,"column":79}},"36":{"start":{"line":92,"column":27},"end":{"line":111,"column":1}},"37":{"start":{"line":93,"column":2},"end":{"line":110,"column":3}},"38":{"start":{"line":94,"column":19},"end":{"line":94,"column":30}},"39":{"start":{"line":95,"column":18},"end":{"line":97,"column":6}},"40":{"start":{"line":99,"column":4},"end":{"line":101,"column":5}},"41":{"start":{"line":100,"column":6},"end":{"line":100,"column":69}},"42":{"start":{"line":103,"column":4},"end":{"line":103,"column":26}},"43":{"start":{"line":104,"column":4},"end":{"line":104,"column":72}},"44":{"start":{"line":106,"column":4},"end":{"line":106,"column":75}},"45":{"start":{"line":107,"column":4},"end":{"line":109,"column":79}}},"fnMap":{"0":{"name":"(anonymous_0)","decl":{"start":{"line":5,"column":28},"end":{"line":5,"column":29}},"loc":{"start":{"line":5,"column":48},"end":{"line":18,"column":1}},"line":5},"1":{"name":"(anonymous_1)","decl":{"start":{"line":21,"column":28},"end":{"line":21,"column":29}},"loc":{"start":{"line":21,"column":48},"end":{"line":37,"column":1}},"line":21},"2":{"name":"(anonymous_2)","decl":{"start":{"line":40,"column":27},"end":{"line":40,"column":28}},"loc":{"start":{"line":40,"column":47},"end":{"line":67,"column":1}},"line":40},"3":{"name":"(anonymous_3)","decl":{"start":{"line":70,"column":27},"end":{"line":70,"column":28}},"loc":{"start":{"line":70,"column":47},"end":{"line":89,"column":1}},"line":70},"4":{"name":"(anonymous_4)","decl":{"start":{"line":92,"column":27},"end":{"line":92,"column":28}},"loc":{"start":{"line":92,"column":47},"end":{"line":111,"column":1}},"line":92}},"branchMap":{"0":{"loc":{"start":{"line":9,"column":4},"end":{"line":11,"column":5}},"type":"if","locations":[{"start":{"line":9,"column":4},"end":{"line":11,"column":5}},{"start":{},"end":{}}],"line":9},"1":{"loc":{"start":{"line":27,"column":4},"end":{"line":29,"column":5}},"type":"if","locations":[{"start":{"line":27,"column":4},"end":{"line":29,"column":5}},{"start":{},"end":{}}],"line":27},"2":{"loc":{"start":{"line":46,"column":4},"end":{"line":52,"column":5}},"type":"if","locations":[{"start":{"line":46,"column":4},"end":{"line":52,"column":5}},{"start":{},"end":{}}],"line":46},"3":{"loc":{"start":{"line":46,"column":8},"end":{"line":46,"column":44}},"type":"binary-expr","locations":[{"start":{"line":46,"column":8},"end":{"line":46,"column":14}},{"start":{"line":46,"column":18},"end":{"line":46,"column":26}},{"start":{"line":46,"column":30},"end":{"line":46,"column":44}}],"line":46},"4":{"loc":{"start":{"line":78,"column":4},"end":{"line":80,"column":5}},"type":"if","locations":[{"start":{"line":78,"column":4},"end":{"line":80,"column":5}},{"start":{},"end":{}}],"line":78},"5":{"loc":{"start":{"line":99,"column":4},"end":{"line":101,"column":5}},"type":"if","locations":[{"start":{"line":99,"column":4},"end":{"line":101,"column":5}},{"start":{},"end":{}}],"line":99}},"s":{"0":45,"1":3,"2":3,"3":3,"4":2,"5":1,"6":1,"7":1,"8":45,"9":3,"10":3,"11":3,"12":2,"13":1,"14":1,"15":1,"16":1,"17":45,"18":3,"19":3,"20":3,"21":3,"22":1,"23":2,"24":1,"25":1,"26":45,"27":3,"28":3,"29":3,"30":3,"31":3,"32":1,"33":2,"34":1,"35":1,"36":45,"37":3,"38":3,"39":3,"40":2,"41":1,"42":1,"43":1,"44":1,"45":1},"f":{"0":3,"1":3,"2":3,"3":3,"4":3},"b":{"0":[1,1],"1":[1,1],"2":[1,2],"3":[3,2,2],"4":[1,2],"5":[1,1]},"_coverageSchema":"1a1c01bbd47fc00a2c39e90264f33305004495a9","hash":"3b0ef8d0cca7623dfc7b46485ccb1a1dfa8a8deb"}
,"/app/src/controllers/orderItem.controller.js": {"path":"/app/src/controllers/orderItem.controller.js","statementMap":{"0":{"start":{"line":4,"column":32},"end":{"line":32,"column":1}},"1":{"start":{"line":5,"column":2},"end":{"line":31,"column":3}},"2":{"start":{"line":6,"column":19},"end":{"line":6,"column":30}},"3":{"start":{"line":8,"column":4},"end":{"line":8,"column":46}},"4":{"start":{"line":9,"column":23},"end":{"line":16,"column":6}},"5":{"start":{"line":17,"column":4},"end":{"line":17,"column":58}},"6":{"start":{"line":18,"column":4},"end":{"line":18,"column":37}},"7":{"start":{"line":19,"column":4},"end":{"line":19,"column":45}},"8":{"start":{"line":21,"column":4},"end":{"line":24,"column":6}},"9":{"start":{"line":25,"column":4},"end":{"line":30,"column":9}},"10":{"start":{"line":35,"column":32},"end":{"line":53,"column":1}},"11":{"start":{"line":36,"column":2},"end":{"line":52,"column":3}},"12":{"start":{"line":38,"column":22},"end":{"line":38,"column":62}},"13":{"start":{"line":41,"column":4},"end":{"line":43,"column":5}},"14":{"start":{"line":42,"column":6},"end":{"line":42,"column":69}},"15":{"start":{"line":46,"column":4},"end":{"line":46,"column":43}},"16":{"start":{"line":48,"column":4},"end":{"line":48,"column":44}},"17":{"start":{"line":49,"column":4},"end":{"line":51,"column":71}},"18":{"start":{"line":56,"column":31},"end":{"line":98,"column":1}},"19":{"start":{"line":57,"column":2},"end":{"line":97,"column":3}},"20":{"start":{"line":58,"column":54},"end":{"line":58,"column":62}},"21":{"start":{"line":59,"column":19},"end":{"line":59,"column":30}},"22":{"start":{"line":62,"column":4},"end":{"line":64,"column":5}},"23":{"start":{"line":63,"column":6},"end":{"line":63,"column":76}},"24":{"start":{"line":67,"column":18},"end":{"line":69,"column":6}},"25":{"start":{"line":70,"column":4},"end":{"line":77,"column":5}},"26":{"start":{"line":71,"column":6},"end":{"line":76,"column":11}},"27":{"start":{"line":80,"column":25},"end":{"line":85,"column":6}},"28":{"start":{"line":86,"column":4},"end":{"line":86,"column":39}},"29":{"start":{"line":88,"column":4},"end":{"line":91,"column":6}},"30":{"start":{"line":92,"column":4},"end":{"line":96,"column":9}},"31":{"start":{"line":101,"column":31},"end":{"line":127,"column":1}},"32":{"start":{"line":102,"column":2},"end":{"line":126,"column":3}},"33":{"start":{"line":103,"column":54},"end":{"line":103,"column":62}},"34":{"start":{"line":104,"column":19},"end":{"line":104,"column":30}},"35":{"start":{"line":106,"column":22},"end":{"line":108,"column":6}},"36":{"start":{"line":110,"column":4},"end":{"line":112,"column":5}},"37":{"start":{"line":111,"column":6},"end":{"line":111,"column":79}},"38":{"start":{"line":114,"column":4},"end":{"line":114,"column":70}},"39":{"start":{"line":115,"column":4},"end":{"line":115,"column":36}},"40":{"start":{"line":117,"column":4},"end":{"line":120,"column":6}},"41":{"start":{"line":121,"column":4},"end":{"line":125,"column":9}},"42":{"start":{"line":130,"column":31},"end":{"line":154,"column":1}},"43":{"start":{"line":131,"column":2},"end":{"line":153,"column":3}},"44":{"start":{"line":132,"column":19},"end":{"line":132,"column":30}},"45":{"start":{"line":134,"column":22},"end":{"line":136,"column":6}},"46":{"start":{"line":138,"column":4},"end":{"line":140,"column":5}},"47":{"start":{"line":139,"column":6},"end":{"line":139,"column":79}},"48":{"start":{"line":142,"column":4},"end":{"line":142,"column":30}},"49":{"start":{"line":143,"column":4},"end":{"line":145,"column":69}},"50":{"start":{"line":147,"column":4},"end":{"line":152,"column":9}}},"fnMap":{"0":{"name":"(anonymous_0)","decl":{"start":{"line":4,"column":32},"end":{"line":4,"column":33}},"loc":{"start":{"line":4,"column":52},"end":{"line":32,"column":1}},"line":4},"1":{"name":"(anonymous_1)","decl":{"start":{"line":35,"column":32},"end":{"line":35,"column":33}},"loc":{"start":{"line":35,"column":52},"end":{"line":53,"column":1}},"line":35},"2":{"name":"(anonymous_2)","decl":{"start":{"line":56,"column":31},"end":{"line":56,"column":32}},"loc":{"start":{"line":56,"column":51},"end":{"line":98,"column":1}},"line":56},"3":{"name":"(anonymous_3)","decl":{"start":{"line":101,"column":31},"end":{"line":101,"column":32}},"loc":{"start":{"line":101,"column":51},"end":{"line":127,"column":1}},"line":101},"4":{"name":"(anonymous_4)","decl":{"start":{"line":130,"column":31},"end":{"line":130,"column":32}},"loc":{"start":{"line":130,"column":51},"end":{"line":154,"column":1}},"line":130}},"branchMap":{"0":{"loc":{"start":{"line":41,"column":4},"end":{"line":43,"column":5}},"type":"if","locations":[{"start":{"line":41,"column":4},"end":{"line":43,"column":5}},{"start":{},"end":{}}],"line":41},"1":{"loc":{"start":{"line":62,"column":4},"end":{"line":64,"column":5}},"type":"if","locations":[{"start":{"line":62,"column":4},"end":{"line":64,"column":5}},{"start":{},"end":{}}],"line":62},"2":{"loc":{"start":{"line":62,"column":8},"end":{"line":62,"column":55}},"type":"binary-expr","locations":[{"start":{"line":62,"column":8},"end":{"line":62,"column":17}},{"start":{"line":62,"column":21},"end":{"line":62,"column":32}},{"start":{"line":62,"column":36},"end":{"line":62,"column":45}},{"start":{"line":62,"column":49},"end":{"line":62,"column":55}}],"line":62},"3":{"loc":{"start":{"line":70,"column":4},"end":{"line":77,"column":5}},"type":"if","locations":[{"start":{"line":70,"column":4},"end":{"line":77,"column":5}},{"start":{},"end":{}}],"line":70},"4":{"loc":{"start":{"line":110,"column":4},"end":{"line":112,"column":5}},"type":"if","locations":[{"start":{"line":110,"column":4},"end":{"line":112,"column":5}},{"start":{},"end":{}}],"line":110},"5":{"loc":{"start":{"line":138,"column":4},"end":{"line":140,"column":5}},"type":"if","locations":[{"start":{"line":138,"column":4},"end":{"line":140,"column":5}},{"start":{},"end":{}}],"line":138}},"s":{"0":45,"1":2,"2":2,"3":2,"4":2,"5":1,"6":1,"7":1,"8":1,"9":1,"10":45,"11":3,"12":3,"13":2,"14":1,"15":1,"16":1,"17":1,"18":45,"19":4,"20":4,"21":4,"22":4,"23":1,"24":3,"25":3,"26":1,"27":2,"28":1,"29":1,"30":1,"31":45,"32":3,"33":3,"34":3,"35":3,"36":3,"37":1,"38":2,"39":1,"40":1,"41":1,"42":45,"43":3,"44":3,"45":3,"46":3,"47":1,"48":2,"49":1,"50":1},"f":{"0":2,"1":3,"2":4,"3":3,"4":3},"b":{"0":[1,1],"1":[1,3],"2":[4,3,3,3],"3":[1,2],"4":[1,2],"5":[1,2]},"_coverageSchema":"1a1c01bbd47fc00a2c39e90264f33305004495a9","hash":"b8c9db048aa4f5bb2e05ba6324efdef6f4909565"}
,"/app/src/controllers/paymentDetail.controller.js": {"path":"/app/src/controllers/paymentDetail.controller.js","statementMap":{"0":{"start":{"line":4,"column":36},"end":{"line":19,"column":1}},"1":{"start":{"line":5,"column":2},"end":{"line":18,"column":3}},"2":{"start":{"line":6,"column":27},"end":{"line":6,"column":57}},"3":{"start":{"line":7,"column":4},"end":{"line":7,"column":41}},"4":{"start":{"line":9,"column":4},"end":{"line":12,"column":6}},"5":{"start":{"line":13,"column":4},"end":{"line":17,"column":9}},"6":{"start":{"line":22,"column":36},"end":{"line":40,"column":1}},"7":{"start":{"line":23,"column":2},"end":{"line":39,"column":3}},"8":{"start":{"line":24,"column":26},"end":{"line":24,"column":70}},"9":{"start":{"line":25,"column":4},"end":{"line":27,"column":5}},"10":{"start":{"line":26,"column":6},"end":{"line":26,"column":78}},"11":{"start":{"line":28,"column":4},"end":{"line":28,"column":40}},"12":{"start":{"line":30,"column":4},"end":{"line":33,"column":6}},"13":{"start":{"line":34,"column":4},"end":{"line":38,"column":9}},"14":{"start":{"line":43,"column":32},"end":{"line":66,"column":1}},"15":{"start":{"line":44,"column":2},"end":{"line":65,"column":3}},"16":{"start":{"line":45,"column":51},"end":{"line":45,"column":59}},"17":{"start":{"line":47,"column":4},"end":{"line":51,"column":5}},"18":{"start":{"line":48,"column":6},"end":{"line":50,"column":78}},"19":{"start":{"line":53,"column":29},"end":{"line":58,"column":6}},"20":{"start":{"line":59,"column":4},"end":{"line":59,"column":43}},"21":{"start":{"line":61,"column":4},"end":{"line":61,"column":75}},"22":{"start":{"line":62,"column":4},"end":{"line":64,"column":79}},"23":{"start":{"line":69,"column":35},"end":{"line":88,"column":1}},"24":{"start":{"line":70,"column":2},"end":{"line":87,"column":3}},"25":{"start":{"line":71,"column":26},"end":{"line":71,"column":70}},"26":{"start":{"line":72,"column":4},"end":{"line":74,"column":5}},"27":{"start":{"line":73,"column":6},"end":{"line":73,"column":78}},"28":{"start":{"line":75,"column":4},"end":{"line":75,"column":41}},"29":{"start":{"line":76,"column":4},"end":{"line":76,"column":40}},"30":{"start":{"line":78,"column":4},"end":{"line":81,"column":6}},"31":{"start":{"line":82,"column":4},"end":{"line":86,"column":9}},"32":{"start":{"line":91,"column":35},"end":{"line":110,"column":1}},"33":{"start":{"line":92,"column":2},"end":{"line":109,"column":3}},"34":{"start":{"line":93,"column":26},"end":{"line":93,"column":70}},"35":{"start":{"line":94,"column":4},"end":{"line":96,"column":5}},"36":{"start":{"line":95,"column":6},"end":{"line":95,"column":78}},"37":{"start":{"line":97,"column":4},"end":{"line":97,"column":34}},"38":{"start":{"line":98,"column":4},"end":{"line":98,"column":27}},"39":{"start":{"line":100,"column":4},"end":{"line":103,"column":6}},"40":{"start":{"line":104,"column":4},"end":{"line":108,"column":9}}},"fnMap":{"0":{"name":"(anonymous_0)","decl":{"start":{"line":4,"column":36},"end":{"line":4,"column":37}},"loc":{"start":{"line":4,"column":56},"end":{"line":19,"column":1}},"line":4},"1":{"name":"(anonymous_1)","decl":{"start":{"line":22,"column":36},"end":{"line":22,"column":37}},"loc":{"start":{"line":22,"column":56},"end":{"line":40,"column":1}},"line":22},"2":{"name":"(anonymous_2)","decl":{"start":{"line":43,"column":32},"end":{"line":43,"column":33}},"loc":{"start":{"line":43,"column":52},"end":{"line":66,"column":1}},"line":43},"3":{"name":"(anonymous_3)","decl":{"start":{"line":69,"column":35},"end":{"line":69,"column":36}},"loc":{"start":{"line":69,"column":55},"end":{"line":88,"column":1}},"line":69},"4":{"name":"(anonymous_4)","decl":{"start":{"line":91,"column":35},"end":{"line":91,"column":36}},"loc":{"start":{"line":91,"column":55},"end":{"line":110,"column":1}},"line":91}},"branchMap":{"0":{"loc":{"start":{"line":25,"column":4},"end":{"line":27,"column":5}},"type":"if","locations":[{"start":{"line":25,"column":4},"end":{"line":27,"column":5}},{"start":{},"end":{}}],"line":25},"1":{"loc":{"start":{"line":47,"column":4},"end":{"line":51,"column":5}},"type":"if","locations":[{"start":{"line":47,"column":4},"end":{"line":51,"column":5}},{"start":{},"end":{}}],"line":47},"2":{"loc":{"start":{"line":47,"column":8},"end":{"line":47,"column":41}},"type":"binary-expr","locations":[{"start":{"line":47,"column":8},"end":{"line":47,"column":17}},{"start":{"line":47,"column":21},"end":{"line":47,"column":28}},{"start":{"line":47,"column":32},"end":{"line":47,"column":41}}],"line":47},"3":{"loc":{"start":{"line":72,"column":4},"end":{"line":74,"column":5}},"type":"if","locations":[{"start":{"line":72,"column":4},"end":{"line":74,"column":5}},{"start":{},"end":{}}],"line":72},"4":{"loc":{"start":{"line":94,"column":4},"end":{"line":96,"column":5}},"type":"if","locations":[{"start":{"line":94,"column":4},"end":{"line":96,"column":5}},{"start":{},"end":{}}],"line":94}},"s":{"0":45,"1":2,"2":2,"3":1,"4":1,"5":1,"6":45,"7":3,"8":3,"9":2,"10":1,"11":1,"12":1,"13":1,"14":45,"15":3,"16":3,"17":3,"18":1,"19":2,"20":1,"21":1,"22":1,"23":45,"24":3,"25":3,"26":3,"27":1,"28":2,"29":1,"30":1,"31":1,"32":45,"33":3,"34":3,"35":2,"36":1,"37":1,"38":1,"39":1,"40":1},"f":{"0":2,"1":3,"2":3,"3":3,"4":3},"b":{"0":[1,1],"1":[1,2],"2":[3,3,3],"3":[1,2],"4":[1,1]},"_coverageSchema":"1a1c01bbd47fc00a2c39e90264f33305004495a9","hash":"bf5d5051478b4a3f22ae7fd4e366017168a68061"}
,"/app/src/controllers/review.controller.js": {"path":"/app/src/controllers/review.controller.js","statementMap":{"0":{"start":{"line":6,"column":29},"end":{"line":14,"column":1}},"1":{"start":{"line":7,"column":2},"end":{"line":13,"column":3}},"2":{"start":{"line":8,"column":20},"end":{"line":8,"column":42}},"3":{"start":{"line":9,"column":4},"end":{"line":9,"column":34}},"4":{"start":{"line":11,"column":4},"end":{"line":11,"column":51}},"5":{"start":{"line":12,"column":4},"end":{"line":12,"column":74}},"6":{"start":{"line":17,"column":29},"end":{"line":28,"column":1}},"7":{"start":{"line":18,"column":2},"end":{"line":27,"column":3}},"8":{"start":{"line":19,"column":19},"end":{"line":19,"column":55}},"9":{"start":{"line":20,"column":4},"end":{"line":22,"column":5}},"10":{"start":{"line":21,"column":6},"end":{"line":21,"column":65}},"11":{"start":{"line":23,"column":4},"end":{"line":23,"column":33}},"12":{"start":{"line":25,"column":4},"end":{"line":25,"column":50}},"13":{"start":{"line":26,"column":4},"end":{"line":26,"column":73}},"14":{"start":{"line":31,"column":28},"end":{"line":52,"column":1}},"15":{"start":{"line":32,"column":2},"end":{"line":51,"column":3}},"16":{"start":{"line":33,"column":44},"end":{"line":33,"column":52}},"17":{"start":{"line":34,"column":20},"end":{"line":34,"column":31}},"18":{"start":{"line":36,"column":22},"end":{"line":41,"column":6}},"19":{"start":{"line":42,"column":4},"end":{"line":42,"column":36}},"20":{"start":{"line":44,"column":4},"end":{"line":44,"column":51}},"21":{"start":{"line":45,"column":4},"end":{"line":50,"column":9}},"22":{"start":{"line":55,"column":28},"end":{"line":70,"column":1}},"23":{"start":{"line":56,"column":2},"end":{"line":69,"column":3}},"24":{"start":{"line":57,"column":44},"end":{"line":57,"column":52}},"25":{"start":{"line":58,"column":20},"end":{"line":58,"column":31}},"26":{"start":{"line":60,"column":19},"end":{"line":60,"column":55}},"27":{"start":{"line":61,"column":4},"end":{"line":63,"column":5}},"28":{"start":{"line":62,"column":6},"end":{"line":62,"column":65}},"29":{"start":{"line":64,"column":4},"end":{"line":64,"column":66}},"30":{"start":{"line":65,"column":4},"end":{"line":65,"column":33}},"31":{"start":{"line":67,"column":4},"end":{"line":67,"column":51}},"32":{"start":{"line":68,"column":4},"end":{"line":68,"column":74}},"33":{"start":{"line":73,"column":28},"end":{"line":85,"column":1}},"34":{"start":{"line":74,"column":2},"end":{"line":84,"column":3}},"35":{"start":{"line":75,"column":19},"end":{"line":75,"column":55}},"36":{"start":{"line":76,"column":4},"end":{"line":78,"column":5}},"37":{"start":{"line":77,"column":6},"end":{"line":77,"column":65}},"38":{"start":{"line":79,"column":4},"end":{"line":79,"column":27}},"39":{"start":{"line":80,"column":4},"end":{"line":80,"column":63}},"40":{"start":{"line":82,"column":4},"end":{"line":82,"column":51}},"41":{"start":{"line":83,"column":4},"end":{"line":83,"column":74}},"42":{"start":{"line":88,"column":32},"end":{"line":111,"column":1}},"43":{"start":{"line":89,"column":2},"end":{"line":110,"column":3}},"44":{"start":{"line":90,"column":22},"end":{"line":90,"column":42}},"45":{"start":{"line":92,"column":20},"end":{"line":98,"column":6}},"46":{"start":{"line":100,"column":26},"end":{"line":100,"column":50}},"47":{"start":{"line":102,"column":4},"end":{"line":104,"column":69}},"48":{"start":{"line":106,"column":4},"end":{"line":106,"column":62}},"49":{"start":{"line":107,"column":4},"end":{"line":109,"column":72}}},"fnMap":{"0":{"name":"(anonymous_0)","decl":{"start":{"line":6,"column":29},"end":{"line":6,"column":30}},"loc":{"start":{"line":6,"column":49},"end":{"line":14,"column":1}},"line":6},"1":{"name":"(anonymous_1)","decl":{"start":{"line":17,"column":29},"end":{"line":17,"column":30}},"loc":{"start":{"line":17,"column":49},"end":{"line":28,"column":1}},"line":17},"2":{"name":"(anonymous_2)","decl":{"start":{"line":31,"column":28},"end":{"line":31,"column":29}},"loc":{"start":{"line":31,"column":48},"end":{"line":52,"column":1}},"line":31},"3":{"name":"(anonymous_3)","decl":{"start":{"line":55,"column":28},"end":{"line":55,"column":29}},"loc":{"start":{"line":55,"column":48},"end":{"line":70,"column":1}},"line":55},"4":{"name":"(anonymous_4)","decl":{"start":{"line":73,"column":28},"end":{"line":73,"column":29}},"loc":{"start":{"line":73,"column":48},"end":{"line":85,"column":1}},"line":73},"5":{"name":"(anonymous_5)","decl":{"start":{"line":88,"column":32},"end":{"line":88,"column":33}},"loc":{"start":{"line":88,"column":52},"end":{"line":111,"column":1}},"line":88}},"branchMap":{"0":{"loc":{"start":{"line":20,"column":4},"end":{"line":22,"column":5}},"type":"if","locations":[{"start":{"line":20,"column":4},"end":{"line":22,"column":5}},{"start":{},"end":{}}],"line":20},"1":{"loc":{"start":{"line":61,"column":4},"end":{"line":63,"column":5}},"type":"if","locations":[{"start":{"line":61,"column":4},"end":{"line":63,"column":5}},{"start":{},"end":{}}],"line":61},"2":{"loc":{"start":{"line":76,"column":4},"end":{"line":78,"column":5}},"type":"if","locations":[{"start":{"line":76,"column":4},"end":{"line":78,"column":5}},{"start":{},"end":{}}],"line":76}},"s":{"0":45,"1":2,"2":2,"3":1,"4":1,"5":1,"6":45,"7":3,"8":3,"9":2,"10":1,"11":1,"12":1,"13":1,"14":45,"15":2,"16":2,"17":2,"18":2,"19":1,"20":1,"21":1,"22":45,"23":3,"24":3,"25":3,"26":3,"27":3,"28":1,"29":2,"30":1,"31":1,"32":1,"33":45,"34":3,"35":3,"36":2,"37":1,"38":1,"39":1,"40":1,"41":1,"42":45,"43":0,"44":0,"45":0,"46":0,"47":0,"48":0,"49":0},"f":{"0":2,"1":3,"2":2,"3":3,"4":3,"5":0},"b":{"0":[1,1],"1":[1,2],"2":[1,1]},"_coverageSchema":"1a1c01bbd47fc00a2c39e90264f33305004495a9","hash":"c279c7b96d428926b041265b7939bb752fb54efa"}
,"/app/src/controllers/user.controller.js": {"path":"/app/src/controllers/user.controller.js","statementMap":{"0":{"start":{"line":8,"column":21},"end":{"line":33,"column":1}},"1":{"start":{"line":10,"column":14},"end":{"line":10,"column":28}},"2":{"start":{"line":13,"column":2},"end":{"line":19,"column":3}},"3":{"start":{"line":14,"column":4},"end":{"line":14,"column":59}},"4":{"start":{"line":16,"column":4},"end":{"line":18,"column":62}},"5":{"start":{"line":20,"column":2},"end":{"line":20,"column":60}},"6":{"start":{"line":20,"column":13},"end":{"line":20,"column":60}},"7":{"start":{"line":23,"column":26},"end":{"line":26,"column":3}},"8":{"start":{"line":27,"column":2},"end":{"line":27,"column":74}},"9":{"start":{"line":27,"column":24},"end":{"line":27,"column":74}},"10":{"start":{"line":29,"column":16},"end":{"line":29,"column":74}},"11":{"start":{"line":30,"column":33},"end":{"line":30,"column":48}},"12":{"start":{"line":32,"column":2},"end":{"line":32,"column":80}},"13":{"start":{"line":35,"column":24},"end":{"line":63,"column":1}},"14":{"start":{"line":36,"column":2},"end":{"line":62,"column":3}},"15":{"start":{"line":38,"column":27},"end":{"line":38,"column":67}},"16":{"start":{"line":41,"column":17},"end":{"line":44,"column":6}},"17":{"start":{"line":47,"column":17},"end":{"line":50,"column":6}},"18":{"start":{"line":52,"column":4},"end":{"line":56,"column":7}},"19":{"start":{"line":58,"column":4},"end":{"line":58,"column":23}},"20":{"start":{"line":59,"column":4},"end":{"line":61,"column":69}},"21":{"start":{"line":65,"column":22},"end":{"line":73,"column":1}},"22":{"start":{"line":67,"column":2},"end":{"line":72,"column":3}},"23":{"start":{"line":68,"column":4},"end":{"line":68,"column":40}},"24":{"start":{"line":69,"column":4},"end":{"line":69,"column":39}},"25":{"start":{"line":71,"column":4},"end":{"line":71,"column":65}},"26":{"start":{"line":75,"column":23},"end":{"line":85,"column":1}},"27":{"start":{"line":76,"column":2},"end":{"line":84,"column":3}},"28":{"start":{"line":77,"column":15},"end":{"line":77,"column":28}},"29":{"start":{"line":78,"column":17},"end":{"line":78,"column":40}},"30":{"start":{"line":79,"column":4},"end":{"line":79,"column":62}},"31":{"start":{"line":79,"column":15},"end":{"line":79,"column":62}},"32":{"start":{"line":80,"column":4},"end":{"line":80,"column":31}},"33":{"start":{"line":82,"column":4},"end":{"line":82,"column":23}},"34":{"start":{"line":83,"column":4},"end":{"line":83,"column":61}},"35":{"start":{"line":87,"column":26},"end":{"line":109,"column":1}},"36":{"start":{"line":89,"column":13},"end":{"line":89,"column":26}},"37":{"start":{"line":90,"column":2},"end":{"line":94,"column":3}},"38":{"start":{"line":91,"column":4},"end":{"line":91,"column":39}},"39":{"start":{"line":93,"column":4},"end":{"line":93,"column":65}},"40":{"start":{"line":96,"column":2},"end":{"line":108,"column":3}},"41":{"start":{"line":97,"column":4},"end":{"line":97,"column":32}},"42":{"start":{"line":99,"column":4},"end":{"line":102,"column":7}},"43":{"start":{"line":104,"column":4},"end":{"line":104,"column":23}},"44":{"start":{"line":105,"column":4},"end":{"line":107,"column":72}},"45":{"start":{"line":111,"column":26},"end":{"line":126,"column":1}},"46":{"start":{"line":114,"column":2},"end":{"line":121,"column":3}},"47":{"start":{"line":115,"column":4},"end":{"line":115,"column":71}},"48":{"start":{"line":117,"column":4},"end":{"line":120,"column":7}},"49":{"start":{"line":123,"column":2},"end":{"line":123,"column":80}},"50":{"start":{"line":123,"column":20},"end":{"line":123,"column":80}},"51":{"start":{"line":125,"column":2},"end":{"line":125,"column":59}},"52":{"start":{"line":128,"column":25},"end":{"line":151,"column":1}},"53":{"start":{"line":129,"column":2},"end":{"line":150,"column":3}},"54":{"start":{"line":130,"column":18},"end":{"line":130,"column":42}},"55":{"start":{"line":131,"column":4},"end":{"line":131,"column":34}},"56":{"start":{"line":132,"column":4},"end":{"line":135,"column":64}},"57":{"start":{"line":133,"column":6},"end":{"line":135,"column":64}},"58":{"start":{"line":137,"column":21},"end":{"line":137,"column":49}},"59":{"start":{"line":138,"column":17},"end":{"line":138,"column":49}},"60":{"start":{"line":140,"column":4},"end":{"line":140,"column":75}},"61":{"start":{"line":140,"column":15},"end":{"line":140,"column":75}},"62":{"start":{"line":142,"column":35},"end":{"line":142,"column":50}},"63":{"start":{"line":144,"column":4},"end":{"line":144,"column":32}},"64":{"start":{"line":146,"column":4},"end":{"line":146,"column":23}},"65":{"start":{"line":147,"column":4},"end":{"line":149,"column":72}}},"fnMap":{"0":{"name":"(anonymous_0)","decl":{"start":{"line":8,"column":21},"end":{"line":8,"column":22}},"loc":{"start":{"line":8,"column":41},"end":{"line":33,"column":1}},"line":8},"1":{"name":"(anonymous_1)","decl":{"start":{"line":35,"column":24},"end":{"line":35,"column":25}},"loc":{"start":{"line":35,"column":44},"end":{"line":63,"column":1}},"line":35},"2":{"name":"(anonymous_2)","decl":{"start":{"line":65,"column":22},"end":{"line":65,"column":23}},"loc":{"start":{"line":65,"column":42},"end":{"line":73,"column":1}},"line":65},"3":{"name":"(anonymous_3)","decl":{"start":{"line":75,"column":23},"end":{"line":75,"column":24}},"loc":{"start":{"line":75,"column":43},"end":{"line":85,"column":1}},"line":75},"4":{"name":"(anonymous_4)","decl":{"start":{"line":87,"column":26},"end":{"line":87,"column":27}},"loc":{"start":{"line":87,"column":46},"end":{"line":109,"column":1}},"line":87},"5":{"name":"(anonymous_5)","decl":{"start":{"line":111,"column":26},"end":{"line":111,"column":27}},"loc":{"start":{"line":111,"column":46},"end":{"line":126,"column":1}},"line":111},"6":{"name":"(anonymous_6)","decl":{"start":{"line":128,"column":25},"end":{"line":128,"column":26}},"loc":{"start":{"line":128,"column":45},"end":{"line":151,"column":1}},"line":128}},"branchMap":{"0":{"loc":{"start":{"line":20,"column":2},"end":{"line":20,"column":60}},"type":"if","locations":[{"start":{"line":20,"column":2},"end":{"line":20,"column":60}},{"start":{},"end":{}}],"line":20},"1":{"loc":{"start":{"line":27,"column":2},"end":{"line":27,"column":74}},"type":"if","locations":[{"start":{"line":27,"column":2},"end":{"line":27,"column":74}},{"start":{},"end":{}}],"line":27},"2":{"loc":{"start":{"line":79,"column":4},"end":{"line":79,"column":62}},"type":"if","locations":[{"start":{"line":79,"column":4},"end":{"line":79,"column":62}},{"start":{},"end":{}}],"line":79},"3":{"loc":{"start":{"line":123,"column":2},"end":{"line":123,"column":80}},"type":"if","locations":[{"start":{"line":123,"column":2},"end":{"line":123,"column":80}},{"start":{},"end":{}}],"line":123},"4":{"loc":{"start":{"line":132,"column":4},"end":{"line":135,"column":64}},"type":"if","locations":[{"start":{"line":132,"column":4},"end":{"line":135,"column":64}},{"start":{},"end":{}}],"line":132},"5":{"loc":{"start":{"line":140,"column":4},"end":{"line":140,"column":75}},"type":"if","locations":[{"start":{"line":140,"column":4},"end":{"line":140,"column":75}},{"start":{},"end":{}}],"line":140}},"s":{"0":45,"1":4,"2":4,"3":4,"4":1,"5":3,"6":1,"7":2,"8":2,"9":1,"10":1,"11":1,"12":1,"13":45,"14":2,"15":2,"16":2,"17":1,"18":1,"19":1,"20":1,"21":45,"22":2,"23":2,"24":1,"25":1,"26":45,"27":3,"28":3,"29":3,"30":2,"31":1,"32":1,"33":1,"34":1,"35":45,"36":3,"37":3,"38":3,"39":2,"40":1,"41":1,"42":1,"43":0,"44":0,"45":45,"46":3,"47":3,"48":1,"49":2,"50":1,"51":1,"52":45,"53":5,"54":5,"55":5,"56":5,"57":1,"58":4,"59":3,"60":2,"61":1,"62":1,"63":1,"64":2,"65":2},"f":{"0":4,"1":2,"2":2,"3":3,"4":3,"5":3,"6":5},"b":{"0":[1,2],"1":[1,1],"2":[1,1],"3":[1,1],"4":[1,4],"5":[1,1]},"_coverageSchema":"1a1c01bbd47fc00a2c39e90264f33305004495a9","hash":"3e91ee866118b3b2674933733e9ce21bf0ca0cac"}
,"/app/src/models/article.model.js": {"path":"/app/src/models/article.model.js","statementMap":{"0":{"start":{"line":2,"column":4},"end":{"line":43,"column":6}}},"fnMap":{"0":{"name":"(anonymous_0)","decl":{"start":{"line":1,"column":15},"end":{"line":1,"column":16}},"loc":{"start":{"line":1,"column":42},"end":{"line":44,"column":1}},"line":1}},"branchMap":{},"s":{"0":45},"f":{"0":45},"b":{},"_coverageSchema":"1a1c01bbd47fc00a2c39e90264f33305004495a9","hash":"0a91cf0e150eaca334e90cff7541d7aa71f1cedb"}
,"/app/src/models/cart.model.js": {"path":"/app/src/models/cart.model.js","statementMap":{"0":{"start":{"line":2,"column":17},"end":{"line":25,"column":5}},"1":{"start":{"line":19,"column":34},"end":{"line":19,"column":67}},"2":{"start":{"line":20,"column":20},"end":{"line":20,"column":45}},"3":{"start":{"line":27,"column":4},"end":{"line":27,"column":16}}},"fnMap":{"0":{"name":"(anonymous_0)","decl":{"start":{"line":1,"column":15},"end":{"line":1,"column":16}},"loc":{"start":{"line":1,"column":42},"end":{"line":28,"column":1}},"line":1},"1":{"name":"(anonymous_1)","decl":{"start":{"line":18,"column":16},"end":{"line":18,"column":17}},"loc":{"start":{"line":18,"column":22},"end":{"line":21,"column":17}},"line":18}},"branchMap":{},"s":{"0":45,"1":8,"2":8,"3":45},"f":{"0":45,"1":8},"b":{},"_coverageSchema":"1a1c01bbd47fc00a2c39e90264f33305004495a9","hash":"389e390d9f10e8917d4ab342b5dea43617bfb7e1"}
,"/app/src/models/cartItem.model.js": {"path":"/app/src/models/cartItem.model.js","statementMap":{"0":{"start":{"line":2,"column":21},"end":{"line":31,"column":5}},"1":{"start":{"line":33,"column":4},"end":{"line":33,"column":20}}},"fnMap":{"0":{"name":"(anonymous_0)","decl":{"start":{"line":1,"column":15},"end":{"line":1,"column":16}},"loc":{"start":{"line":1,"column":42},"end":{"line":34,"column":1}},"line":1}},"branchMap":{},"s":{"0":45,"1":45},"f":{"0":45},"b":{},"_coverageSchema":"1a1c01bbd47fc00a2c39e90264f33305004495a9","hash":"d325777591e6d59bb7fca9c8077ce47e35085051"}
,"/app/src/models/catégories.model.js": {"path":"/app/src/models/catégories.model.js","statementMap":{"0":{"start":{"line":2,"column":4},"end":{"line":16,"column":6}}},"fnMap":{"0":{"name":"(anonymous_0)","decl":{"start":{"line":1,"column":15},"end":{"line":1,"column":16}},"loc":{"start":{"line":1,"column":42},"end":{"line":17,"column":1}},"line":1}},"branchMap":{},"s":{"0":45},"f":{"0":45},"b":{},"_coverageSchema":"1a1c01bbd47fc00a2c39e90264f33305004495a9","hash":"806004a8e96e9464b07db7f5e121c46db6af029d"}
,"/app/src/models/index.js": {"path":"/app/src/models/index.js","statementMap":{"0":{"start":{"line":14,"column":0},"end":{"line":14,"column":16}},"1":{"start":{"line":16,"column":0},"end":{"line":36,"column":1}},"2":{"start":{"line":19,"column":4},"end":{"line":22,"column":7}},"3":{"start":{"line":26,"column":4},"end":{"line":35,"column":6}},"4":{"start":{"line":39,"column":0},"end":{"line":39,"column":32}},"5":{"start":{"line":40,"column":0},"end":{"line":40,"column":35}},"6":{"start":{"line":41,"column":0},"end":{"line":41,"column":37}},"7":{"start":{"line":42,"column":0},"end":{"line":42,"column":34}},"8":{"start":{"line":43,"column":0},"end":{"line":43,"column":32}},"9":{"start":{"line":44,"column":0},"end":{"line":44,"column":36}},"10":{"start":{"line":45,"column":0},"end":{"line":45,"column":40}},"11":{"start":{"line":46,"column":0},"end":{"line":46,"column":38}},"12":{"start":{"line":47,"column":0},"end":{"line":47,"column":42}},"13":{"start":{"line":59,"column":4},"end":{"line":59,"column":20}},"14":{"start":{"line":62,"column":0},"end":{"line":62,"column":49}},"15":{"start":{"line":63,"column":0},"end":{"line":63,"column":51}},"16":{"start":{"line":65,"column":0},"end":{"line":65,"column":59}},"17":{"start":{"line":66,"column":0},"end":{"line":66,"column":61}},"18":{"start":{"line":68,"column":0},"end":{"line":68,"column":48}},"19":{"start":{"line":69,"column":0},"end":{"line":69,"column":50}},"20":{"start":{"line":71,"column":0},"end":{"line":71,"column":54}},"21":{"start":{"line":72,"column":0},"end":{"line":72,"column":56}},"22":{"start":{"line":74,"column":0},"end":{"line":74,"column":45}},"23":{"start":{"line":75,"column":0},"end":{"line":75,"column":48}},"24":{"start":{"line":77,"column":0},"end":{"line":77,"column":67}},"25":{"start":{"line":78,"column":0},"end":{"line":78,"column":65}},"26":{"start":{"line":80,"column":0},"end":{"line":80,"column":73}},"27":{"start":{"line":81,"column":0},"end":{"line":81,"column":73}},"28":{"start":{"line":83,"column":0},"end":{"line":83,"column":56}},"29":{"start":{"line":84,"column":0},"end":{"line":84,"column":54}},"30":{"start":{"line":86,"column":0},"end":{"line":86,"column":64}},"31":{"start":{"line":87,"column":0},"end":{"line":87,"column":67}},"32":{"start":{"line":89,"column":0},"end":{"line":89,"column":61}},"33":{"start":{"line":90,"column":0},"end":{"line":90,"column":63}},"34":{"start":{"line":92,"column":0},"end":{"line":92,"column":60}},"35":{"start":{"line":93,"column":0},"end":{"line":93,"column":58}},"36":{"start":{"line":95,"column":27},"end":{"line":105,"column":1}},"37":{"start":{"line":96,"column":2},"end":{"line":104,"column":3}},"38":{"start":{"line":97,"column":4},"end":{"line":97,"column":35}},"39":{"start":{"line":98,"column":4},"end":{"line":98,"column":65}},"40":{"start":{"line":100,"column":4},"end":{"line":100,"column":42}},"41":{"start":{"line":101,"column":4},"end":{"line":101,"column":62}},"42":{"start":{"line":103,"column":4},"end":{"line":103,"column":78}}},"fnMap":{"0":{"name":"(anonymous_0)","decl":{"start":{"line":95,"column":27},"end":{"line":95,"column":28}},"loc":{"start":{"line":95,"column":39},"end":{"line":105,"column":1}},"line":95}},"branchMap":{"0":{"loc":{"start":{"line":16,"column":0},"end":{"line":36,"column":1}},"type":"if","locations":[{"start":{"line":16,"column":0},"end":{"line":36,"column":1}},{"start":{"line":23,"column":7},"end":{"line":36,"column":1}}],"line":16}},"s":{"0":45,"1":45,"2":45,"3":0,"4":45,"5":45,"6":45,"7":45,"8":45,"9":45,"10":45,"11":45,"12":45,"13":45,"14":45,"15":45,"16":45,"17":45,"18":45,"19":45,"20":45,"21":45,"22":45,"23":45,"24":45,"25":45,"26":45,"27":45,"28":45,"29":45,"30":45,"31":45,"32":45,"33":45,"34":45,"35":45,"36":45,"37":39,"38":39,"39":39,"40":39,"41":39,"42":0},"f":{"0":39},"b":{"0":[45,0]},"_coverageSchema":"1a1c01bbd47fc00a2c39e90264f33305004495a9","hash":"b3632c3f9b0f30e43b240623605878cdb08f11e6"}
,"/app/src/models/orderDetails.model.js": {"path":"/app/src/models/orderDetails.model.js","statementMap":{"0":{"start":{"line":2,"column":4},"end":{"line":30,"column":6}}},"fnMap":{"0":{"name":"(anonymous_0)","decl":{"start":{"line":1,"column":15},"end":{"line":1,"column":16}},"loc":{"start":{"line":1,"column":42},"end":{"line":31,"column":1}},"line":1}},"branchMap":{},"s":{"0":45},"f":{"0":45},"b":{},"_coverageSchema":"1a1c01bbd47fc00a2c39e90264f33305004495a9","hash":"be0a935751bef09dac62e7b6b17ddb57e0c215fa"}
,"/app/src/models/orderItem.model.js": {"path":"/app/src/models/orderItem.model.js","statementMap":{"0":{"start":{"line":2,"column":4},"end":{"line":32,"column":6}}},"fnMap":{"0":{"name":"(anonymous_0)","decl":{"start":{"line":1,"column":15},"end":{"line":1,"column":16}},"loc":{"start":{"line":1,"column":42},"end":{"line":33,"column":1}},"line":1}},"branchMap":{},"s":{"0":45},"f":{"0":45},"b":{},"_coverageSchema":"1a1c01bbd47fc00a2c39e90264f33305004495a9","hash":"c11455bb235b4a8fdfa3be900b10b803dab5b890"}
,"/app/src/models/paymentDetail.model.js": {"path":"/app/src/models/paymentDetail.model.js","statementMap":{"0":{"start":{"line":2,"column":4},"end":{"line":28,"column":6}}},"fnMap":{"0":{"name":"(anonymous_0)","decl":{"start":{"line":1,"column":15},"end":{"line":1,"column":16}},"loc":{"start":{"line":1,"column":42},"end":{"line":29,"column":1}},"line":1}},"branchMap":{},"s":{"0":45},"f":{"0":45},"b":{},"_coverageSchema":"1a1c01bbd47fc00a2c39e90264f33305004495a9","hash":"f2ea72ec92e2e54e43f7818e13e6c9a9ca6f1dfd"}
,"/app/src/models/review.model.js": {"path":"/app/src/models/review.model.js","statementMap":{"0":{"start":{"line":2,"column":19},"end":{"line":35,"column":5}},"1":{"start":{"line":37,"column":4},"end":{"line":37,"column":18}}},"fnMap":{"0":{"name":"(anonymous_0)","decl":{"start":{"line":1,"column":15},"end":{"line":1,"column":16}},"loc":{"start":{"line":1,"column":42},"end":{"line":38,"column":1}},"line":1}},"branchMap":{},"s":{"0":45,"1":45},"f":{"0":45},"b":{},"_coverageSchema":"1a1c01bbd47fc00a2c39e90264f33305004495a9","hash":"69d54f714b90c88e62a9d25610c1a38daa58c291"}
,"/app/src/models/user.model.js": {"path":"/app/src/models/user.model.js","statementMap":{"0":{"start":{"line":2,"column":4},"end":{"line":32,"column":6}}},"fnMap":{"0":{"name":"(anonymous_0)","decl":{"start":{"line":1,"column":15},"end":{"line":1,"column":16}},"loc":{"start":{"line":1,"column":42},"end":{"line":33,"column":1}},"line":1}},"branchMap":{},"s":{"0":45},"f":{"0":45},"b":{},"_coverageSchema":"1a1c01bbd47fc00a2c39e90264f33305004495a9","hash":"b77e2b23e365f8a5e28ff128c696efbb5e994308"}
,"/app/src/routes/article.js": {"path":"/app/src/routes/article.js","statementMap":{"0":{"start":{"line":103,"column":15},"end":{"line":103,"column":31}},"1":{"start":{"line":111,"column":0},"end":{"line":111,"column":36}},"2":{"start":{"line":119,"column":0},"end":{"line":119,"column":24}},"3":{"start":{"line":127,"column":0},"end":{"line":127,"column":28}},"4":{"start":{"line":135,"column":0},"end":{"line":135,"column":45}},"5":{"start":{"line":143,"column":0},"end":{"line":143,"column":48}},"6":{"start":{"line":153,"column":0},"end":{"line":153,"column":54}},"7":{"start":{"line":161,"column":0},"end":{"line":161,"column":35}}},"fnMap":{},"branchMap":{},"s":{"0":45,"1":45,"2":45,"3":45,"4":45,"5":45,"6":45,"7":45},"f":{},"b":{},"_coverageSchema":"1a1c01bbd47fc00a2c39e90264f33305004495a9","hash":"fa2deb6543e29d85959d20f5184bfa2287e66135"}
,"/app/src/routes/cart.js": {"path":"/app/src/routes/cart.js","statementMap":{"0":{"start":{"line":5,"column":15},"end":{"line":5,"column":31}},"1":{"start":{"line":8,"column":0},"end":{"line":8,"column":51}},"2":{"start":{"line":9,"column":0},"end":{"line":9,"column":47}},"3":{"start":{"line":10,"column":0},"end":{"line":10,"column":57}},"4":{"start":{"line":11,"column":0},"end":{"line":11,"column":49}}},"fnMap":{},"branchMap":{},"s":{"0":45,"1":45,"2":45,"3":45,"4":45},"f":{},"b":{},"_coverageSchema":"1a1c01bbd47fc00a2c39e90264f33305004495a9","hash":"f666db170b590391cf7b0b50ef6656fba09ccb9c"}
,"/app/src/routes/cartItem.js": {"path":"/app/src/routes/cartItem.js","statementMap":{"0":{"start":{"line":5,"column":15},"end":{"line":5,"column":31}},"1":{"start":{"line":8,"column":0},"end":{"line":8,"column":56}},"2":{"start":{"line":11,"column":0},"end":{"line":11,"column":47}},"3":{"start":{"line":14,"column":0},"end":{"line":14,"column":53}},"4":{"start":{"line":17,"column":0},"end":{"line":17,"column":60}},"5":{"start":{"line":20,"column":0},"end":{"line":20,"column":63}}},"fnMap":{},"branchMap":{},"s":{"0":45,"1":45,"2":45,"3":45,"4":45,"5":45},"f":{},"b":{},"_coverageSchema":"1a1c01bbd47fc00a2c39e90264f33305004495a9","hash":"d476cdcf8b4bb342375fbed2b3ca90d9f012becb"}
,"/app/src/routes/categorie.js": {"path":"/app/src/routes/categorie.js","statementMap":{"0":{"start":{"line":4,"column":15},"end":{"line":4,"column":31}},"1":{"start":{"line":7,"column":0},"end":{"line":7,"column":54}},"2":{"start":{"line":10,"column":0},"end":{"line":10,"column":56}},"3":{"start":{"line":13,"column":0},"end":{"line":13,"column":53}},"4":{"start":{"line":16,"column":0},"end":{"line":16,"column":55}},"5":{"start":{"line":19,"column":0},"end":{"line":19,"column":58}}},"fnMap":{},"branchMap":{},"s":{"0":45,"1":45,"2":45,"3":45,"4":45,"5":45},"f":{},"b":{},"_coverageSchema":"1a1c01bbd47fc00a2c39e90264f33305004495a9","hash":"071ede79f19e2fa90fa9d997beaa31fbc935d1a3"}
,"/app/src/routes/logout.js": {"path":"/app/src/routes/logout.js","statementMap":{"0":{"start":{"line":3,"column":15},"end":{"line":3,"column":23}},"1":{"start":{"line":6,"column":0},"end":{"line":12,"column":3}},"2":{"start":{"line":8,"column":2},"end":{"line":8,"column":65}},"3":{"start":{"line":11,"column":2},"end":{"line":11,"column":57}}},"fnMap":{"0":{"name":"(anonymous_0)","decl":{"start":{"line":6,"column":23},"end":{"line":6,"column":24}},"loc":{"start":{"line":6,"column":37},"end":{"line":12,"column":1}},"line":6}},"branchMap":{},"s":{"0":45,"1":45,"2":0,"3":0},"f":{"0":0},"b":{},"_coverageSchema":"1a1c01bbd47fc00a2c39e90264f33305004495a9","hash":"c0e8ab5a5070474703cab80050b5888c6d412e1e"}
,"/app/src/routes/orderDetails.js": {"path":"/app/src/routes/orderDetails.js","statementMap":{"0":{"start":{"line":11,"column":15},"end":{"line":11,"column":31}},"1":{"start":{"line":14,"column":0},"end":{"line":14,"column":50}},"2":{"start":{"line":17,"column":0},"end":{"line":17,"column":54}},"3":{"start":{"line":20,"column":0},"end":{"line":20,"column":50}},"4":{"start":{"line":23,"column":0},"end":{"line":23,"column":53}},"5":{"start":{"line":26,"column":0},"end":{"line":26,"column":56}}},"fnMap":{},"branchMap":{},"s":{"0":45,"1":45,"2":45,"3":45,"4":45,"5":45},"f":{},"b":{},"_coverageSchema":"1a1c01bbd47fc00a2c39e90264f33305004495a9","hash":"0d49c396dcfa4dca6ffe7815dd8a0ea3725c5bb8"}
,"/app/src/routes/orderItem.js": {"path":"/app/src/routes/orderItem.js","statementMap":{"0":{"start":{"line":11,"column":15},"end":{"line":11,"column":31}},"1":{"start":{"line":14,"column":0},"end":{"line":14,"column":59}},"2":{"start":{"line":17,"column":0},"end":{"line":17,"column":63}},"3":{"start":{"line":20,"column":0},"end":{"line":20,"column":59}},"4":{"start":{"line":23,"column":0},"end":{"line":23,"column":62}},"5":{"start":{"line":26,"column":0},"end":{"line":26,"column":65}}},"fnMap":{},"branchMap":{},"s":{"0":45,"1":45,"2":45,"3":45,"4":45,"5":45},"f":{},"b":{},"_coverageSchema":"1a1c01bbd47fc00a2c39e90264f33305004495a9","hash":"e5ff82cdd5139733ddce17b1d01a7c8c7311677e"}
,"/app/src/routes/paymentDetail.js": {"path":"/app/src/routes/paymentDetail.js","statementMap":{"0":{"start":{"line":11,"column":15},"end":{"line":11,"column":31}},"1":{"start":{"line":14,"column":0},"end":{"line":14,"column":67}},"2":{"start":{"line":17,"column":0},"end":{"line":17,"column":71}},"3":{"start":{"line":20,"column":0},"end":{"line":20,"column":64}},"4":{"start":{"line":23,"column":0},"end":{"line":23,"column":70}},"5":{"start":{"line":26,"column":0},"end":{"line":26,"column":73}}},"fnMap":{},"branchMap":{},"s":{"0":45,"1":45,"2":45,"3":45,"4":45,"5":45},"f":{},"b":{},"_coverageSchema":"1a1c01bbd47fc00a2c39e90264f33305004495a9","hash":"b57ef74dd424a9ba3348cb4475517aa2181f7e80"}
,"/app/src/routes/reset.js": {"path":"/app/src/routes/reset.js","statementMap":{"0":{"start":{"line":5,"column":15},"end":{"line":5,"column":23}},"1":{"start":{"line":8,"column":18},"end":{"line":60,"column":1}},"2":{"start":{"line":9,"column":2},"end":{"line":59,"column":5}},"3":{"start":{"line":10,"column":24},"end":{"line":16,"column":6}},"4":{"start":{"line":18,"column":24},"end":{"line":50,"column":5}},"5":{"start":{"line":52,"column":4},"end":{"line":58,"column":7}},"6":{"start":{"line":53,"column":6},"end":{"line":56,"column":7}},"7":{"start":{"line":54,"column":8},"end":{"line":54,"column":27}},"8":{"start":{"line":55,"column":8},"end":{"line":55,"column":77}},"9":{"start":{"line":57,"column":6},"end":{"line":57,"column":62}},"10":{"start":{"line":63,"column":0},"end":{"line":68,"column":3}},"11":{"start":{"line":64,"column":35},"end":{"line":64,"column":43}},"12":{"start":{"line":65,"column":2},"end":{"line":67,"column":57}},"13":{"start":{"line":66,"column":22},"end":{"line":66,"column":48}},"14":{"start":{"line":67,"column":20},"end":{"line":67,"column":55}}},"fnMap":{"0":{"name":"(anonymous_0)","decl":{"start":{"line":8,"column":18},"end":{"line":8,"column":19}},"loc":{"start":{"line":8,"column":48},"end":{"line":60,"column":1}},"line":8},"1":{"name":"(anonymous_1)","decl":{"start":{"line":9,"column":21},"end":{"line":9,"column":22}},"loc":{"start":{"line":9,"column":42},"end":{"line":59,"column":3}},"line":9},"2":{"name":"(anonymous_2)","decl":{"start":{"line":52,"column":38},"end":{"line":52,"column":39}},"loc":{"start":{"line":52,"column":55},"end":{"line":58,"column":5}},"line":52},"3":{"name":"(anonymous_3)","decl":{"start":{"line":63,"column":36},"end":{"line":63,"column":37}},"loc":{"start":{"line":63,"column":50},"end":{"line":68,"column":1}},"line":63},"4":{"name":"(anonymous_4)","decl":{"start":{"line":66,"column":10},"end":{"line":66,"column":11}},"loc":{"start":{"line":66,"column":22},"end":{"line":66,"column":48}},"line":66},"5":{"name":"(anonymous_5)","decl":{"start":{"line":67,"column":11},"end":{"line":67,"column":12}},"loc":{"start":{"line":67,"column":20},"end":{"line":67,"column":55}},"line":67}},"branchMap":{"0":{"loc":{"start":{"line":53,"column":6},"end":{"line":56,"column":7}},"type":"if","locations":[{"start":{"line":53,"column":6},"end":{"line":56,"column":7}},{"start":{},"end":{}}],"line":53}},"s":{"0":45,"1":45,"2":0,"3":0,"4":0,"5":0,"6":0,"7":0,"8":0,"9":0,"10":45,"11":0,"12":0,"13":0,"14":0},"f":{"0":0,"1":0,"2":0,"3":0,"4":0,"5":0},"b":{"0":[0,0]},"_coverageSchema":"1a1c01bbd47fc00a2c39e90264f33305004495a9","hash":"e55190ae261e5b610072ca223a842f004f42bfef"}
,"/app/src/routes/review.js": {"path":"/app/src/routes/review.js","statementMap":{"0":{"start":{"line":5,"column":15},"end":{"line":5,"column":31}},"1":{"start":{"line":8,"column":0},"end":{"line":8,"column":31}},"2":{"start":{"line":11,"column":0},"end":{"line":11,"column":34}},"3":{"start":{"line":14,"column":0},"end":{"line":14,"column":44}},"4":{"start":{"line":17,"column":0},"end":{"line":17,"column":46}},"5":{"start":{"line":20,"column":0},"end":{"line":20,"column":49}},"6":{"start":{"line":24,"column":0},"end":{"line":24,"column":52}}},"fnMap":{},"branchMap":{},"s":{"0":45,"1":45,"2":45,"3":45,"4":45,"5":45,"6":45},"f":{},"b":{},"_coverageSchema":"1a1c01bbd47fc00a2c39e90264f33305004495a9","hash":"18bc32d07848a20602431702b8e28f4bc8a8708e"}
,"/app/src/routes/stripe.js": {"path":"/app/src/routes/stripe.js","statementMap":{"0":{"start":{"line":7,"column":15},"end":{"line":7,"column":31}},"1":{"start":{"line":10,"column":0},"end":{"line":10,"column":84}}},"fnMap":{},"branchMap":{},"s":{"0":45,"1":45},"f":{},"b":{},"_coverageSchema":"1a1c01bbd47fc00a2c39e90264f33305004495a9","hash":"d531c02dab425e0bee34c93764c56ba4fbc4509f"}
,"/app/src/routes/stripewebhook.js": {"path":"/app/src/routes/stripewebhook.js","statementMap":{"0":{"start":{"line":5,"column":15},"end":{"line":5,"column":31}},"1":{"start":{"line":7,"column":0},"end":{"line":80,"column":3}},"2":{"start":{"line":8,"column":27},"end":{"line":8,"column":60}},"3":{"start":{"line":10,"column":16},"end":{"line":10,"column":47}},"4":{"start":{"line":14,"column":4},"end":{"line":20,"column":5}},"5":{"start":{"line":16,"column":8},"end":{"line":16,"column":78}},"6":{"start":{"line":18,"column":8},"end":{"line":18,"column":77}},"7":{"start":{"line":19,"column":8},"end":{"line":19,"column":69}},"8":{"start":{"line":23,"column":4},"end":{"line":76,"column":5}},"9":{"start":{"line":24,"column":24},"end":{"line":24,"column":41}},"10":{"start":{"line":26,"column":8},"end":{"line":73,"column":9}},"11":{"start":{"line":28,"column":26},"end":{"line":28,"column":99}},"12":{"start":{"line":30,"column":12},"end":{"line":33,"column":13}},"13":{"start":{"line":31,"column":16},"end":{"line":31,"column":77}},"14":{"start":{"line":32,"column":16},"end":{"line":32,"column":63}},"15":{"start":{"line":36,"column":27},"end":{"line":39,"column":14}},"16":{"start":{"line":41,"column":12},"end":{"line":44,"column":13}},"17":{"start":{"line":42,"column":16},"end":{"line":42,"column":93}},"18":{"start":{"line":43,"column":16},"end":{"line":43,"column":73}},"19":{"start":{"line":47,"column":12},"end":{"line":54,"column":16}},"20":{"start":{"line":48,"column":16},"end":{"line":53,"column":19}},"21":{"start":{"line":57,"column":12},"end":{"line":62,"column":15}},"22":{"start":{"line":65,"column":12},"end":{"line":65,"column":56}},"23":{"start":{"line":68,"column":12},"end":{"line":68,"column":70}},"24":{"start":{"line":70,"column":12},"end":{"line":70,"column":75}},"25":{"start":{"line":72,"column":12},"end":{"line":72,"column":91}},"26":{"start":{"line":75,"column":8},"end":{"line":75,"column":58}},"27":{"start":{"line":79,"column":4},"end":{"line":79,"column":27}}},"fnMap":{"0":{"name":"(anonymous_0)","decl":{"start":{"line":7,"column":67},"end":{"line":7,"column":68}},"loc":{"start":{"line":7,"column":87},"end":{"line":80,"column":1}},"line":7},"1":{"name":"(anonymous_1)","decl":{"start":{"line":47,"column":51},"end":{"line":47,"column":52}},"loc":{"start":{"line":47,"column":67},"end":{"line":54,"column":13}},"line":47}},"branchMap":{"0":{"loc":{"start":{"line":23,"column":4},"end":{"line":76,"column":5}},"type":"if","locations":[{"start":{"line":23,"column":4},"end":{"line":76,"column":5}},{"start":{"line":74,"column":11},"end":{"line":76,"column":5}}],"line":23},"1":{"loc":{"start":{"line":30,"column":12},"end":{"line":33,"column":13}},"type":"if","locations":[{"start":{"line":30,"column":12},"end":{"line":33,"column":13}},{"start":{},"end":{}}],"line":30},"2":{"loc":{"start":{"line":41,"column":12},"end":{"line":44,"column":13}},"type":"if","locations":[{"start":{"line":41,"column":12},"end":{"line":44,"column":13}},{"start":{},"end":{}}],"line":41},"3":{"loc":{"start":{"line":41,"column":16},"end":{"line":41,"column":51}},"type":"binary-expr","locations":[{"start":{"line":41,"column":16},"end":{"line":41,"column":23}},{"start":{"line":41,"column":27},"end":{"line":41,"column":51}}],"line":41}},"s":{"0":45,"1":45,"2":0,"3":0,"4":0,"5":0,"6":0,"7":0,"8":0,"9":0,"10":0,"11":0,"12":0,"13":0,"14":0,"15":0,"16":0,"17":0,"18":0,"19":0,"20":0,"21":0,"22":0,"23":0,"24":0,"25":0,"26":0,"27":0},"f":{"0":0,"1":0},"b":{"0":[0,0],"1":[0,0],"2":[0,0],"3":[0,0]},"_coverageSchema":"1a1c01bbd47fc00a2c39e90264f33305004495a9","hash":"9df5c3d19b5ef61641fdcba3107bcb1665e6b2de"}
,"/app/src/routes/user.js": {"path":"/app/src/routes/user.js","statementMap":{"0":{"start":{"line":13,"column":15},"end":{"line":13,"column":31}},"1":{"start":{"line":15,"column":0},"end":{"line":15,"column":28}},"2":{"start":{"line":16,"column":0},"end":{"line":16,"column":30}},"3":{"start":{"line":18,"column":0},"end":{"line":18,"column":27}},"4":{"start":{"line":20,"column":0},"end":{"line":20,"column":32}},"5":{"start":{"line":22,"column":0},"end":{"line":22,"column":38}},"6":{"start":{"line":24,"column":0},"end":{"line":24,"column":41}},"7":{"start":{"line":26,"column":0},"end":{"line":26,"column":37}}},"fnMap":{},"branchMap":{},"s":{"0":45,"1":45,"2":45,"3":45,"4":45,"5":45,"6":45,"7":45},"f":{},"b":{},"_coverageSchema":"1a1c01bbd47fc00a2c39e90264f33305004495a9","hash":"abba9ae7d6b6c7c1fc514cd66ebf319989017953"}
,"/app/src/services/checkout.js": {"path":"/app/src/services/checkout.js","statementMap":{"0":{"start":{"line":6,"column":30},"end":{"line":90,"column":1}},"1":{"start":{"line":7,"column":22},"end":{"line":7,"column":44}},"2":{"start":{"line":9,"column":4},"end":{"line":89,"column":5}},"3":{"start":{"line":10,"column":22},"end":{"line":10,"column":46}},"4":{"start":{"line":11,"column":8},"end":{"line":13,"column":9}},"5":{"start":{"line":12,"column":12},"end":{"line":12,"column":71}},"6":{"start":{"line":15,"column":24},"end":{"line":15,"column":52}},"7":{"start":{"line":16,"column":23},"end":{"line":16,"column":33}},"8":{"start":{"line":19,"column":43},"end":{"line":19,"column":51}},"9":{"start":{"line":20,"column":8},"end":{"line":22,"column":9}},"10":{"start":{"line":21,"column":12},"end":{"line":21,"column":95}},"11":{"start":{"line":24,"column":23},"end":{"line":31,"column":10}},"12":{"start":{"line":33,"column":8},"end":{"line":35,"column":9}},"13":{"start":{"line":34,"column":12},"end":{"line":34,"column":80}},"14":{"start":{"line":38,"column":24},"end":{"line":58,"column":10}},"15":{"start":{"line":40,"column":54},"end":{"line":50,"column":13}},"16":{"start":{"line":61,"column":25},"end":{"line":66,"column":10}},"17":{"start":{"line":63,"column":60},"end":{"line":63,"column":102}},"18":{"start":{"line":68,"column":8},"end":{"line":75,"column":12}},"19":{"start":{"line":69,"column":12},"end":{"line":74,"column":15}},"20":{"start":{"line":77,"column":8},"end":{"line":82,"column":11}},"21":{"start":{"line":84,"column":8},"end":{"line":84,"column":56}},"22":{"start":{"line":87,"column":8},"end":{"line":87,"column":82}},"23":{"start":{"line":88,"column":8},"end":{"line":88,"column":99}}},"fnMap":{"0":{"name":"(anonymous_0)","decl":{"start":{"line":6,"column":30},"end":{"line":6,"column":31}},"loc":{"start":{"line":6,"column":50},"end":{"line":90,"column":1}},"line":6},"1":{"name":"(anonymous_1)","decl":{"start":{"line":40,"column":45},"end":{"line":40,"column":46}},"loc":{"start":{"line":40,"column":54},"end":{"line":50,"column":13}},"line":40},"2":{"name":"(anonymous_2)","decl":{"start":{"line":63,"column":43},"end":{"line":63,"column":44}},"loc":{"start":{"line":63,"column":60},"end":{"line":63,"column":102}},"line":63},"3":{"name":"(anonymous_3)","decl":{"start":{"line":68,"column":47},"end":{"line":68,"column":48}},"loc":{"start":{"line":68,"column":61},"end":{"line":75,"column":9}},"line":68}},"branchMap":{"0":{"loc":{"start":{"line":11,"column":8},"end":{"line":13,"column":9}},"type":"if","locations":[{"start":{"line":11,"column":8},"end":{"line":13,"column":9}},{"start":{},"end":{}}],"line":11},"1":{"loc":{"start":{"line":20,"column":8},"end":{"line":22,"column":9}},"type":"if","locations":[{"start":{"line":20,"column":8},"end":{"line":22,"column":9}},{"start":{},"end":{}}],"line":20},"2":{"loc":{"start":{"line":20,"column":12},"end":{"line":20,"column":38}},"type":"binary-expr","locations":[{"start":{"line":20,"column":12},"end":{"line":20,"column":20}},{"start":{"line":20,"column":24},"end":{"line":20,"column":38}}],"line":20},"3":{"loc":{"start":{"line":33,"column":8},"end":{"line":35,"column":9}},"type":"if","locations":[{"start":{"line":33,"column":8},"end":{"line":35,"column":9}},{"start":{},"end":{}}],"line":33},"4":{"loc":{"start":{"line":33,"column":12},"end":{"line":33,"column":47}},"type":"binary-expr","locations":[{"start":{"line":33,"column":12},"end":{"line":33,"column":19}},{"start":{"line":33,"column":23},"end":{"line":33,"column":47}}],"line":33},"5":{"loc":{"start":{"line":45,"column":37},"end":{"line":45,"column":93}},"type":"binary-expr","locations":[{"start":{"line":45,"column":37},"end":{"line":45,"column":61}},{"start":{"line":45,"column":65},"end":{"line":45,"column":93}}],"line":45}},"s":{"0":45,"1":0,"2":0,"3":0,"4":0,"5":0,"6":0,"7":0,"8":0,"9":0,"10":0,"11":0,"12":0,"13":0,"14":0,"15":0,"16":0,"17":0,"18":0,"19":0,"20":0,"21":0,"22":0,"23":0},"f":{"0":0,"1":0,"2":0,"3":0},"b":{"0":[0,0],"1":[0,0],"2":[0,0],"3":[0,0],"4":[0,0],"5":[0,0]},"_coverageSchema":"1a1c01bbd47fc00a2c39e90264f33305004495a9","hash":"f005e7fc5e1a66b7d01071231d6b03383f2bf749"}
,"/app/src/services/service.js": {"path":"/app/src/services/service.js","statementMap":{"0":{"start":{"line":4,"column":23},"end":{"line":24,"column":1}},"1":{"start":{"line":7,"column":4},"end":{"line":12,"column":5}},"2":{"start":{"line":9,"column":8},"end":{"line":11,"column":10}},"3":{"start":{"line":14,"column":4},"end":{"line":20,"column":5}},"4":{"start":{"line":15,"column":8},"end":{"line":15,"column":36}},"5":{"start":{"line":17,"column":8},"end":{"line":19,"column":10}},"6":{"start":{"line":22,"column":4},"end":{"line":22,"column":15}},"7":{"start":{"line":26,"column":23},"end":{"line":41,"column":1}},"8":{"start":{"line":29,"column":4},"end":{"line":38,"column":5}},"9":{"start":{"line":31,"column":8},"end":{"line":31,"column":39}},"10":{"start":{"line":35,"column":8},"end":{"line":37,"column":10}},"11":{"start":{"line":40,"column":4},"end":{"line":40,"column":18}},"12":{"start":{"line":43,"column":19},"end":{"line":65,"column":1}},"13":{"start":{"line":46,"column":4},"end":{"line":55,"column":5}},"14":{"start":{"line":48,"column":8},"end":{"line":48,"column":50}},"15":{"start":{"line":52,"column":8},"end":{"line":54,"column":10}},"16":{"start":{"line":57,"column":4},"end":{"line":62,"column":5}},"17":{"start":{"line":59,"column":8},"end":{"line":61,"column":10}},"18":{"start":{"line":64,"column":4},"end":{"line":64,"column":17}}},"fnMap":{"0":{"name":"(anonymous_0)","decl":{"start":{"line":4,"column":23},"end":{"line":4,"column":24}},"loc":{"start":{"line":4,"column":48},"end":{"line":24,"column":1}},"line":4},"1":{"name":"(anonymous_1)","decl":{"start":{"line":26,"column":23},"end":{"line":26,"column":24}},"loc":{"start":{"line":26,"column":39},"end":{"line":41,"column":1}},"line":26},"2":{"name":"(anonymous_2)","decl":{"start":{"line":43,"column":19},"end":{"line":43,"column":20}},"loc":{"start":{"line":43,"column":54},"end":{"line":65,"column":1}},"line":43}},"branchMap":{"0":{"loc":{"start":{"line":7,"column":4},"end":{"line":12,"column":5}},"type":"if","locations":[{"start":{"line":7,"column":4},"end":{"line":12,"column":5}},{"start":{},"end":{}}],"line":7},"1":{"loc":{"start":{"line":7,"column":9},"end":{"line":7,"column":43}},"type":"binary-expr","locations":[{"start":{"line":7,"column":9},"end":{"line":7,"column":15}},{"start":{"line":7,"column":19},"end":{"line":7,"column":43}}],"line":7},"2":{"loc":{"start":{"line":18,"column":70},"end":{"line":18,"column":89}},"type":"binary-expr","locations":[{"start":{"line":18,"column":70},"end":{"line":18,"column":82}},{"start":{"line":18,"column":86},"end":{"line":18,"column":89}}],"line":18},"3":{"loc":{"start":{"line":36,"column":59},"end":{"line":36,"column":78}},"type":"binary-expr","locations":[{"start":{"line":36,"column":59},"end":{"line":36,"column":71}},{"start":{"line":36,"column":75},"end":{"line":36,"column":78}}],"line":36},"4":{"loc":{"start":{"line":43,"column":37},"end":{"line":43,"column":49}},"type":"default-arg","locations":[{"start":{"line":43,"column":47},"end":{"line":43,"column":49}}],"line":43},"5":{"loc":{"start":{"line":53,"column":60},"end":{"line":53,"column":79}},"type":"binary-expr","locations":[{"start":{"line":53,"column":60},"end":{"line":53,"column":72}},{"start":{"line":53,"column":76},"end":{"line":53,"column":79}}],"line":53},"6":{"loc":{"start":{"line":57,"column":4},"end":{"line":62,"column":5}},"type":"if","locations":[{"start":{"line":57,"column":4},"end":{"line":62,"column":5}},{"start":{},"end":{}}],"line":57}},"s":{"0":45,"1":3,"2":1,"3":2,"4":2,"5":1,"6":1,"7":45,"8":4,"9":4,"10":2,"11":2,"12":45,"13":34,"14":34,"15":5,"16":29,"17":12,"18":17},"f":{"0":3,"1":4,"2":34},"b":{"0":[1,2],"1":[3,3],"2":[1,1],"3":[2,2],"4":[34],"5":[5,5],"6":[12,17]},"_coverageSchema":"1a1c01bbd47fc00a2c39e90264f33305004495a9","hash":"da046754465023b815c61d258f2b4655bed6b8ae"}
,"/app/src/services/stripe.js": {"path":"/app/src/services/stripe.js","statementMap":{"0":{"start":{"line":4,"column":15},"end":{"line":4,"column":41}}},"fnMap":{},"branchMap":{},"s":{"0":45},"f":{},"b":{},"_coverageSchema":"1a1c01bbd47fc00a2c39e90264f33305004495a9","hash":"e20bb19ffa5140bee0e59f2b4b86ac06eb8b2a50"}
,"/app/src/utils/cart.util.js": {"path":"/app/src/utils/cart.util.js","statementMap":{"0":{"start":{"line":3,"column":36},"end":{"line":26,"column":1}},"1":{"start":{"line":4,"column":4},"end":{"line":25,"column":5}},"2":{"start":{"line":6,"column":26},"end":{"line":14,"column":10}},"3":{"start":{"line":17,"column":28},"end":{"line":17,"column":110}},"4":{"start":{"line":17,"column":62},"end":{"line":17,"column":106}},"5":{"start":{"line":18,"column":8},"end":{"line":18,"column":61}},"6":{"start":{"line":21,"column":8},"end":{"line":21,"column":84}},"7":{"start":{"line":23,"column":8},"end":{"line":23,"column":83}},"8":{"start":{"line":24,"column":8},"end":{"line":24,"column":20}}},"fnMap":{"0":{"name":"(anonymous_0)","decl":{"start":{"line":3,"column":36},"end":{"line":3,"column":37}},"loc":{"start":{"line":3,"column":54},"end":{"line":26,"column":1}},"line":3},"1":{"name":"(anonymous_1)","decl":{"start":{"line":17,"column":45},"end":{"line":17,"column":46}},"loc":{"start":{"line":17,"column":62},"end":{"line":17,"column":106}},"line":17}},"branchMap":{},"s":{"0":45,"1":5,"2":5,"3":5,"4":7,"5":5,"6":5,"7":0,"8":0},"f":{"0":5,"1":7},"b":{},"_coverageSchema":"1a1c01bbd47fc00a2c39e90264f33305004495a9","hash":"03b04e3194885b454d26a7e54b870c7a5d691381"}
}
