TN:
SF:logger.js
FN:7,(anonymous_0)
FNF:1
FNH:1
FNDA:202,(anonymous_0)
DA:4,44
DA:7,44
DA:8,202
DA:12,44
LF:4
LH:4
BRDA:13,0,0,0
BRDA:13,0,1,44
BRF:2
BRH:1
end_of_record
TN:
SF:server.js
FN:89,(anonymous_0)
FNF:1
FNH:0
FNDA:0,(anonymous_0)
DA:35,44
DA:39,44
DA:44,44
DA:46,44
DA:47,44
DA:49,44
DA:55,44
DA:56,0
DA:57,0
DA:61,44
DA:62,44
DA:63,44
DA:64,44
DA:65,44
DA:66,44
DA:67,44
DA:68,44
DA:69,44
DA:70,44
DA:71,44
DA:72,44
DA:73,44
DA:74,44
DA:75,44
DA:78,44
DA:88,44
DA:89,0
DA:90,0
DA:91,0
LF:29
LH:24
BRDA:55,0,0,0
BRDA:55,0,1,44
BRDA:88,1,0,0
BRDA:88,1,1,44
BRF:4
BRH:2
end_of_record
TN:
SF:serverTest.js
FN:7,(anonymous_0)
FN:123,(anonymous_1)
FN:143,(anonymous_2)
FNF:3
FNH:3
FNDA:42,(anonymous_0)
FNDA:42,(anonymous_1)
FNDA:59,(anonymous_2)
DA:7,41
DA:8,42
DA:9,42
DA:11,42
DA:21,42
DA:29,42
DA:38,42
DA:44,42
DA:53,42
DA:64,42
DA:74,42
DA:80,42
DA:86,42
DA:92,42
DA:99,42
DA:107,42
DA:116,0
DA:123,41
DA:124,42
DA:126,42
DA:127,42
DA:128,42
DA:129,42
DA:131,42
DA:134,42
DA:135,42
DA:136,42
DA:137,42
DA:139,1
DA:143,41
DA:144,59
DA:149,59
DA:150,1
DA:153,58
DA:154,11
DA:158,47
LF:36
LH:35
BRDA:149,0,0,1
BRDA:149,0,1,58
BRDA:153,1,0,11
BRDA:153,1,1,47
BRF:4
BRH:4
end_of_record
TN:
SF:swagger.js
FNF:0
FNH:0
DA:3,44
DA:6,44
DA:43,44
LF:3
LH:3
BRF:0
BRH:0
end_of_record
TN:
SF:src/auth.js
FN:6,(anonymous_0)
FN:16,(anonymous_1)
FNF:2
FNH:2
FNDA:93,(anonymous_0)
FNDA:93,(anonymous_1)
DA:6,44
DA:7,93
DA:9,93
DA:11,93
DA:12,0
DA:13,0
DA:16,93
DA:17,93
DA:18,0
DA:19,0
DA:22,93
DA:23,0
DA:24,0
DA:27,93
DA:28,93
DA:29,93
LF:16
LH:10
BRDA:11,0,0,0
BRDA:11,0,1,93
BRDA:17,1,0,0
BRDA:17,1,1,93
BRDA:22,2,0,0
BRDA:22,2,1,93
BRF:6
BRH:3
end_of_record
TN:
SF:src/authMidlleware.js
FN:2,(anonymous_0)
FN:2,(anonymous_1)
FNF:2
FNH:2
FNDA:396,(anonymous_0)
FNDA:20,(anonymous_1)
DA:2,396
DA:3,20
DA:4,0
DA:5,0
DA:8,20
DA:9,3
DA:10,3
DA:13,17
DA:14,17
LF:9
LH:7
BRDA:3,0,0,0
BRDA:3,0,1,20
BRDA:8,1,0,3
BRDA:8,1,1,17
BRF:4
BRH:3
end_of_record
TN:
SF:src/config.js
FNF:0
FNH:0
DA:2,44
DA:4,44
LF:2
LH:2
BRDA:8,0,0,44
BRDA:8,0,1,0
BRF:2
BRH:1
end_of_record
TN:
SF:src/error.js
FN:1,(anonymous_0)
FNF:1
FNH:0
FNDA:0,(anonymous_0)
DA:1,44
DA:3,0
DA:6,0
DA:9,0
DA:11,0
LF:5
LH:1
BRF:0
BRH:0
end_of_record
TN:
SF:src/controllers/article.controller.js
FN:5,(anonymous_0)
FN:42,(anonymous_1)
FN:52,(anonymous_2)
FN:63,(anonymous_3)
FN:85,(anonymous_4)
FN:127,(anonymous_5)
FN:138,(anonymous_6)
FN:149,(anonymous_7)
FNF:8
FNH:5
FNDA:2,(anonymous_0)
FNDA:2,(anonymous_1)
FNDA:5,(anonymous_2)
FNDA:3,(anonymous_3)
FNDA:3,(anonymous_4)
FNDA:0,(anonymous_5)
FNDA:0,(anonymous_6)
FNDA:0,(anonymous_7)
DA:5,44
DA:8,2
DA:10,2
DA:12,2
DA:13,2
DA:15,0
DA:19,2
DA:20,2
DA:22,0
DA:25,2
DA:27,2
DA:37,1
DA:39,1
DA:42,44
DA:44,2
DA:45,2
DA:46,1
DA:48,1
DA:52,44
DA:53,5
DA:55,5
DA:56,5
DA:57,1
DA:59,4
DA:63,44
DA:64,3
DA:67,3
DA:68,3
DA:70,1
DA:73,2
DA:74,0
DA:76,2
DA:77,2
DA:79,1
DA:82,1
DA:85,44
DA:86,3
DA:87,3
DA:88,3
DA:90,3
DA:92,3
DA:94,2
DA:95,0
DA:99,2
DA:100,0
DA:104,2
DA:105,2
DA:108,2
DA:110,1
DA:112,2
DA:113,1
DA:114,1
DA:117,1
DA:118,1
DA:127,44
DA:129,0
DA:130,0
DA:132,0
DA:134,0
DA:138,44
DA:140,0
DA:141,0
DA:143,0
DA:145,0
DA:149,44
DA:150,0
DA:151,0
DA:152,0
DA:155,0
DA:157,0
LF:70
LH:52
BRDA:73,0,0,0
BRDA:73,0,1,2
BRDA:94,1,0,0
BRDA:94,1,1,2
BRDA:99,2,0,0
BRDA:99,2,1,2
BRDA:99,3,0,2
BRDA:99,3,1,1
BRDA:112,4,0,1
BRDA:112,4,1,1
BRF:10
BRH:7
end_of_record
TN:
SF:src/controllers/cart.controller.js
FN:8,(anonymous_0)
FN:44,(anonymous_1)
FN:78,(anonymous_2)
FNF:3
FNH:2
FNDA:0,(anonymous_0)
FNDA:4,(anonymous_1)
FNDA:3,(anonymous_2)
DA:8,44
DA:9,0
DA:11,0
DA:14,0
DA:31,0
DA:32,0
DA:36,0
DA:38,0
DA:39,0
DA:44,44
DA:45,4
DA:46,4
DA:47,4
DA:50,4
DA:51,1
DA:54,3
DA:55,3
DA:56,1
DA:61,2
DA:62,1
DA:64,1
DA:68,1
DA:78,44
DA:79,3
DA:81,3
DA:82,3
DA:83,2
DA:85,1
DA:87,2
LF:29
LH:21
BRDA:31,0,0,0
BRDA:31,0,1,0
BRDA:50,1,0,1
BRDA:50,1,1,3
BRDA:50,2,0,4
BRDA:50,2,1,3
BRDA:55,3,0,1
BRDA:55,3,1,2
BRF:8
BRH:6
end_of_record
TN:
SF:src/controllers/cartItem.controller.js
FN:7,(anonymous_0)
FN:21,(anonymous_1)
FN:31,(anonymous_2)
FN:81,(anonymous_3)
FN:109,(anonymous_4)
FN:139,(anonymous_5)
FNF:6
FNH:5
FNDA:2,(anonymous_0)
FNDA:3,(anonymous_1)
FNDA:4,(anonymous_2)
FNDA:3,(anonymous_3)
FNDA:3,(anonymous_4)
FNDA:0,(anonymous_5)
DA:7,44
DA:8,2
DA:9,2
DA:10,1
DA:12,1
DA:21,44
DA:22,3
DA:23,3
DA:24,1
DA:26,2
DA:31,44
DA:33,4
DA:34,4
DA:37,4
DA:38,4
DA:40,1
DA:43,4
DA:44,4
DA:51,4
DA:53,1
DA:54,1
DA:57,1
DA:59,1
DA:63,3
DA:70,2
DA:72,1
DA:77,3
DA:81,44
DA:82,3
DA:85,3
DA:87,3
DA:88,1
DA:91,2
DA:93,2
DA:95,2
DA:98,1
DA:100,1
DA:101,1
DA:105,1
DA:109,44
DA:112,3
DA:113,3
DA:115,1
DA:118,2
DA:120,2
DA:122,1
DA:124,1
DA:128,1
DA:134,1
DA:139,44
DA:140,0
DA:141,0
DA:144,0
DA:149,0
DA:150,0
DA:154,0
DA:159,0
DA:160,0
DA:162,0
DA:164,0
DA:165,0
LF:61
LH:50
BRDA:38,0,0,1
BRDA:38,0,1,3
BRDA:51,1,0,1
BRDA:51,1,1,3
BRDA:87,2,0,1
BRDA:87,2,1,2
BRDA:149,3,0,0
BRDA:149,3,1,0
BRF:8
BRH:6
end_of_record
TN:
SF:src/controllers/categorie.controller.js
FN:5,(anonymous_0)
FN:18,(anonymous_1)
FN:30,(anonymous_2)
FN:50,(anonymous_3)
FN:71,(anonymous_4)
FNF:5
FNH:5
FNDA:2,(anonymous_0)
FNDA:3,(anonymous_1)
FNDA:3,(anonymous_2)
FNDA:3,(anonymous_3)
FNDA:3,(anonymous_4)
DA:5,44
DA:6,2
DA:7,2
DA:8,1
DA:10,1
DA:11,1
DA:18,44
DA:19,3
DA:21,3
DA:22,3
DA:23,1
DA:25,2
DA:30,44
DA:31,3
DA:33,3
DA:34,3
DA:35,1
DA:39,2
DA:40,1
DA:42,1
DA:43,1
DA:50,44
DA:52,3
DA:53,3
DA:54,3
DA:56,1
DA:59,2
DA:60,2
DA:61,1
DA:63,1
DA:64,1
DA:71,44
DA:72,3
DA:75,3
DA:76,3
DA:77,1
DA:78,1
DA:80,2
LF:38
LH:38
BRDA:34,0,0,1
BRDA:34,0,1,2
BRF:2
BRH:2
end_of_record
TN:
SF:src/controllers/email.controller.js
FN:6,(anonymous_0)
FN:17,(anonymous_1)
FNF:2
FNH:0
FNDA:0,(anonymous_0)
FNDA:0,(anonymous_1)
DA:6,44
DA:7,0
DA:16,0
DA:17,0
DA:18,0
DA:27,0
DA:43,0
LF:7
LH:1
BRF:0
BRH:0
end_of_record
TN:
SF:src/controllers/favorie.controller.js
FN:6,(anonymous_0)
FN:24,(anonymous_1)
FN:46,(anonymous_2)
FN:68,(anonymous_3)
FNF:4
FNH:0
FNDA:0,(anonymous_0)
FNDA:0,(anonymous_1)
FNDA:0,(anonymous_2)
FNDA:0,(anonymous_3)
DA:6,44
DA:7,0
DA:8,0
DA:9,0
DA:11,0
DA:16,0
DA:18,0
DA:19,0
DA:24,44
DA:25,0
DA:26,0
DA:28,0
DA:38,0
DA:40,0
DA:41,0
DA:46,44
DA:47,0
DA:48,0
DA:49,0
DA:51,0
DA:55,0
DA:56,0
DA:59,0
DA:60,0
DA:62,0
DA:63,0
DA:68,44
DA:69,0
DA:70,0
DA:71,0
DA:73,0
DA:77,0
DA:79,0
DA:80,0
LF:34
LH:4
BRDA:55,0,0,0
BRDA:55,0,1,0
BRF:2
BRH:0
end_of_record
TN:
SF:src/controllers/forget.controller.js
FN:9,(anonymous_0)
FN:10,(anonymous_1)
FN:55,(anonymous_2)
FN:68,(anonymous_3)
FN:109,(anonymous_4)
FN:138,(anonymous_5)
FN:144,(anonymous_6)
FNF:7
FNH:0
FNDA:0,(anonymous_0)
FNDA:0,(anonymous_1)
FNDA:0,(anonymous_2)
FNDA:0,(anonymous_3)
FNDA:0,(anonymous_4)
FNDA:0,(anonymous_5)
FNDA:0,(anonymous_6)
DA:9,44
DA:10,0
DA:11,0
DA:19,0
DA:21,0
DA:55,0
DA:56,0
DA:57,0
DA:58,0
DA:60,0
DA:61,0
DA:68,44
DA:69,0
DA:71,0
DA:73,0
DA:75,0
DA:76,0
DA:80,0
DA:81,0
DA:82,0
DA:85,0
DA:86,0
DA:89,0
DA:90,0
DA:91,0
DA:92,0
DA:94,0
DA:95,0
DA:99,0
DA:100,0
DA:103,0
DA:104,0
DA:109,44
DA:110,0
DA:112,0
DA:114,0
DA:123,0
DA:124,0
DA:128,0
DA:131,0
DA:132,0
DA:138,44
DA:139,0
DA:140,0
DA:144,44
DA:145,0
DA:147,0
DA:148,0
DA:155,0
DA:156,0
DA:160,0
DA:161,0
DA:167,0
DA:168,0
DA:169,0
DA:170,0
DA:172,0
DA:174,0
DA:175,0
LF:59
LH:5
BRDA:56,0,0,0
BRDA:56,0,1,0
BRDA:75,1,0,0
BRDA:75,1,1,0
BRDA:123,2,0,0
BRDA:123,2,1,0
BRDA:155,3,0,0
BRDA:155,3,1,0
BRDA:160,4,0,0
BRDA:160,4,1,0
BRF:10
BRH:0
end_of_record
TN:
SF:src/controllers/orderDetails.controller.js
FN:5,(anonymous_0)
FN:21,(anonymous_1)
FN:40,(anonymous_2)
FN:68,(anonymous_3)
FN:90,(anonymous_4)
FNF:5
FNH:5
FNDA:3,(anonymous_0)
FNDA:3,(anonymous_1)
FNDA:3,(anonymous_2)
FNDA:3,(anonymous_3)
FNDA:3,(anonymous_4)
DA:5,44
DA:6,3
DA:7,3
DA:8,3
DA:9,2
DA:10,1
DA:12,1
DA:14,1
DA:21,44
DA:22,3
DA:23,3
DA:24,3
DA:27,2
DA:28,1
DA:30,1
DA:32,1
DA:33,1
DA:40,44
DA:41,3
DA:42,3
DA:43,3
DA:46,3
DA:47,1
DA:54,2
DA:59,1
DA:61,1
DA:68,44
DA:69,3
DA:70,3
DA:71,3
DA:73,3
DA:76,3
DA:77,1
DA:80,2
DA:81,1
DA:83,1
DA:90,44
DA:91,3
DA:92,3
DA:93,3
DA:97,2
DA:98,1
DA:101,1
DA:102,1
DA:104,1
DA:105,1
LF:46
LH:46
BRDA:9,0,0,1
BRDA:9,0,1,1
BRDA:27,1,0,1
BRDA:27,1,1,1
BRDA:46,2,0,1
BRDA:46,2,1,2
BRDA:76,3,0,1
BRDA:76,3,1,2
BRDA:97,4,0,1
BRDA:97,4,1,1
BRF:10
BRH:10
end_of_record
TN:
SF:src/controllers/orderItem.controller.js
FN:5,(anonymous_0)
FN:36,(anonymous_1)
FN:49,(anonymous_2)
FN:94,(anonymous_3)
FN:123,(anonymous_4)
FNF:5
FNH:5
FNDA:2,(anonymous_0)
FNDA:3,(anonymous_1)
FNDA:4,(anonymous_2)
FNDA:3,(anonymous_3)
FNDA:3,(anonymous_4)
DA:5,44
DA:6,2
DA:7,2
DA:9,2
DA:10,2
DA:18,1
DA:19,1
DA:20,1
DA:22,1
DA:26,1
DA:36,44
DA:37,3
DA:39,3
DA:42,1
DA:44,2
DA:49,44
DA:50,4
DA:51,4
DA:52,4
DA:55,4
DA:56,1
DA:60,3
DA:63,3
DA:64,1
DA:73,2
DA:79,1
DA:81,1
DA:85,1
DA:94,44
DA:95,3
DA:96,3
DA:97,3
DA:99,3
DA:103,3
DA:104,1
DA:107,2
DA:108,1
DA:110,1
DA:114,1
DA:123,44
DA:124,3
DA:125,3
DA:127,3
DA:131,3
DA:132,1
DA:135,2
DA:136,1
DA:140,1
LF:48
LH:48
BRDA:55,0,0,1
BRDA:55,0,1,3
BRDA:55,1,0,4
BRDA:55,1,1,3
BRDA:55,1,2,3
BRDA:55,1,3,3
BRDA:63,2,0,1
BRDA:63,2,1,2
BRDA:103,3,0,1
BRDA:103,3,1,2
BRDA:131,4,0,1
BRDA:131,4,1,2
BRF:12
BRH:12
end_of_record
TN:
SF:src/controllers/paymentDetail.controller.js
FN:6,(anonymous_0)
FN:24,(anonymous_1)
FN:35,(anonymous_2)
FN:90,(anonymous_3)
FN:147,(anonymous_4)
FNF:5
FNH:5
FNDA:2,(anonymous_0)
FNDA:3,(anonymous_1)
FNDA:3,(anonymous_2)
FNDA:3,(anonymous_3)
FNDA:3,(anonymous_4)
DA:6,44
DA:7,2
DA:8,2
DA:9,1
DA:11,1
DA:15,1
DA:24,44
DA:25,3
DA:26,3
DA:27,1
DA:29,2
DA:35,44
DA:36,3
DA:37,3
DA:39,3
DA:40,1
DA:46,2
DA:54,1
DA:73,1
DA:74,0
DA:75,0
DA:77,1
DA:80,1
DA:82,1
DA:83,1
DA:90,44
DA:93,3
DA:95,3
DA:97,1
DA:100,2
DA:102,2
DA:105,1
DA:107,0
DA:125,0
DA:127,0
DA:128,0
DA:133,1
DA:135,1
DA:139,1
DA:147,44
DA:148,3
DA:150,3
DA:151,3
DA:152,1
DA:153,1
DA:155,2
LF:46
LH:40
BRDA:39,0,0,1
BRDA:39,0,1,2
BRDA:39,1,0,3
BRDA:39,1,1,3
BRDA:39,1,2,3
BRDA:73,2,0,0
BRDA:73,2,1,1
BRDA:73,3,0,1
BRDA:73,3,1,0
BRDA:73,3,2,0
BRDA:105,4,0,0
BRDA:105,4,1,1
BRDA:125,5,0,0
BRDA:125,5,1,0
BRDA:125,6,0,0
BRDA:125,6,1,0
BRF:16
BRH:8
end_of_record
TN:
SF:src/controllers/review.controller.js
FN:7,(anonymous_0)
FN:37,(anonymous_1)
FN:66,(anonymous_2)
FN:78,(anonymous_3)
FN:134,(anonymous_4)
FN:183,(anonymous_5)
FN:216,(anonymous_6)
FN:249,(anonymous_7)
FN:258,(anonymous_8)
FN:273,(anonymous_9)
FNF:10
FNH:5
FNDA:2,(anonymous_0)
FNDA:0,(anonymous_1)
FNDA:3,(anonymous_2)
FNDA:2,(anonymous_3)
FNDA:3,(anonymous_4)
FNDA:2,(anonymous_5)
FNDA:0,(anonymous_6)
FNDA:0,(anonymous_7)
FNDA:0,(anonymous_8)
FNDA:0,(anonymous_9)
DA:7,44
DA:8,2
DA:9,2
DA:28,1
DA:30,1
DA:31,1
DA:37,44
DA:38,0
DA:39,0
DA:40,0
DA:56,0
DA:58,0
DA:59,0
DA:66,44
DA:69,3
DA:70,3
DA:71,1
DA:73,2
DA:78,44
DA:79,2
DA:80,2
DA:81,2
DA:84,2
DA:98,2
DA:99,2
DA:103,0
DA:110,0
DA:111,0
DA:115,0
DA:122,0
DA:124,0
DA:125,0
DA:134,44
DA:137,3
DA:139,3
DA:140,3
DA:141,0
DA:145,3
DA:146,2
DA:147,0
DA:151,2
DA:152,1
DA:155,1
DA:156,1
DA:159,1
DA:161,1
DA:162,1
DA:163,0
DA:167,1
DA:174,1
DA:176,0
DA:177,0
DA:183,44
DA:184,2
DA:187,2
DA:189,2
DA:191,1
DA:192,0
DA:196,1
DA:197,1
DA:199,1
DA:200,0
DA:204,1
DA:205,1
DA:208,1
DA:209,1
DA:216,44
DA:217,0
DA:218,0
DA:221,0
DA:232,0
DA:234,0
DA:242,0
DA:243,0
DA:249,44
DA:250,0
DA:251,0
DA:252,0
DA:254,0
DA:255,0
DA:258,44
DA:259,0
DA:260,0
DA:262,0
DA:263,0
DA:266,0
DA:267,0
DA:269,0
DA:270,0
DA:273,44
DA:274,0
DA:275,0
DA:277,0
DA:278,0
DA:281,0
DA:282,0
DA:284,0
DA:285,0
LF:98
LH:50
BRDA:98,0,0,2
BRDA:98,0,1,0
BRDA:110,1,0,0
BRDA:110,1,1,0
BRDA:140,2,0,0
BRDA:140,2,1,3
BRDA:146,3,0,0
BRDA:146,3,1,2
BRDA:151,4,0,1
BRDA:151,4,1,1
BRDA:162,5,0,0
BRDA:162,5,1,1
BRDA:162,6,0,1
BRDA:162,6,1,1
BRDA:191,7,0,0
BRDA:191,7,1,1
BRDA:199,8,0,0
BRDA:199,8,1,1
BRDA:199,9,0,1
BRDA:199,9,1,0
BRDA:237,10,0,0
BRDA:237,10,1,0
BRDA:262,11,0,0
BRDA:262,11,1,0
BRDA:277,12,0,0
BRDA:277,12,1,0
BRF:26
BRH:11
end_of_record
TN:
SF:src/controllers/search.controller.js
FN:5,(anonymous_0)
FNF:1
FNH:0
FNDA:0,(anonymous_0)
DA:5,44
DA:6,0
DA:8,0
DA:9,0
DA:12,0
DA:14,0
DA:21,0
DA:22,0
DA:25,0
DA:27,0
DA:28,0
LF:11
LH:1
BRDA:8,0,0,0
BRDA:8,0,1,0
BRDA:21,1,0,0
BRDA:21,1,1,0
BRF:4
BRH:0
end_of_record
TN:
SF:src/controllers/user.controller.js
FN:9,(anonymous_0)
FN:42,(anonymous_1)
FN:48,(anonymous_2)
FN:62,(anonymous_3)
FN:63,(anonymous_4)
FN:107,(anonymous_5)
FN:119,(anonymous_6)
FN:165,(anonymous_7)
FN:175,(anonymous_8)
FN:187,(anonymous_9)
FN:217,(anonymous_10)
FN:234,(anonymous_11)
FN:271,(anonymous_12)
FNF:13
FNH:12
FNDA:4,(anonymous_0)
FNDA:2,(anonymous_1)
FNDA:2,(anonymous_2)
FNDA:1,(anonymous_3)
FNDA:1,(anonymous_4)
FNDA:1,(anonymous_5)
FNDA:2,(anonymous_6)
FNDA:2,(anonymous_7)
FNDA:3,(anonymous_8)
FNDA:3,(anonymous_9)
FNDA:3,(anonymous_10)
FNDA:5,(anonymous_11)
FNDA:0,(anonymous_12)
DA:9,44
DA:11,4
DA:14,4
DA:15,4
DA:17,1
DA:21,3
DA:24,2
DA:28,2
DA:29,1
DA:35,1
DA:36,1
DA:38,1
DA:42,44
DA:43,2
DA:44,2
DA:48,44
DA:49,2
DA:50,2
DA:54,44
DA:62,44
DA:63,1
DA:64,1
DA:100,1
DA:107,1
DA:108,1
DA:109,0
DA:110,0
DA:112,1
DA:113,1
DA:119,44
DA:120,2
DA:121,2
DA:124,2
DA:125,0
DA:129,2
DA:130,0
DA:134,2
DA:135,2
DA:136,0
DA:140,2
DA:141,2
DA:144,1
DA:148,1
DA:151,1
DA:153,1
DA:159,1
DA:160,1
DA:165,44
DA:167,2
DA:168,2
DA:169,1
DA:171,1
DA:175,44
DA:176,3
DA:177,3
DA:178,3
DA:179,2
DA:180,1
DA:182,1
DA:183,1
DA:187,44
DA:189,3
DA:191,3
DA:193,3
DA:195,2
DA:198,1
DA:200,1
DA:202,0
DA:206,1
DA:208,1
DA:213,0
DA:214,0
DA:217,44
DA:220,3
DA:221,3
DA:223,1
DA:229,2
DA:231,1
DA:234,44
DA:238,5
DA:240,5
DA:241,1
DA:246,4
DA:247,4
DA:249,1
DA:254,3
DA:255,3
DA:257,2
DA:260,1
DA:261,1
DA:262,1
DA:264,0
DA:265,0
DA:271,44
DA:272,0
DA:275,0
DA:277,0
DA:279,0
DA:280,0
DA:283,0
DA:286,0
DA:288,0
DA:290,0
DA:294,0
DA:296,0
DA:301,0
DA:302,0
LF:107
LH:84
BRDA:21,0,0,1
BRDA:21,0,1,2
BRDA:28,1,0,1
BRDA:28,1,1,1
BRDA:108,2,0,0
BRDA:108,2,1,1
BRDA:124,3,0,0
BRDA:124,3,1,2
BRDA:129,4,0,0
BRDA:129,4,1,2
BRDA:135,5,0,0
BRDA:135,5,1,2
BRDA:179,6,0,1
BRDA:179,6,1,1
BRDA:195,7,0,2
BRDA:195,7,1,0
BRDA:195,8,0,2
BRDA:195,8,1,0
BRDA:200,9,0,0
BRDA:200,9,1,1
BRDA:229,10,0,1
BRDA:229,10,1,1
BRDA:240,11,0,1
BRDA:240,11,1,4
BRDA:279,12,0,0
BRDA:279,12,1,0
BRDA:288,13,0,0
BRDA:288,13,1,0
BRF:28
BRH:17
end_of_record
TN:
SF:src/controllers/userPreference.controller.js
FN:5,(anonymous_0)
FN:25,(anonymous_1)
FNF:2
FNH:0
FNDA:0,(anonymous_0)
FNDA:0,(anonymous_1)
DA:5,44
DA:6,0
DA:8,0
DA:9,0
DA:11,0
DA:12,0
DA:13,0
DA:15,0
DA:18,0
DA:20,0
DA:21,0
DA:25,44
DA:26,0
DA:28,0
DA:29,0
DA:31,0
DA:32,0
DA:34,0
DA:37,0
DA:38,0
LF:20
LH:2
BRDA:11,0,0,0
BRDA:11,0,1,0
BRDA:31,1,0,0
BRDA:31,1,1,0
BRF:4
BRH:0
end_of_record
TN:
SF:src/models/article.model.js
FN:1,(anonymous_0)
FNF:1
FNH:1
FNDA:44,(anonymous_0)
DA:2,44
LF:1
LH:1
BRF:0
BRH:0
end_of_record
TN:
SF:src/models/cart.model.js
FN:1,(anonymous_0)
FN:18,(anonymous_1)
FNF:2
FNH:2
FNDA:44,(anonymous_0)
FNDA:6,(anonymous_1)
DA:2,44
DA:19,6
DA:20,6
DA:27,44
LF:4
LH:4
BRF:0
BRH:0
end_of_record
TN:
SF:src/models/cartItem.model.js
FN:1,(anonymous_0)
FNF:1
FNH:1
FNDA:44,(anonymous_0)
DA:2,44
DA:33,44
LF:2
LH:2
BRF:0
BRH:0
end_of_record
TN:
SF:src/models/catégories.model.js
FN:1,(anonymous_0)
FNF:1
FNH:1
FNDA:44,(anonymous_0)
DA:2,44
LF:1
LH:1
BRF:0
BRH:0
end_of_record
TN:
SF:src/models/favorie.model.js
FN:3,(anonymous_0)
FNF:1
FNH:1
FNDA:44,(anonymous_0)
DA:4,44
LF:1
LH:1
BRF:0
BRH:0
end_of_record
TN:
SF:src/models/index.js
FN:116,(anonymous_0)
FN:133,(anonymous_1)
FN:142,(anonymous_2)
FN:151,(anonymous_3)
FNF:4
FNH:1
FNDA:42,(anonymous_0)
FNDA:0,(anonymous_1)
FNDA:0,(anonymous_2)
FNDA:0,(anonymous_3)
DA:18,44
DA:23,44
DA:26,44
DA:33,0
DA:49,44
DA:50,44
DA:51,44
DA:52,44
DA:53,44
DA:54,44
DA:55,44
DA:56,44
DA:57,44
DA:58,44
DA:60,44
DA:73,44
DA:76,44
DA:77,44
DA:79,44
DA:80,44
DA:82,44
DA:83,44
DA:85,44
DA:86,44
DA:88,44
DA:89,44
DA:91,44
DA:92,44
DA:94,44
DA:95,44
DA:97,44
DA:98,44
DA:100,44
DA:101,44
DA:103,44
DA:104,44
DA:106,44
DA:107,44
DA:110,44
DA:111,44
DA:113,44
DA:114,44
DA:116,44
DA:117,42
DA:118,42
DA:119,42
DA:121,42
DA:122,42
DA:124,0
DA:133,44
DA:134,0
DA:135,0
DA:136,0
DA:138,0
DA:142,44
DA:143,0
DA:144,0
DA:145,0
DA:147,0
DA:151,44
DA:152,0
DA:153,0
DA:154,0
DA:156,0
LF:64
LH:50
BRDA:23,0,0,44
BRDA:23,0,1,0
BRF:2
BRH:1
end_of_record
TN:
SF:src/models/orderDetails.model.js
FN:1,(anonymous_0)
FNF:1
FNH:1
FNDA:44,(anonymous_0)
DA:2,44
LF:1
LH:1
BRF:0
BRH:0
end_of_record
TN:
SF:src/models/orderItem.model.js
FN:1,(anonymous_0)
FNF:1
FNH:1
FNDA:44,(anonymous_0)
DA:2,44
LF:1
LH:1
BRF:0
BRH:0
end_of_record
TN:
SF:src/models/paymentDetail.model.js
FN:1,(anonymous_0)
FNF:1
FNH:1
FNDA:44,(anonymous_0)
DA:2,44
LF:1
LH:1
BRF:0
BRH:0
end_of_record
TN:
SF:src/models/review.model.js
FN:3,(anonymous_0)
FNF:1
FNH:1
FNDA:44,(anonymous_0)
DA:4,44
DA:48,44
LF:2
LH:2
BRF:0
BRH:0
end_of_record
TN:
SF:src/models/user.model.js
FN:1,(anonymous_0)
FNF:1
FNH:1
FNDA:44,(anonymous_0)
DA:2,44
LF:1
LH:1
BRF:0
BRH:0
end_of_record
TN:
SF:src/models/userPreference.model.js
FN:3,(anonymous_0)
FNF:1
FNH:1
FNDA:44,(anonymous_0)
DA:4,44
LF:1
LH:1
BRF:0
BRH:0
end_of_record
TN:
SF:src/routes/admin.js
FN:12,(anonymous_0)
FNF:1
FNH:0
FNDA:0,(anonymous_0)
DA:9,44
DA:10,44
DA:12,44
DA:14,0
DA:15,0
DA:16,0
DA:19,0
DA:20,0
DA:24,0
DA:25,0
DA:28,0
LF:11
LH:3
BRF:0
BRH:0
end_of_record
TN:
SF:src/routes/article.js
FNF:0
FNH:0
DA:103,44
DA:111,44
DA:119,44
DA:127,44
DA:135,44
DA:143,44
DA:152,44
DA:160,44
DA:162,44
LF:9
LH:9
BRF:0
BRH:0
end_of_record
TN:
SF:src/routes/cart.js
FNF:0
FNH:0
DA:5,44
DA:63,44
DA:102,44
DA:130,44
LF:4
LH:4
BRF:0
BRH:0
end_of_record
TN:
SF:src/routes/cartItem.js
FNF:0
FNH:0
DA:5,44
DA:45,44
DA:89,44
DA:127,44
DA:166,44
DA:194,44
DA:197,44
LF:7
LH:7
BRF:0
BRH:0
end_of_record
TN:
SF:src/routes/categorie.js
FNF:0
FNH:0
DA:6,44
DA:40,44
DA:80,44
DA:116,44
DA:157,44
DA:183,44
LF:6
LH:6
BRF:0
BRH:0
end_of_record
TN:
SF:src/routes/favorie.js
FNF:0
FNH:0
DA:12,44
DA:14,44
DA:15,44
DA:16,44
DA:17,44
LF:5
LH:5
BRF:0
BRH:0
end_of_record
TN:
SF:src/routes/logout.js
FN:27,(anonymous_0)
FNF:1
FNH:0
FNDA:0,(anonymous_0)
DA:3,44
DA:27,44
DA:29,0
DA:32,0
LF:4
LH:2
BRF:0
BRH:0
end_of_record
TN:
SF:src/routes/orderDetails.js
FNF:0
FNH:0
DA:11,44
DA:55,44
DA:105,44
DA:149,44
DA:193,44
DA:221,44
LF:6
LH:6
BRF:0
BRH:0
end_of_record
TN:
SF:src/routes/orderItem.js
FNF:0
FNH:0
DA:11,44
DA:54,44
DA:103,44
DA:152,44
DA:196,44
DA:224,44
LF:6
LH:6
BRF:0
BRH:0
end_of_record
TN:
SF:src/routes/paymentDetail.js
FNF:0
FNH:0
DA:11,44
DA:51,44
DA:97,44
DA:141,44
DA:185,44
DA:213,44
LF:6
LH:6
BRF:0
BRH:0
end_of_record
TN:
SF:src/routes/reset.js
FNF:0
FNH:0
DA:9,44
DA:12,44
DA:15,44
DA:18,44
LF:4
LH:4
BRF:0
BRH:0
end_of_record
TN:
SF:src/routes/review.js
FNF:0
FNH:0
DA:6,44
DA:46,44
DA:92,44
DA:135,44
DA:178,44
DA:206,44
DA:244,44
DA:246,44
DA:247,44
DA:250,44
DA:253,44
LF:11
LH:11
BRF:0
BRH:0
end_of_record
TN:
SF:src/routes/searche.js
FNF:0
FNH:0
DA:4,44
DA:7,44
LF:2
LH:2
BRF:0
BRH:0
end_of_record
TN:
SF:src/routes/stripe.js
FNF:0
FNH:0
DA:7,44
DA:10,44
LF:2
LH:2
BRF:0
BRH:0
end_of_record
TN:
SF:src/routes/stripewebhook.js
FN:7,(anonymous_0)
FN:47,(anonymous_1)
FNF:2
FNH:0
FNDA:0,(anonymous_0)
FNDA:0,(anonymous_1)
DA:5,44
DA:7,44
DA:8,0
DA:10,0
DA:14,0
DA:16,0
DA:18,0
DA:19,0
DA:23,0
DA:24,0
DA:26,0
DA:28,0
DA:30,0
DA:31,0
DA:32,0
DA:36,0
DA:41,0
DA:42,0
DA:43,0
DA:47,0
DA:48,0
DA:57,0
DA:65,0
DA:68,0
DA:70,0
DA:72,0
DA:75,0
DA:79,0
LF:28
LH:2
BRDA:23,0,0,0
BRDA:23,0,1,0
BRDA:30,1,0,0
BRDA:30,1,1,0
BRDA:41,2,0,0
BRDA:41,2,1,0
BRDA:41,3,0,0
BRDA:41,3,1,0
BRF:8
BRH:0
end_of_record
TN:
SF:src/routes/user.js
FNF:0
FNH:0
DA:14,44
DA:72,44
DA:75,44
DA:77,44
DA:79,44
DA:81,44
DA:83,44
DA:85,44
DA:87,44
LF:9
LH:9
BRF:0
BRH:0
end_of_record
TN:
SF:src/routes/userPreference.js
FNF:0
FNH:0
DA:6,44
DA:9,44
DA:12,44
LF:3
LH:3
BRF:0
BRH:0
end_of_record
TN:
SF:src/services/checkout.js
FN:4,(anonymous_0)
FNF:1
FNH:0
FNDA:0,(anonymous_0)
DA:4,44
DA:5,0
DA:7,0
DA:8,0
DA:9,0
DA:10,0
DA:12,0
LF:7
LH:1
BRDA:7,0,0,0
BRDA:7,0,1,0
BRDA:9,1,0,0
BRDA:9,1,1,0
BRF:4
BRH:0
end_of_record
TN:
SF:src/services/cheque.js
FN:5,(anonymous_0)
FN:36,(anonymous_1)
FN:41,(anonymous_2)
FNF:3
FNH:0
FNDA:0,(anonymous_0)
FNDA:0,(anonymous_1)
FNDA:0,(anonymous_2)
DA:5,44
DA:6,0
DA:7,0
DA:8,0
DA:9,0
DA:12,0
DA:13,0
DA:15,0
DA:16,0
DA:17,0
DA:20,0
DA:29,0
DA:30,0
DA:34,0
DA:36,0
DA:41,0
DA:42,0
DA:50,0
DA:58,0
DA:62,0
DA:63,0
LF:21
LH:1
BRDA:8,0,0,0
BRDA:8,0,1,0
BRDA:16,1,0,0
BRDA:16,1,1,0
BRDA:29,2,0,0
BRDA:29,2,1,0
BRDA:29,3,0,0
BRDA:29,3,1,0
BRF:8
BRH:0
end_of_record
TN:
SF:src/services/service.js
FN:4,(anonymous_0)
FN:26,(anonymous_1)
FN:43,(anonymous_2)
FN:72,(anonymous_3)
FNF:4
FNH:4
FNDA:7,(anonymous_0)
FNDA:4,(anonymous_1)
FNDA:58,(anonymous_2)
FNDA:5,(anonymous_3)
DA:4,44
DA:7,7
DA:9,0
DA:14,7
DA:15,7
DA:17,2
DA:22,5
DA:26,44
DA:29,4
DA:31,4
DA:35,2
DA:40,2
DA:43,44
DA:46,58
DA:47,58
DA:49,11
DA:50,11
DA:55,47
DA:56,19
DA:57,19
DA:61,28
DA:62,28
DA:72,44
DA:73,5
DA:74,5
DA:75,3
DA:76,3
DA:78,2
DA:79,2
LF:29
LH:28
BRDA:7,0,0,0
BRDA:7,0,1,7
BRDA:7,1,0,7
BRDA:7,1,1,2
BRDA:18,2,0,2
BRDA:18,2,1,1
BRDA:36,3,0,2
BRDA:36,3,1,2
BRDA:43,4,0,58
BRDA:51,5,0,11
BRDA:51,5,1,11
BRDA:55,6,0,19
BRDA:55,6,1,28
BRDA:81,7,0,2
BRDA:81,7,1,2
BRF:15
BRH:14
end_of_record
TN:
SF:src/services/stripe.js
FNF:0
FNH:0
DA:4,44
LF:1
LH:1
BRF:0
BRH:0
end_of_record
TN:
SF:src/services/stripecheckout.js
FN:6,(anonymous_0)
FN:43,(anonymous_1)
FN:51,(anonymous_2)
FNF:3
FNH:0
FNDA:0,(anonymous_0)
FNDA:0,(anonymous_1)
FNDA:0,(anonymous_2)
DA:6,44
DA:8,0
DA:9,0
DA:10,0
DA:11,0
DA:14,0
DA:15,0
DA:17,0
DA:18,0
DA:19,0
DA:20,0
DA:23,0
DA:24,0
DA:25,0
DA:28,0
DA:37,0
DA:38,0
DA:41,0
DA:43,0
DA:44,0
DA:49,0
DA:51,0
DA:71,0
DA:73,0
DA:75,0
DA:76,0
LF:26
LH:1
BRDA:10,0,0,0
BRDA:10,0,1,0
BRDA:18,1,0,0
BRDA:18,1,1,0
BRDA:19,2,0,0
BRDA:19,2,1,0
BRDA:24,3,0,0
BRDA:24,3,1,0
BRDA:37,4,0,0
BRDA:37,4,1,0
BRDA:37,5,0,0
BRDA:37,5,1,0
BRDA:56,6,0,0
BRDA:56,6,1,0
BRF:14
BRH:0
end_of_record
TN:
SF:src/utils/cart.util.js
FN:3,(anonymous_0)
FN:17,(anonymous_1)
FNF:2
FNH:2
FNDA:5,(anonymous_0)
FNDA:7,(anonymous_1)
DA:3,44
DA:4,5
DA:6,5
DA:17,7
DA:18,5
DA:21,5
DA:23,0
DA:24,0
LF:8
LH:6
BRF:0
BRH:0
end_of_record
