TN:
SF:logger.js
FN:7,(anonymous_0)
FNF:1
FNH:1
FNDA:167,(anonymous_0)
DA:4,41
DA:7,41
DA:8,167
DA:12,41
LF:4
LH:4
BRDA:13,0,0,0
BRDA:13,0,1,41
BRF:2
BRH:1
end_of_record
TN:
SF:server.js
FN:43,(anonymous_0)
FN:93,(anonymous_1)
FNF:2
FNH:1
FNDA:111,(anonymous_0)
FNDA:0,(anonymous_1)
DA:33,41
DA:34,41
DA:36,41
DA:40,41
DA:41,41
DA:43,41
DA:44,111
DA:45,111
DA:50,41
DA:51,0
DA:53,41
DA:58,41
DA:61,41
DA:65,41
DA:66,0
DA:67,0
DA:71,41
DA:72,41
DA:73,41
DA:74,41
DA:75,41
DA:76,41
DA:77,41
DA:78,41
DA:79,41
DA:80,41
DA:81,41
DA:82,41
DA:83,41
DA:84,41
DA:85,41
DA:86,41
DA:87,41
DA:88,41
DA:89,41
DA:92,41
DA:93,0
DA:94,0
DA:95,0
LF:39
LH:33
BRDA:50,0,0,0
BRDA:50,0,1,41
BRDA:58,1,0,41
BRDA:58,1,1,0
BRDA:65,2,0,0
BRDA:65,2,1,41
BRDA:92,3,0,0
BRDA:92,3,1,41
BRF:8
BRH:4
end_of_record
TN:
SF:serverTest.js
FN:7,(anonymous_0)
FN:123,(anonymous_1)
FN:143,(anonymous_2)
FNF:3
FNH:3
FNDA:39,(anonymous_0)
FNDA:39,(anonymous_1)
FNDA:54,(anonymous_2)
DA:7,38
DA:8,39
DA:9,39
DA:11,39
DA:21,39
DA:29,39
DA:38,39
DA:44,39
DA:53,39
DA:64,39
DA:74,39
DA:80,39
DA:86,39
DA:92,39
DA:99,39
DA:107,39
DA:116,0
DA:123,38
DA:124,39
DA:126,39
DA:127,39
DA:128,39
DA:129,39
DA:131,39
DA:134,39
DA:135,39
DA:136,39
DA:137,39
DA:139,1
DA:143,38
DA:144,54
DA:149,54
DA:150,1
DA:153,53
DA:154,8
DA:158,45
LF:36
LH:35
BRDA:149,0,0,1
BRDA:149,0,1,53
BRDA:153,1,0,8
BRDA:153,1,1,45
BRF:4
BRH:4
end_of_record
TN:
SF:swagger.js
FNF:0
FNH:0
DA:3,41
DA:6,41
DA:43,41
LF:3
LH:3
BRF:0
BRH:0
end_of_record
TN:
SF:src/auth.js
FN:7,(anonymous_0)
FNF:1
FNH:1
FNDA:70,(anonymous_0)
DA:7,41
DA:9,70
DA:11,70
DA:13,70
DA:14,0
DA:15,0
DA:18,70
DA:20,70
DA:21,70
DA:23,70
DA:24,0
DA:25,0
DA:29,70
DA:30,70
DA:31,2
DA:32,2
DA:35,68
DA:38,68
DA:39,68
DA:40,0
DA:41,0
DA:45,68
DA:46,0
DA:47,0
DA:48,0
DA:49,0
DA:52,0
DA:53,0
DA:54,0
DA:55,0
DA:58,0
DA:60,68
DA:63,68
DA:65,0
DA:66,0
LF:35
LH:18
BRDA:13,0,0,0
BRDA:13,0,1,70
BRDA:23,1,0,0
BRDA:23,1,1,70
BRDA:30,2,0,2
BRDA:30,2,1,68
BRDA:39,3,0,0
BRDA:39,3,1,68
BRDA:45,4,0,0
BRDA:45,4,1,68
BRDA:46,5,0,0
BRDA:46,5,1,0
BRDA:47,6,0,0
BRDA:47,6,1,0
BRDA:53,7,0,0
BRDA:53,7,1,0
BRF:16
BRH:6
end_of_record
TN:
SF:src/authMidlleware.js
FN:2,(anonymous_0)
FN:2,(anonymous_1)
FNF:2
FNH:2
FNDA:369,(anonymous_0)
FNDA:16,(anonymous_1)
DA:2,369
DA:3,16
DA:4,1
DA:5,1
DA:8,15
DA:9,1
DA:10,1
DA:13,14
DA:14,14
LF:9
LH:9
BRDA:3,0,0,1
BRDA:3,0,1,15
BRDA:8,1,0,1
BRDA:8,1,1,14
BRF:4
BRH:4
end_of_record
TN:
SF:src/config.js
FNF:0
FNH:0
DA:2,41
DA:4,41
LF:2
LH:2
BRDA:9,0,0,41
BRDA:9,0,1,0
BRF:2
BRH:1
end_of_record
TN:
SF:src/configEmail.js
FNF:0
FNH:0
DA:5,41
LF:1
LH:1
BRF:0
BRH:0
end_of_record
TN:
SF:src/error.js
FN:1,(anonymous_0)
FNF:1
FNH:1
FNDA:2,(anonymous_0)
DA:1,41
DA:3,2
DA:6,2
DA:9,2
DA:11,2
LF:5
LH:5
BRF:0
BRH:0
end_of_record
TN:
SF:src/multer.config.js
FN:17,(anonymous_0)
FN:20,(anonymous_1)
FN:27,(anonymous_2)
FNF:3
FNH:0
FNDA:0,(anonymous_0)
FNDA:0,(anonymous_1)
FNDA:0,(anonymous_2)
DA:6,41
DA:10,41
DA:11,0
DA:12,0
DA:16,41
DA:18,0
DA:21,0
DA:22,0
DA:27,41
DA:28,0
DA:29,0
DA:30,0
DA:32,0
DA:33,0
DA:35,0
DA:40,41
LF:16
LH:5
BRDA:6,0,0,0
BRDA:6,0,1,41
BRDA:10,1,0,0
BRDA:10,1,1,41
BRDA:32,2,0,0
BRDA:32,2,1,0
BRDA:32,3,0,0
BRDA:32,3,1,0
BRF:8
BRH:2
end_of_record
TN:
SF:src/controllers/adresse.controller.js
FN:5,(anonymous_0)
FN:35,(anonymous_1)
FN:52,(anonymous_2)
FN:74,(anonymous_3)
FN:108,(anonymous_4)
FNF:5
FNH:0
FNDA:0,(anonymous_0)
FNDA:0,(anonymous_1)
FNDA:0,(anonymous_2)
FNDA:0,(anonymous_3)
FNDA:0,(anonymous_4)
DA:5,41
DA:6,0
DA:7,0
DA:9,0
DA:10,0
DA:11,0
DA:12,0
DA:15,0
DA:27,0
DA:29,0
DA:30,0
DA:35,41
DA:36,0
DA:38,0
DA:39,0
DA:40,0
DA:41,0
DA:44,0
DA:46,0
DA:47,0
DA:52,41
DA:53,0
DA:55,0
DA:56,0
DA:57,0
DA:58,0
DA:62,0
DA:63,0
DA:66,0
DA:68,0
DA:69,0
DA:74,41
DA:75,0
DA:76,0
DA:78,0
DA:79,0
DA:80,0
DA:81,0
DA:85,0
DA:86,0
DA:89,0
DA:100,0
DA:102,0
DA:103,0
DA:108,41
DA:109,0
DA:111,0
DA:112,0
DA:113,0
DA:114,0
DA:118,0
DA:119,0
DA:122,0
DA:123,0
DA:125,0
DA:126,0
LF:56
LH:5
BRDA:11,0,0,0
BRDA:11,0,1,0
BRDA:40,1,0,0
BRDA:40,1,1,0
BRDA:57,2,0,0
BRDA:57,2,1,0
BRDA:62,3,0,0
BRDA:62,3,1,0
BRDA:80,4,0,0
BRDA:80,4,1,0
BRDA:85,5,0,0
BRDA:85,5,1,0
BRDA:113,6,0,0
BRDA:113,6,1,0
BRDA:118,7,0,0
BRDA:118,7,1,0
BRF:16
BRH:0
end_of_record
TN:
SF:src/controllers/article.controller.js
FN:7,(anonymous_0)
FN:32,(anonymous_1)
FN:42,(anonymous_2)
FN:53,(anonymous_3)
FN:75,(anonymous_4)
FN:117,(anonymous_5)
FN:128,(anonymous_6)
FN:139,(anonymous_7)
FNF:8
FNH:4
FNDA:2,(anonymous_0)
FNDA:2,(anonymous_1)
FNDA:5,(anonymous_2)
FNDA:0,(anonymous_3)
FNDA:3,(anonymous_4)
FNDA:0,(anonymous_5)
FNDA:0,(anonymous_6)
FNDA:0,(anonymous_7)
DA:7,41
DA:8,2
DA:10,2
DA:12,2
DA:13,2
DA:14,2
DA:16,2
DA:17,2
DA:27,1
DA:29,1
DA:32,41
DA:34,2
DA:35,2
DA:36,1
DA:38,1
DA:42,41
DA:43,5
DA:45,5
DA:46,5
DA:47,1
DA:49,4
DA:53,41
DA:54,0
DA:58,0
DA:59,0
DA:61,0
DA:66,0
DA:67,0
DA:69,0
DA:72,0
DA:75,41
DA:76,3
DA:77,3
DA:78,3
DA:80,3
DA:82,3
DA:84,2
DA:85,0
DA:89,2
DA:90,0
DA:95,2
DA:98,2
DA:100,1
DA:102,2
DA:103,1
DA:104,1
DA:107,1
DA:108,1
DA:117,41
DA:119,0
DA:120,0
DA:122,0
DA:124,0
DA:128,41
DA:130,0
DA:131,0
DA:133,0
DA:135,0
DA:139,41
DA:140,0
DA:141,0
DA:142,0
DA:145,0
DA:147,0
LF:64
LH:41
BRDA:16,0,0,2
BRDA:16,0,1,0
BRDA:25,1,0,0
BRDA:25,1,1,2
BRDA:84,2,0,0
BRDA:84,2,1,2
BRDA:89,3,0,0
BRDA:89,3,1,2
BRDA:89,4,0,2
BRDA:89,4,1,1
BRDA:102,5,0,1
BRDA:102,5,1,1
BRF:12
BRH:8
end_of_record
TN:
SF:src/controllers/auth2FA.controller.js
FN:8,(anonymous_0)
FN:28,(anonymous_1)
FN:63,(anonymous_2)
FN:82,(anonymous_3)
FNF:4
FNH:0
FNDA:0,(anonymous_0)
FNDA:0,(anonymous_1)
FNDA:0,(anonymous_2)
FNDA:0,(anonymous_3)
DA:8,41
DA:9,0
DA:10,0
DA:12,0
DA:13,0
DA:15,0
DA:21,0
DA:22,0
DA:28,41
DA:29,0
DA:31,0
DA:33,0
DA:34,0
DA:35,0
DA:36,0
DA:40,0
DA:42,0
DA:43,0
DA:44,0
DA:48,0
DA:53,0
DA:54,0
DA:56,0
DA:57,0
DA:63,41
DA:64,0
DA:66,0
DA:68,0
DA:74,0
DA:75,0
DA:77,0
DA:82,41
DA:83,0
DA:85,0
DA:86,0
LF:35
LH:4
BRDA:35,0,0,0
BRDA:35,0,1,0
BRDA:42,1,0,0
BRDA:42,1,1,0
BRDA:74,2,0,0
BRDA:74,2,1,0
BRF:6
BRH:0
end_of_record
TN:
SF:src/controllers/cantacterNous.controller.js
FN:4,(anonymous_0)
FNF:1
FNH:0
FNDA:0,(anonymous_0)
DA:4,41
DA:5,0
DA:8,0
DA:9,0
DA:12,0
DA:13,0
DA:25,0
DA:26,0
DA:28,0
DA:29,0
LF:10
LH:1
BRDA:8,0,0,0
BRDA:8,0,1,0
BRDA:8,1,0,0
BRDA:8,1,1,0
BRDA:8,1,2,0
BRDA:15,2,0,0
BRDA:15,2,1,0
BRF:7
BRH:0
end_of_record
TN:
SF:src/controllers/cart.controller.js
FN:8,(anonymous_0)
FN:44,(anonymous_1)
FN:78,(anonymous_2)
FNF:3
FNH:2
FNDA:0,(anonymous_0)
FNDA:4,(anonymous_1)
FNDA:3,(anonymous_2)
DA:8,41
DA:9,0
DA:11,0
DA:14,0
DA:31,0
DA:32,0
DA:36,0
DA:38,0
DA:39,0
DA:44,41
DA:45,4
DA:46,4
DA:47,4
DA:50,4
DA:51,1
DA:54,3
DA:55,3
DA:56,1
DA:61,2
DA:62,1
DA:64,1
DA:68,1
DA:78,41
DA:79,3
DA:81,3
DA:82,3
DA:83,2
DA:85,1
DA:87,2
LF:29
LH:21
BRDA:31,0,0,0
BRDA:31,0,1,0
BRDA:50,1,0,1
BRDA:50,1,1,3
BRDA:50,2,0,4
BRDA:50,2,1,3
BRDA:55,3,0,1
BRDA:55,3,1,2
BRF:8
BRH:6
end_of_record
TN:
SF:src/controllers/cartItem.controller.js
FN:7,(anonymous_0)
FN:21,(anonymous_1)
FN:31,(anonymous_2)
FN:81,(anonymous_3)
FN:109,(anonymous_4)
FN:139,(anonymous_5)
FNF:6
FNH:5
FNDA:2,(anonymous_0)
FNDA:3,(anonymous_1)
FNDA:4,(anonymous_2)
FNDA:3,(anonymous_3)
FNDA:3,(anonymous_4)
FNDA:0,(anonymous_5)
DA:7,41
DA:8,2
DA:9,2
DA:10,1
DA:12,1
DA:21,41
DA:22,3
DA:23,3
DA:24,1
DA:26,2
DA:31,41
DA:33,4
DA:34,4
DA:37,4
DA:38,4
DA:40,1
DA:43,4
DA:44,4
DA:51,4
DA:53,1
DA:54,1
DA:57,1
DA:59,1
DA:63,3
DA:70,2
DA:72,1
DA:77,3
DA:81,41
DA:82,3
DA:85,3
DA:87,3
DA:88,1
DA:91,2
DA:93,2
DA:95,2
DA:98,1
DA:100,1
DA:101,1
DA:105,1
DA:109,41
DA:112,3
DA:113,3
DA:115,1
DA:118,2
DA:120,2
DA:122,1
DA:124,1
DA:128,1
DA:134,1
DA:139,41
DA:140,0
DA:141,0
DA:144,0
DA:149,0
DA:150,0
DA:154,0
DA:159,0
DA:160,0
DA:162,0
DA:164,0
DA:165,0
LF:61
LH:50
BRDA:38,0,0,1
BRDA:38,0,1,3
BRDA:51,1,0,1
BRDA:51,1,1,3
BRDA:87,2,0,1
BRDA:87,2,1,2
BRDA:149,3,0,0
BRDA:149,3,1,0
BRF:8
BRH:6
end_of_record
TN:
SF:src/controllers/categorie.controller.js
FN:5,(anonymous_0)
FN:18,(anonymous_1)
FN:30,(anonymous_2)
FN:50,(anonymous_3)
FN:71,(anonymous_4)
FNF:5
FNH:5
FNDA:2,(anonymous_0)
FNDA:3,(anonymous_1)
FNDA:3,(anonymous_2)
FNDA:3,(anonymous_3)
FNDA:3,(anonymous_4)
DA:5,41
DA:6,2
DA:7,2
DA:8,1
DA:10,1
DA:11,1
DA:18,41
DA:19,3
DA:21,3
DA:22,3
DA:23,1
DA:25,2
DA:30,41
DA:31,3
DA:33,3
DA:34,3
DA:35,1
DA:39,2
DA:40,1
DA:42,1
DA:43,1
DA:50,41
DA:52,3
DA:53,3
DA:54,3
DA:56,1
DA:59,2
DA:60,2
DA:61,1
DA:63,1
DA:64,1
DA:71,41
DA:72,3
DA:75,3
DA:76,3
DA:77,1
DA:78,1
DA:80,2
LF:38
LH:38
BRDA:34,0,0,1
BRDA:34,0,1,2
BRF:2
BRH:2
end_of_record
TN:
SF:src/controllers/email.controller.js
FN:6,(anonymous_0)
FN:17,(anonymous_1)
FNF:2
FNH:0
FNDA:0,(anonymous_0)
FNDA:0,(anonymous_1)
DA:6,41
DA:7,0
DA:16,0
DA:17,0
DA:18,0
DA:27,0
DA:43,0
LF:7
LH:1
BRF:0
BRH:0
end_of_record
TN:
SF:src/controllers/favorie.controller.js
FN:7,(anonymous_0)
FN:39,(anonymous_1)
FN:61,(anonymous_2)
FN:88,(anonymous_3)
FN:104,(anonymous_4)
FNF:5
FNH:0
FNDA:0,(anonymous_0)
FNDA:0,(anonymous_1)
FNDA:0,(anonymous_2)
FNDA:0,(anonymous_3)
FNDA:0,(anonymous_4)
DA:7,41
DA:8,0
DA:9,0
DA:10,0
DA:13,0
DA:20,0
DA:21,0
DA:25,0
DA:30,0
DA:32,0
DA:33,0
DA:39,41
DA:40,0
DA:41,0
DA:43,0
DA:53,0
DA:55,0
DA:56,0
DA:61,41
DA:62,0
DA:63,0
DA:64,0
DA:66,0
DA:67,0
DA:70,0
DA:74,0
DA:75,0
DA:78,0
DA:79,0
DA:81,0
DA:82,0
DA:88,41
DA:89,0
DA:90,0
DA:91,0
DA:93,0
DA:97,0
DA:99,0
DA:100,0
DA:104,41
DA:105,0
DA:106,0
DA:107,0
DA:110,0
DA:111,0
DA:113,0
DA:114,0
DA:117,0
DA:118,0
DA:120,0
DA:121,0
LF:51
LH:5
BRDA:20,0,0,0
BRDA:20,0,1,0
BRDA:66,1,0,0
BRDA:66,1,1,0
BRDA:74,2,0,0
BRDA:74,2,1,0
BRDA:113,3,0,0
BRDA:113,3,1,0
BRF:8
BRH:0
end_of_record
TN:
SF:src/controllers/forget.controller.js
FN:9,(anonymous_0)
FN:10,(anonymous_1)
FN:57,(anonymous_2)
FN:70,(anonymous_3)
FN:111,(anonymous_4)
FN:140,(anonymous_5)
FN:146,(anonymous_6)
FNF:7
FNH:0
FNDA:0,(anonymous_0)
FNDA:0,(anonymous_1)
FNDA:0,(anonymous_2)
FNDA:0,(anonymous_3)
FNDA:0,(anonymous_4)
FNDA:0,(anonymous_5)
FNDA:0,(anonymous_6)
DA:9,41
DA:10,0
DA:11,0
DA:18,0
DA:19,0
DA:21,0
DA:23,0
DA:57,0
DA:58,0
DA:59,0
DA:60,0
DA:62,0
DA:63,0
DA:70,41
DA:71,0
DA:73,0
DA:75,0
DA:77,0
DA:78,0
DA:82,0
DA:83,0
DA:84,0
DA:87,0
DA:88,0
DA:91,0
DA:92,0
DA:93,0
DA:94,0
DA:96,0
DA:97,0
DA:101,0
DA:102,0
DA:105,0
DA:106,0
DA:111,41
DA:112,0
DA:114,0
DA:116,0
DA:125,0
DA:126,0
DA:130,0
DA:133,0
DA:134,0
DA:140,41
DA:141,0
DA:142,0
DA:146,41
DA:147,0
DA:149,0
DA:150,0
DA:157,0
DA:158,0
DA:162,0
DA:163,0
DA:169,0
DA:170,0
DA:171,0
DA:172,0
DA:174,0
DA:176,0
DA:177,0
LF:61
LH:5
BRDA:58,0,0,0
BRDA:58,0,1,0
BRDA:77,1,0,0
BRDA:77,1,1,0
BRDA:125,2,0,0
BRDA:125,2,1,0
BRDA:157,3,0,0
BRDA:157,3,1,0
BRDA:162,4,0,0
BRDA:162,4,1,0
BRF:10
BRH:0
end_of_record
TN:
SF:src/controllers/orderDetails.controller.js
FN:8,(anonymous_0)
FN:44,(anonymous_1)
FN:79,(anonymous_2)
FN:98,(anonymous_3)
FN:116,(anonymous_4)
FN:138,(anonymous_5)
FN:160,(anonymous_6)
FN:195,(anonymous_7)
FNF:8
FNH:4
FNDA:3,(anonymous_0)
FNDA:3,(anonymous_1)
FNDA:1,(anonymous_2)
FNDA:0,(anonymous_3)
FNDA:0,(anonymous_4)
FNDA:1,(anonymous_5)
FNDA:0,(anonymous_6)
FNDA:0,(anonymous_7)
DA:8,41
DA:9,3
DA:10,3
DA:13,3
DA:31,2
DA:32,1
DA:36,1
DA:38,1
DA:39,1
DA:44,41
DA:45,3
DA:46,3
DA:47,3
DA:64,2
DA:65,1
DA:68,1
DA:70,1
DA:71,1
DA:79,41
DA:80,1
DA:81,1
DA:82,1
DA:85,1
DA:86,1
DA:92,0
DA:98,0
DA:104,0
DA:106,0
DA:108,0
DA:109,0
DA:116,41
DA:117,0
DA:118,0
DA:119,0
DA:121,0
DA:124,0
DA:125,0
DA:128,0
DA:129,0
DA:131,0
DA:138,41
DA:139,1
DA:140,1
DA:141,1
DA:145,1
DA:146,1
DA:149,0
DA:150,0
DA:152,0
DA:153,0
DA:160,41
DA:161,0
DA:162,0
DA:165,0
DA:170,0
DA:171,0
DA:175,0
DA:178,0
DA:179,0
DA:185,0
DA:188,0
DA:189,0
DA:190,0
DA:191,0
DA:192,0
DA:193,0
DA:195,0
DA:196,0
DA:203,0
DA:205,0
DA:206,0
LF:71
LH:32
BRDA:31,0,0,1
BRDA:31,0,1,1
BRDA:64,1,0,1
BRDA:64,1,1,1
BRDA:85,2,0,1
BRDA:85,2,1,0
BRDA:85,3,0,1
BRDA:85,3,1,0
BRDA:85,3,2,0
BRDA:85,3,3,0
BRDA:124,4,0,0
BRDA:124,4,1,0
BRDA:145,5,0,1
BRDA:145,5,1,0
BRDA:170,6,0,0
BRDA:170,6,1,0
BRF:16
BRH:7
end_of_record
TN:
SF:src/controllers/orderItem.controller.js
FN:5,(anonymous_0)
FN:36,(anonymous_1)
FN:49,(anonymous_2)
FN:94,(anonymous_3)
FN:123,(anonymous_4)
FNF:5
FNH:1
FNDA:0,(anonymous_0)
FNDA:0,(anonymous_1)
FNDA:4,(anonymous_2)
FNDA:0,(anonymous_3)
FNDA:0,(anonymous_4)
DA:5,41
DA:6,0
DA:7,0
DA:9,0
DA:10,0
DA:18,0
DA:19,0
DA:20,0
DA:22,0
DA:26,0
DA:36,41
DA:37,0
DA:39,0
DA:42,0
DA:44,0
DA:49,41
DA:50,4
DA:51,4
DA:52,4
DA:55,4
DA:56,1
DA:60,3
DA:63,3
DA:64,1
DA:73,2
DA:79,1
DA:81,1
DA:85,1
DA:94,41
DA:95,0
DA:96,0
DA:97,0
DA:99,0
DA:103,0
DA:104,0
DA:107,0
DA:108,0
DA:110,0
DA:114,0
DA:123,41
DA:124,0
DA:125,0
DA:127,0
DA:131,0
DA:132,0
DA:135,0
DA:136,0
DA:140,0
LF:48
LH:17
BRDA:55,0,0,1
BRDA:55,0,1,3
BRDA:55,1,0,4
BRDA:55,1,1,3
BRDA:55,1,2,3
BRDA:55,1,3,3
BRDA:63,2,0,1
BRDA:63,2,1,2
BRDA:103,3,0,0
BRDA:103,3,1,0
BRDA:131,4,0,0
BRDA:131,4,1,0
BRF:12
BRH:8
end_of_record
TN:
SF:src/controllers/paymentDetail.controller.js
FN:6,(anonymous_0)
FN:26,(anonymous_1)
FN:84,(anonymous_2)
FN:109,(anonymous_3)
FN:168,(anonymous_4)
FNF:5
FNH:5
FNDA:2,(anonymous_0)
FNDA:1,(anonymous_1)
FNDA:3,(anonymous_2)
FNDA:3,(anonymous_3)
FNDA:3,(anonymous_4)
DA:6,41
DA:7,2
DA:8,2
DA:16,1
DA:18,1
DA:19,1
DA:26,41
DA:27,1
DA:28,1
DA:30,1
DA:31,1
DA:37,0
DA:46,0
DA:64,0
DA:67,0
DA:68,0
DA:69,0
DA:71,0
DA:74,0
DA:76,0
DA:77,0
DA:84,41
DA:85,3
DA:86,3
DA:95,2
DA:96,1
DA:99,1
DA:101,1
DA:102,1
DA:109,41
DA:112,3
DA:113,3
DA:115,1
DA:118,2
DA:119,2
DA:122,2
DA:125,1
DA:126,0
DA:127,0
DA:128,0
DA:132,1
DA:133,0
DA:151,0
DA:152,0
DA:153,0
DA:154,0
DA:158,1
DA:160,1
DA:161,1
DA:168,41
DA:169,3
DA:170,3
DA:171,3
DA:172,1
DA:173,1
DA:175,2
LF:56
LH:38
BRDA:30,0,0,1
BRDA:30,0,1,0
BRDA:30,1,0,1
BRDA:30,1,1,1
BRDA:30,1,2,1
BRDA:30,1,3,0
BRDA:67,2,0,0
BRDA:67,2,1,0
BRDA:67,3,0,0
BRDA:67,3,1,0
BRDA:67,3,2,0
BRDA:95,4,0,1
BRDA:95,4,1,1
BRDA:125,5,0,0
BRDA:125,5,1,1
BRDA:127,6,0,0
BRDA:127,6,1,0
BRDA:132,7,0,0
BRDA:132,7,1,1
BRDA:151,8,0,0
BRDA:151,8,1,0
BRDA:151,9,0,0
BRDA:151,9,1,0
BRF:23
BRH:8
end_of_record
TN:
SF:src/controllers/review.controller.js
FN:7,(anonymous_0)
FN:37,(anonymous_1)
FN:66,(anonymous_2)
FN:79,(anonymous_3)
FN:142,(anonymous_4)
FN:183,(anonymous_5)
FN:211,(anonymous_6)
FN:244,(anonymous_7)
FN:253,(anonymous_8)
FN:268,(anonymous_9)
FNF:10
FNH:5
FNDA:2,(anonymous_0)
FNDA:0,(anonymous_1)
FNDA:3,(anonymous_2)
FNDA:2,(anonymous_3)
FNDA:3,(anonymous_4)
FNDA:2,(anonymous_5)
FNDA:0,(anonymous_6)
FNDA:0,(anonymous_7)
FNDA:0,(anonymous_8)
FNDA:0,(anonymous_9)
DA:7,41
DA:8,2
DA:9,2
DA:28,1
DA:30,1
DA:31,1
DA:37,41
DA:38,0
DA:39,0
DA:40,0
DA:56,0
DA:58,0
DA:59,0
DA:66,41
DA:69,3
DA:70,3
DA:71,1
DA:73,2
DA:79,41
DA:80,2
DA:81,2
DA:82,2
DA:83,2
DA:85,2
DA:86,2
DA:100,2
DA:102,2
DA:103,2
DA:104,2
DA:107,0
DA:114,0
DA:116,0
DA:117,0
DA:118,0
DA:121,0
DA:129,0
DA:131,0
DA:133,0
DA:134,0
DA:142,41
DA:145,3
DA:146,3
DA:147,3
DA:148,0
DA:151,3
DA:152,2
DA:153,0
DA:156,2
DA:157,1
DA:160,1
DA:161,1
DA:164,1
DA:165,1
DA:166,1
DA:167,0
DA:169,1
DA:176,1
DA:178,0
DA:179,0
DA:183,41
DA:184,2
DA:187,2
DA:188,2
DA:190,1
DA:191,0
DA:194,1
DA:195,1
DA:197,1
DA:198,0
DA:201,1
DA:202,1
DA:205,1
DA:206,1
DA:211,41
DA:212,0
DA:213,0
DA:216,0
DA:227,0
DA:229,0
DA:237,0
DA:238,0
DA:244,41
DA:245,0
DA:246,0
DA:247,0
DA:249,0
DA:250,0
DA:253,41
DA:254,0
DA:255,0
DA:257,0
DA:258,0
DA:261,0
DA:262,0
DA:264,0
DA:265,0
DA:268,41
DA:269,0
DA:270,0
DA:272,0
DA:273,0
DA:276,0
DA:277,0
DA:279,0
DA:280,0
LF:105
LH:54
BRDA:102,0,0,2
BRDA:102,0,1,0
BRDA:116,1,0,0
BRDA:116,1,1,0
BRDA:147,2,0,0
BRDA:147,2,1,3
BRDA:152,3,0,0
BRDA:152,3,1,2
BRDA:156,4,0,1
BRDA:156,4,1,1
BRDA:166,5,0,0
BRDA:166,5,1,1
BRDA:166,6,0,1
BRDA:166,6,1,1
BRDA:190,7,0,0
BRDA:190,7,1,1
BRDA:197,8,0,0
BRDA:197,8,1,1
BRDA:197,9,0,1
BRDA:197,9,1,0
BRDA:232,10,0,0
BRDA:232,10,1,0
BRDA:257,11,0,0
BRDA:257,11,1,0
BRDA:272,12,0,0
BRDA:272,12,1,0
BRF:26
BRH:11
end_of_record
TN:
SF:src/controllers/search.controller.js
FN:5,(anonymous_0)
FNF:1
FNH:0
FNDA:0,(anonymous_0)
DA:5,41
DA:6,0
DA:8,0
DA:9,0
DA:12,0
DA:14,0
DA:21,0
DA:22,0
DA:25,0
DA:27,0
DA:28,0
LF:11
LH:1
BRDA:8,0,0,0
BRDA:8,0,1,0
BRDA:21,1,0,0
BRDA:21,1,1,0
BRF:4
BRH:0
end_of_record
TN:
SF:src/controllers/user.controller.js
FN:9,(anonymous_0)
FN:64,(anonymous_1)
FN:70,(anonymous_2)
FN:84,(anonymous_3)
FN:85,(anonymous_4)
FN:129,(anonymous_5)
FN:141,(anonymous_6)
FN:187,(anonymous_7)
FN:197,(anonymous_8)
FN:209,(anonymous_9)
FN:239,(anonymous_10)
FN:256,(anonymous_11)
FN:293,(anonymous_12)
FN:328,(anonymous_13)
FN:346,(anonymous_14)
FNF:15
FNH:9
FNDA:3,(anonymous_0)
FNDA:1,(anonymous_1)
FNDA:1,(anonymous_2)
FNDA:0,(anonymous_3)
FNDA:0,(anonymous_4)
FNDA:0,(anonymous_5)
FNDA:1,(anonymous_6)
FNDA:2,(anonymous_7)
FNDA:3,(anonymous_8)
FNDA:3,(anonymous_9)
FNDA:3,(anonymous_10)
FNDA:5,(anonymous_11)
FNDA:0,(anonymous_12)
FNDA:0,(anonymous_13)
FNDA:0,(anonymous_14)
DA:9,41
DA:10,3
DA:13,3
DA:14,2
DA:20,1
DA:21,1
DA:23,0
DA:24,0
DA:27,1
DA:28,0
DA:32,1
DA:33,1
DA:34,1
DA:41,0
DA:45,0
DA:48,0
DA:51,0
DA:58,0
DA:64,41
DA:65,1
DA:66,1
DA:70,41
DA:71,1
DA:72,1
DA:76,41
DA:84,41
DA:85,0
DA:86,0
DA:122,0
DA:129,0
DA:130,0
DA:131,0
DA:132,0
DA:134,0
DA:135,0
DA:141,41
DA:142,1
DA:143,1
DA:146,1
DA:147,0
DA:151,1
DA:152,0
DA:156,1
DA:157,1
DA:158,0
DA:162,1
DA:163,1
DA:166,0
DA:170,0
DA:173,0
DA:175,0
DA:181,1
DA:182,1
DA:187,41
DA:189,2
DA:190,2
DA:191,1
DA:193,1
DA:197,41
DA:198,3
DA:199,3
DA:200,3
DA:201,2
DA:202,1
DA:204,1
DA:205,1
DA:209,41
DA:211,3
DA:213,3
DA:215,3
DA:217,2
DA:220,1
DA:222,1
DA:224,0
DA:228,1
DA:230,1
DA:235,0
DA:236,0
DA:239,41
DA:242,3
DA:243,3
DA:245,1
DA:251,2
DA:253,1
DA:256,41
DA:260,5
DA:262,5
DA:263,1
DA:268,4
DA:269,4
DA:271,1
DA:276,3
DA:277,3
DA:279,2
DA:282,1
DA:283,1
DA:284,1
DA:286,0
DA:287,0
DA:293,41
DA:294,0
DA:297,0
DA:299,0
DA:301,0
DA:302,0
DA:305,0
DA:308,0
DA:310,0
DA:312,0
DA:316,0
DA:318,0
DA:323,0
DA:324,0
DA:328,41
DA:329,0
DA:330,0
DA:331,0
DA:335,0
DA:336,0
DA:339,0
DA:341,0
DA:342,0
DA:346,41
DA:347,0
DA:348,0
DA:349,0
DA:351,0
DA:352,0
DA:353,0
DA:357,0
DA:364,0
DA:366,0
DA:367,0
LF:133
LH:73
BRDA:13,0,0,2
BRDA:13,0,1,1
BRDA:13,1,0,3
BRDA:13,1,1,3
BRDA:27,2,0,0
BRDA:27,2,1,1
BRDA:33,3,0,1
BRDA:33,3,1,0
BRDA:130,4,0,0
BRDA:130,4,1,0
BRDA:146,5,0,0
BRDA:146,5,1,1
BRDA:151,6,0,0
BRDA:151,6,1,1
BRDA:157,7,0,0
BRDA:157,7,1,1
BRDA:201,8,0,1
BRDA:201,8,1,1
BRDA:217,9,0,2
BRDA:217,9,1,0
BRDA:217,10,0,2
BRDA:217,10,1,0
BRDA:222,11,0,0
BRDA:222,11,1,1
BRDA:251,12,0,1
BRDA:251,12,1,1
BRDA:262,13,0,1
BRDA:262,13,1,4
BRDA:301,14,0,0
BRDA:301,14,1,0
BRDA:310,15,0,0
BRDA:310,15,1,0
BRDA:335,16,0,0
BRDA:335,16,1,0
BRDA:352,17,0,0
BRDA:352,17,1,0
BRDA:358,18,0,0
BRDA:358,18,1,0
BRDA:359,19,0,0
BRDA:359,19,1,0
BRDA:360,20,0,0
BRDA:360,20,1,0
BRF:42
BRH:18
end_of_record
TN:
SF:src/controllers/userPreference.controller.js
FN:5,(anonymous_0)
FN:25,(anonymous_1)
FNF:2
FNH:0
FNDA:0,(anonymous_0)
FNDA:0,(anonymous_1)
DA:5,41
DA:6,0
DA:8,0
DA:9,0
DA:11,0
DA:12,0
DA:13,0
DA:15,0
DA:18,0
DA:20,0
DA:21,0
DA:25,41
DA:26,0
DA:28,0
DA:29,0
DA:31,0
DA:32,0
DA:34,0
DA:37,0
DA:38,0
LF:20
LH:2
BRDA:11,0,0,0
BRDA:11,0,1,0
BRDA:31,1,0,0
BRDA:31,1,1,0
BRF:4
BRH:0
end_of_record
TN:
SF:src/models/adresse.model.js
FN:1,(anonymous_0)
FNF:1
FNH:1
FNDA:41,(anonymous_0)
DA:2,41
DA:61,41
LF:2
LH:2
BRF:0
BRH:0
end_of_record
TN:
SF:src/models/article.model.js
FN:1,(anonymous_0)
FNF:1
FNH:1
FNDA:41,(anonymous_0)
DA:2,41
LF:1
LH:1
BRF:0
BRH:0
end_of_record
TN:
SF:src/models/cart.model.js
FN:1,(anonymous_0)
FN:18,(anonymous_1)
FNF:2
FNH:2
FNDA:41,(anonymous_0)
FNDA:6,(anonymous_1)
DA:2,41
DA:19,6
DA:20,6
DA:27,41
LF:4
LH:4
BRF:0
BRH:0
end_of_record
TN:
SF:src/models/cartItem.model.js
FN:1,(anonymous_0)
FNF:1
FNH:1
FNDA:41,(anonymous_0)
DA:2,41
DA:33,41
LF:2
LH:2
BRF:0
BRH:0
end_of_record
TN:
SF:src/models/catégories.model.js
FN:1,(anonymous_0)
FNF:1
FNH:1
FNDA:41,(anonymous_0)
DA:2,41
LF:1
LH:1
BRF:0
BRH:0
end_of_record
TN:
SF:src/models/favorie.model.js
FN:3,(anonymous_0)
FNF:1
FNH:1
FNDA:41,(anonymous_0)
DA:4,41
LF:1
LH:1
BRF:0
BRH:0
end_of_record
TN:
SF:src/models/index.js
FN:146,(anonymous_0)
FN:175,(anonymous_1)
FN:184,(anonymous_2)
FN:193,(anonymous_3)
FN:202,(anonymous_4)
FN:211,(anonymous_5)
FN:220,(anonymous_6)
FN:229,(anonymous_7)
FN:238,(anonymous_8)
FN:247,(anonymous_9)
FN:256,(anonymous_10)
FN:265,(anonymous_11)
FN:274,(anonymous_12)
FN:283,(anonymous_13)
FNF:14
FNH:1
FNDA:39,(anonymous_0)
FNDA:0,(anonymous_1)
FNDA:0,(anonymous_2)
FNDA:0,(anonymous_3)
FNDA:0,(anonymous_4)
FNDA:0,(anonymous_5)
FNDA:0,(anonymous_6)
FNDA:0,(anonymous_7)
FNDA:0,(anonymous_8)
FNDA:0,(anonymous_9)
FNDA:0,(anonymous_10)
FNDA:0,(anonymous_11)
FNDA:0,(anonymous_12)
FNDA:0,(anonymous_13)
DA:19,41
DA:24,41
DA:26,41
DA:32,0
DA:34,0
DA:35,0
DA:45,0
DA:47,0
DA:50,0
DA:61,0
DA:69,41
DA:70,41
DA:71,41
DA:72,41
DA:73,41
DA:74,41
DA:75,41
DA:76,41
DA:77,41
DA:78,41
DA:79,41
DA:81,41
DA:95,41
DA:98,41
DA:99,41
DA:101,41
DA:102,41
DA:104,41
DA:105,41
DA:107,41
DA:108,41
DA:110,41
DA:111,41
DA:113,41
DA:114,41
DA:116,41
DA:117,41
DA:119,41
DA:120,41
DA:122,41
DA:123,41
DA:125,41
DA:126,41
DA:128,41
DA:129,41
DA:132,41
DA:133,41
DA:135,41
DA:136,41
DA:140,41
DA:141,41
DA:143,41
DA:144,41
DA:146,41
DA:147,39
DA:148,39
DA:149,39
DA:152,39
DA:153,39
DA:154,39
DA:155,39
DA:156,39
DA:157,39
DA:158,39
DA:159,39
DA:160,39
DA:161,39
DA:162,39
DA:164,39
DA:166,0
DA:175,41
DA:176,0
DA:177,0
DA:178,0
DA:180,0
DA:184,41
DA:185,0
DA:186,0
DA:187,0
DA:189,0
DA:193,41
DA:194,0
DA:195,0
DA:196,0
DA:198,0
DA:202,41
DA:203,0
DA:204,0
DA:205,0
DA:207,0
DA:211,41
DA:212,0
DA:213,0
DA:214,0
DA:216,0
DA:220,41
DA:221,0
DA:222,0
DA:223,0
DA:225,0
DA:229,41
DA:230,0
DA:231,0
DA:232,0
DA:234,0
DA:238,41
DA:239,0
DA:240,0
DA:241,0
DA:243,0
DA:247,41
DA:248,0
DA:249,0
DA:250,0
DA:252,0
DA:256,41
DA:257,0
DA:258,0
DA:259,0
DA:261,0
DA:265,41
DA:266,0
DA:267,0
DA:268,0
DA:270,0
DA:274,41
DA:275,0
DA:276,0
DA:277,0
DA:279,0
DA:283,41
DA:284,0
DA:285,0
DA:288,0
DA:289,0
DA:290,0
DA:291,0
DA:292,0
DA:293,0
DA:294,0
DA:295,0
DA:296,0
DA:297,0
DA:298,0
DA:299,0
DA:300,0
DA:302,0
DA:304,0
DA:310,41
DA:311,0
LF:150
LH:76
BRDA:24,0,0,41
BRDA:24,0,1,0
BRDA:32,1,0,0
BRDA:32,1,1,0
BRDA:34,2,0,0
BRDA:34,2,1,0
BRDA:40,3,0,0
BRDA:40,3,1,0
BRDA:45,4,0,0
BRDA:45,4,1,0
BRDA:55,5,0,0
BRDA:55,5,1,0
BRDA:310,6,0,0
BRDA:310,6,1,41
BRF:14
BRH:2
end_of_record
TN:
SF:src/models/orderDetails.model.js
FN:1,(anonymous_0)
FNF:1
FNH:1
FNDA:41,(anonymous_0)
DA:2,41
LF:1
LH:1
BRF:0
BRH:0
end_of_record
TN:
SF:src/models/orderItem.model.js
FN:1,(anonymous_0)
FNF:1
FNH:1
FNDA:41,(anonymous_0)
DA:2,41
LF:1
LH:1
BRF:0
BRH:0
end_of_record
TN:
SF:src/models/paymentDetail.model.js
FN:1,(anonymous_0)
FNF:1
FNH:1
FNDA:41,(anonymous_0)
DA:2,41
LF:1
LH:1
BRF:0
BRH:0
end_of_record
TN:
SF:src/models/review.model.js
FN:3,(anonymous_0)
FNF:1
FNH:1
FNDA:41,(anonymous_0)
DA:4,41
DA:48,41
LF:2
LH:2
BRF:0
BRH:0
end_of_record
TN:
SF:src/models/user.model.js
FN:1,(anonymous_0)
FNF:1
FNH:1
FNDA:41,(anonymous_0)
DA:2,41
LF:1
LH:1
BRF:0
BRH:0
end_of_record
TN:
SF:src/models/userPreference.model.js
FN:3,(anonymous_0)
FNF:1
FNH:1
FNDA:41,(anonymous_0)
DA:4,41
LF:1
LH:1
BRF:0
BRH:0
end_of_record
TN:
SF:src/routes/admin.js
FN:12,(anonymous_0)
FNF:1
FNH:0
FNDA:0,(anonymous_0)
DA:9,41
DA:10,41
DA:12,41
DA:14,0
DA:15,0
DA:16,0
DA:19,0
DA:20,0
DA:24,0
DA:25,0
DA:28,0
LF:11
LH:3
BRF:0
BRH:0
end_of_record
TN:
SF:src/routes/adresse.js
FNF:0
FNH:0
DA:5,41
DA:7,41
DA:8,41
DA:9,41
DA:10,41
DA:11,41
LF:6
LH:6
BRF:0
BRH:0
end_of_record
TN:
SF:src/routes/article.js
FNF:0
FNH:0
DA:104,41
DA:112,41
DA:120,41
DA:128,41
DA:136,41
DA:144,41
DA:153,41
DA:161,41
DA:163,41
LF:9
LH:9
BRF:0
BRH:0
end_of_record
TN:
SF:src/routes/auth2FA.js
FNF:0
FNH:0
DA:5,41
DA:8,41
DA:11,41
DA:14,41
DA:17,41
LF:5
LH:5
BRF:0
BRH:0
end_of_record
TN:
SF:src/routes/cantacte.js
FNF:0
FNH:0
DA:4,41
DA:7,41
LF:2
LH:2
BRF:0
BRH:0
end_of_record
TN:
SF:src/routes/cart.js
FNF:0
FNH:0
DA:5,41
DA:63,41
DA:102,41
DA:130,41
LF:4
LH:4
BRF:0
BRH:0
end_of_record
TN:
SF:src/routes/cartItem.js
FNF:0
FNH:0
DA:5,41
DA:45,41
DA:89,41
DA:127,41
DA:166,41
DA:194,41
DA:197,41
LF:7
LH:7
BRF:0
BRH:0
end_of_record
TN:
SF:src/routes/categorie.js
FNF:0
FNH:0
DA:6,41
DA:40,41
DA:80,41
DA:116,41
DA:157,41
DA:183,41
LF:6
LH:6
BRF:0
BRH:0
end_of_record
TN:
SF:src/routes/favorie.js
FNF:0
FNH:0
DA:13,41
DA:15,41
DA:16,41
DA:17,41
DA:18,41
DA:19,41
LF:6
LH:6
BRF:0
BRH:0
end_of_record
TN:
SF:src/routes/logout.js
FN:27,(anonymous_0)
FNF:1
FNH:0
FNDA:0,(anonymous_0)
DA:3,41
DA:27,41
DA:29,0
DA:36,0
LF:4
LH:2
BRF:0
BRH:0
end_of_record
TN:
SF:src/routes/orderDetails.js
FNF:0
FNH:0
DA:12,41
DA:56,41
DA:106,41
DA:150,41
DA:194,41
DA:222,41
DA:223,41
LF:7
LH:7
BRF:0
BRH:0
end_of_record
TN:
SF:src/routes/orderItem.js
FNF:0
FNH:0
DA:11,41
DA:54,41
DA:103,41
DA:152,41
DA:196,41
DA:224,41
LF:6
LH:6
BRF:0
BRH:0
end_of_record
TN:
SF:src/routes/paymentDetail.js
FNF:0
FNH:0
DA:11,41
DA:51,41
DA:97,41
DA:141,41
DA:185,41
DA:213,41
LF:6
LH:6
BRF:0
BRH:0
end_of_record
TN:
SF:src/routes/reset.js
FNF:0
FNH:0
DA:9,41
DA:12,41
DA:15,41
DA:18,41
LF:4
LH:4
BRF:0
BRH:0
end_of_record
TN:
SF:src/routes/review.js
FNF:0
FNH:0
DA:6,41
DA:46,41
DA:92,41
DA:135,41
DA:178,41
DA:206,41
DA:244,41
DA:246,41
DA:247,41
DA:250,41
DA:253,41
LF:11
LH:11
BRF:0
BRH:0
end_of_record
TN:
SF:src/routes/searche.js
FNF:0
FNH:0
DA:4,41
DA:7,41
LF:2
LH:2
BRF:0
BRH:0
end_of_record
TN:
SF:src/routes/stripe.js
FNF:0
FNH:0
DA:7,41
DA:10,41
LF:2
LH:2
BRF:0
BRH:0
end_of_record
TN:
SF:src/routes/stripewebhook.js
FN:7,(anonymous_0)
FN:47,(anonymous_1)
FNF:2
FNH:0
FNDA:0,(anonymous_0)
FNDA:0,(anonymous_1)
DA:5,41
DA:7,41
DA:8,0
DA:10,0
DA:14,0
DA:16,0
DA:18,0
DA:19,0
DA:23,0
DA:24,0
DA:26,0
DA:28,0
DA:30,0
DA:31,0
DA:32,0
DA:36,0
DA:41,0
DA:42,0
DA:43,0
DA:47,0
DA:48,0
DA:57,0
DA:65,0
DA:68,0
DA:70,0
DA:72,0
DA:75,0
DA:79,0
LF:28
LH:2
BRDA:23,0,0,0
BRDA:23,0,1,0
BRDA:30,1,0,0
BRDA:30,1,1,0
BRDA:41,2,0,0
BRDA:41,2,1,0
BRDA:41,3,0,0
BRDA:41,3,1,0
BRF:8
BRH:0
end_of_record
TN:
SF:src/routes/user.js
FNF:0
FNH:0
DA:17,41
DA:75,41
DA:78,41
DA:80,41
DA:82,41
DA:84,41
DA:86,41
DA:88,41
DA:90,41
DA:91,41
DA:92,41
LF:11
LH:11
BRF:0
BRH:0
end_of_record
TN:
SF:src/routes/userPreference.js
FNF:0
FNH:0
DA:6,41
DA:9,41
DA:12,41
LF:3
LH:3
BRF:0
BRH:0
end_of_record
TN:
SF:src/services/checkout.js
FN:4,(anonymous_0)
FNF:1
FNH:0
FNDA:0,(anonymous_0)
DA:4,41
DA:5,0
DA:7,0
DA:8,0
DA:9,0
DA:10,0
DA:12,0
LF:7
LH:1
BRDA:7,0,0,0
BRDA:7,0,1,0
BRDA:9,1,0,0
BRDA:9,1,1,0
BRF:4
BRH:0
end_of_record
TN:
SF:src/services/cheque.js
FN:5,(anonymous_0)
FN:36,(anonymous_1)
FN:41,(anonymous_2)
FNF:3
FNH:0
FNDA:0,(anonymous_0)
FNDA:0,(anonymous_1)
FNDA:0,(anonymous_2)
DA:5,41
DA:6,0
DA:7,0
DA:8,0
DA:9,0
DA:12,0
DA:13,0
DA:15,0
DA:16,0
DA:17,0
DA:20,0
DA:29,0
DA:30,0
DA:34,0
DA:36,0
DA:41,0
DA:42,0
DA:50,0
DA:58,0
DA:62,0
DA:63,0
LF:21
LH:1
BRDA:8,0,0,0
BRDA:8,0,1,0
BRDA:16,1,0,0
BRDA:16,1,1,0
BRDA:29,2,0,0
BRDA:29,2,1,0
BRDA:29,3,0,0
BRDA:29,3,1,0
BRF:8
BRH:0
end_of_record
TN:
SF:src/services/service.js
FN:4,(anonymous_0)
FN:26,(anonymous_1)
FN:43,(anonymous_2)
FN:72,(anonymous_3)
FNF:4
FNH:4
FNDA:7,(anonymous_0)
FNDA:4,(anonymous_1)
FNDA:49,(anonymous_2)
FNDA:3,(anonymous_3)
DA:4,41
DA:7,7
DA:9,0
DA:14,7
DA:15,7
DA:17,2
DA:22,5
DA:26,41
DA:29,4
DA:31,4
DA:35,2
DA:40,2
DA:43,41
DA:46,49
DA:47,49
DA:49,9
DA:50,9
DA:55,40
DA:56,16
DA:57,16
DA:61,24
DA:62,24
DA:72,41
DA:73,3
DA:74,3
DA:75,1
DA:76,1
DA:78,2
DA:79,2
LF:29
LH:28
BRDA:7,0,0,0
BRDA:7,0,1,7
BRDA:7,1,0,7
BRDA:7,1,1,2
BRDA:18,2,0,2
BRDA:18,2,1,1
BRDA:36,3,0,2
BRDA:36,3,1,2
BRDA:43,4,0,49
BRDA:51,5,0,9
BRDA:51,5,1,9
BRDA:55,6,0,16
BRDA:55,6,1,24
BRDA:81,7,0,2
BRDA:81,7,1,2
BRF:15
BRH:14
end_of_record
TN:
SF:src/services/stripe.js
FNF:0
FNH:0
DA:4,41
LF:1
LH:1
BRF:0
BRH:0
end_of_record
TN:
SF:src/services/stripecheckout.js
FN:6,(anonymous_0)
FN:44,(anonymous_1)
FN:50,(anonymous_2)
FNF:3
FNH:0
FNDA:0,(anonymous_0)
FNDA:0,(anonymous_1)
FNDA:0,(anonymous_2)
DA:6,41
DA:7,0
DA:8,0
DA:10,0
DA:12,0
DA:13,0
DA:17,0
DA:18,0
DA:21,0
DA:22,0
DA:23,0
DA:24,0
DA:28,0
DA:37,0
DA:38,0
DA:41,0
DA:44,0
DA:45,0
DA:48,0
DA:50,0
DA:70,0
DA:72,0
DA:74,0
DA:75,0
LF:24
LH:1
BRDA:10,0,0,0
BRDA:10,0,1,0
BRDA:12,1,0,0
BRDA:12,1,1,0
BRDA:22,2,0,0
BRDA:22,2,1,0
BRDA:23,3,0,0
BRDA:23,3,1,0
BRDA:37,4,0,0
BRDA:37,4,1,0
BRDA:37,5,0,0
BRDA:37,5,1,0
BRDA:55,6,0,0
BRDA:55,6,1,0
BRDA:56,7,0,0
BRDA:56,7,1,0
BRF:16
BRH:0
end_of_record
TN:
SF:src/utils/cart.util.js
FN:3,(anonymous_0)
FN:17,(anonymous_1)
FNF:2
FNH:2
FNDA:5,(anonymous_0)
FNDA:7,(anonymous_1)
DA:3,41
DA:4,5
DA:6,5
DA:17,7
DA:18,5
DA:21,5
DA:23,0
DA:24,0
LF:8
LH:6
BRF:0
BRH:0
end_of_record
TN:
SF:src/utils/totp.js
FN:10,(anonymous_0)
FNF:1
FNH:0
FNDA:0,(anonymous_0)
DA:10,41
DA:11,0
DA:18,0
DA:19,0
DA:22,0
LF:5
LH:1
BRDA:18,0,0,0
BRDA:18,0,1,0
BRF:2
BRH:0
end_of_record
